#
# There is insufficient memory for the Java Runtime Environment to continue.
# Native memory allocation (mmap) failed to map 39845888 bytes. Error detail: G1 virtual space
# Possible reasons:
#   The system is out of physical RAM or swap space
#   This process is running with CompressedOops enabled, and the Java Heap may be blocking the growth of the native heap
# Possible solutions:
#   Reduce memory load on the system
#   Increase physical memory or swap space
#   Check if swap backing store is full
#   Decrease Java heap size (-Xmx/-Xms)
#   Decrease number of Java threads
#   Decrease Java thread stack sizes (-Xss)
#   Set larger code cache with -XX:ReservedCodeCacheSize=
#   JVM is running with Unscaled Compressed Oops mode in which the Java heap is
#     placed in the first 4GB address space. The Java Heap base address is the
#     maximum limit for the native heap growth. Please use -XX:HeapBaseMinAddress
#     to set the Java Heap base and to place the Java Heap above 4GB virtual address.
# This output file may be truncated or incomplete.
#
#  Out of Memory Error (os_windows.cpp:3815), pid=19896, tid=2600
#
# JRE version: OpenJDK Runtime Environment (21.0.3) (build 21.0.3+-12282718-b509.11)
# Java VM: OpenJDK 64-Bit Server VM (21.0.3+-12282718-b509.11, mixed mode, tiered, compressed oops, compressed class ptrs, g1 gc, windows-amd64)
# No core dump will be written. Minidumps are not enabled by default on client versions of Windows
#

---------------  S U M M A R Y ------------

Command Line: org.jetbrains.kotlin.cli.jvm.K2JVMCompiler @C:\Users\Gbolzyb\AndroidStudioProjects\MADProject\app\build\20250307_5035399808527245627.compiler.options

Host: AMD Ryzen 7 4800H with Radeon Graphics         , 16 cores, 7G,  Windows 10 , 64 bit Build 19041 (10.0.19041.5198)
Time: Fri Mar  7 17:59:28 2025 GMT Standard Time elapsed time: 47.565790 seconds (0d 0h 0m 47s)

---------------  T H R E A D  ---------------

Current thread (0x0000028c98440130):  VMThread "VM Thread"          [id=2600, stack(0x000000b9f4e00000,0x000000b9f4f00000) (1024K)]

Stack: [0x000000b9f4e00000,0x000000b9f4f00000]
Native frames: (J=compiled Java code, j=interpreted, Vv=VM code, C=native code)
V  [jvm.dll+0x6cafb9]
V  [jvm.dll+0x858523]
V  [jvm.dll+0x85aa7e]
V  [jvm.dll+0x85b163]
V  [jvm.dll+0x27d356]
V  [jvm.dll+0x6c7865]
V  [jvm.dll+0x6bbd3a]
V  [jvm.dll+0x35199b]
V  [jvm.dll+0x3595d6]
V  [jvm.dll+0x3aa826]
V  [jvm.dll+0x3aaaf8]
V  [jvm.dll+0x3240bc]
V  [jvm.dll+0x324147]
V  [jvm.dll+0x36a00c]
V  [jvm.dll+0x36879e]
V  [jvm.dll+0x3237c1]
V  [jvm.dll+0x367eb0]
V  [jvm.dll+0x860ac8]
V  [jvm.dll+0x861bc4]
V  [jvm.dll+0x862100]
V  [jvm.dll+0x862393]
V  [jvm.dll+0x800d78]
V  [jvm.dll+0x6c98cd]
C  [ucrtbase.dll+0x21bb2]
C  [KERNEL32.DLL+0x17374]
C  [ntdll.dll+0x4cc91]

VM_Operation (0x000000b9f47f1d40): G1CollectForAllocation, mode: safepoint, requested by thread 0x0000028cfe13cee0


---------------  P R O C E S S  ---------------

Threads class SMR info:
_java_thread_list=0x0000028c986340c0, length=11, elements={
0x0000028cfe13cee0, 0x0000028c9848bba0, 0x0000028c98498b40, 0x0000028c9849cae0,
0x0000028c9849d540, 0x0000028c9849dfa0, 0x0000028c984a6c90, 0x0000028c984aaf20,
0x0000028c984bd9f0, 0x0000028c98658680, 0x0000028c98658eb0
}

Java Threads: ( => current thread )
  0x0000028cfe13cee0 JavaThread "main"                              [_thread_blocked, id=21668, stack(0x000000b9f4700000,0x000000b9f4800000) (1024K)]
  0x0000028c9848bba0 JavaThread "Reference Handler"          daemon [_thread_blocked, id=19348, stack(0x000000b9f4f00000,0x000000b9f5000000) (1024K)]
  0x0000028c98498b40 JavaThread "Finalizer"                  daemon [_thread_blocked, id=21656, stack(0x000000b9f5000000,0x000000b9f5100000) (1024K)]
  0x0000028c9849cae0 JavaThread "Signal Dispatcher"          daemon [_thread_blocked, id=6764, stack(0x000000b9f5100000,0x000000b9f5200000) (1024K)]
  0x0000028c9849d540 JavaThread "Attach Listener"            daemon [_thread_blocked, id=25684, stack(0x000000b9f5200000,0x000000b9f5300000) (1024K)]
  0x0000028c9849dfa0 JavaThread "Service Thread"             daemon [_thread_blocked, id=5180, stack(0x000000b9f5300000,0x000000b9f5400000) (1024K)]
  0x0000028c984a6c90 JavaThread "Monitor Deflation Thread"   daemon [_thread_blocked, id=24116, stack(0x000000b9f5400000,0x000000b9f5500000) (1024K)]
  0x0000028c984aaf20 JavaThread "C2 CompilerThread0"         daemon [_thread_blocked, id=26684, stack(0x000000b9f5500000,0x000000b9f5600000) (1024K)]
  0x0000028c984bd9f0 JavaThread "C1 CompilerThread0"         daemon [_thread_blocked, id=25536, stack(0x000000b9f5600000,0x000000b9f5700000) (1024K)]
  0x0000028c98658680 JavaThread "Notification Thread"        daemon [_thread_blocked, id=21944, stack(0x000000b9f5700000,0x000000b9f5800000) (1024K)]
  0x0000028c98658eb0 JavaThread "Common-Cleaner"             daemon [_thread_blocked, id=15032, stack(0x000000b9f5800000,0x000000b9f5900000) (1024K)]
Total: 11

Other Threads:
=>0x0000028c98440130 VMThread "VM Thread"                           [id=2600, stack(0x000000b9f4e00000,0x000000b9f4f00000) (1024K)]
  0x0000028c98275f70 WatcherThread "VM Periodic Task Thread"        [id=23628, stack(0x000000b9f4d00000,0x000000b9f4e00000) (1024K)]
  0x0000028cfe43b230 WorkerThread "GC Thread#0"                     [id=21916, stack(0x000000b9f4800000,0x000000b9f4900000) (1024K)]
  0x0000028c9d577240 WorkerThread "GC Thread#1"                     [id=23020, stack(0x000000b9f5900000,0x000000b9f5a00000) (1024K)]
  0x0000028c9d5f2550 WorkerThread "GC Thread#2"                     [id=22604, stack(0x000000b9f5a00000,0x000000b9f5b00000) (1024K)]
  0x0000028c9d5f28f0 WorkerThread "GC Thread#3"                     [id=25080, stack(0x000000b9f5b00000,0x000000b9f5c00000) (1024K)]
  0x0000028c9d5af380 WorkerThread "GC Thread#4"                     [id=32, stack(0x000000b9f5c00000,0x000000b9f5d00000) (1024K)]
  0x0000028c9d6e6fb0 WorkerThread "GC Thread#5"                     [id=4772, stack(0x000000b9f5d00000,0x000000b9f5e00000) (1024K)]
  0x0000028c9dbcb5e0 WorkerThread "GC Thread#6"                     [id=27156, stack(0x000000b9f5e00000,0x000000b9f5f00000) (1024K)]
  0x0000028c9dbccba0 WorkerThread "GC Thread#7"                     [id=27432, stack(0x000000b9f5f00000,0x000000b9f6000000) (1024K)]
  0x0000028c9dbcb980 WorkerThread "GC Thread#8"                     [id=7820, stack(0x000000b9f6000000,0x000000b9f6100000) (1024K)]
  0x0000028c9dbcc800 WorkerThread "GC Thread#9"                     [id=23820, stack(0x000000b9f6300000,0x000000b9f6400000) (1024K)]
  0x0000028c9dbcd2e0 WorkerThread "GC Thread#10"                    [id=1352, stack(0x000000b9f6400000,0x000000b9f6500000) (1024K)]
  0x0000028c9dbccf40 WorkerThread "GC Thread#11"                    [id=16800, stack(0x000000b9f6500000,0x000000b9f6600000) (1024K)]
  0x0000028c9dbcab00 WorkerThread "GC Thread#12"                    [id=26968, stack(0x000000b9f6600000,0x000000b9f6700000) (1024K)]
  0x0000028cfe44b8a0 ConcurrentGCThread "G1 Main Marker"            [id=24372, stack(0x000000b9f4900000,0x000000b9f4a00000) (1024K)]
  0x0000028cfe44c3a0 WorkerThread "G1 Conc#0"                       [id=25568, stack(0x000000b9f4a00000,0x000000b9f4b00000) (1024K)]
  0x0000028c9dbce500 WorkerThread "G1 Conc#1"                       [id=24912, stack(0x000000b9f6100000,0x000000b9f6200000) (1024K)]
  0x0000028c9dbcc460 WorkerThread "G1 Conc#2"                       [id=20348, stack(0x000000b9f6200000,0x000000b9f6300000) (1024K)]
  0x0000028c9814a510 ConcurrentGCThread "G1 Refine#0"               [id=25440, stack(0x000000b9f4b00000,0x000000b9f4c00000) (1024K)]
  0x0000028c9814ad30 ConcurrentGCThread "G1 Service"                [id=25592, stack(0x000000b9f4c00000,0x000000b9f4d00000) (1024K)]
Total: 21

Threads with active compile tasks:
C1 CompilerThread0    47649 7645       3       org.jetbrains.kotlin.serialization.deserialization.TypeDeserializer::typeArgument (144 bytes)
Total: 1

VM state: at safepoint (normal execution)

VM Mutex/Monitor currently owned by a thread:  ([mutex/lock_event])
[0x00007fff3ee820c8] Threads_lock - owner thread: 0x0000028c98440130
[0x00007fff3ee821c8] Heap_lock - owner thread: 0x0000028cfe13cee0

Heap address: 0x0000000089400000, size: 1900 MB, Compressed Oops mode: 32-bit

CDS archive(s) not mapped
Compressed class space mapped at: 0x0000000100000000-0x0000000140000000, reserved size: 1073741824
Narrow klass base: 0x0000000000000000, Narrow klass shift: 3, Narrow klass range: 0x140000000

GC Precious Log:
 CardTable entry size: 512
 Card Set container configuration: InlinePtr #cards 5 size 8 Array Of Cards #cards 12 size 40 Howl #buckets 4 coarsen threshold 1843 Howl Bitmap #cards 512 size 80 coarsen threshold 460 Card regions per heap region 1 cards per card region 2048
 CPUs: 16 total, 16 available
 Memory: 7599M
 Large Page Support: Disabled
 NUMA Support: Disabled
 Compressed Oops: Enabled (32-bit)
 Heap Region Size: 1M
 Heap Min Capacity: 8M
 Heap Initial Capacity: 120M
 Heap Max Capacity: 1900M
 Pre-touch: Disabled
 Parallel Workers: 13
 Concurrent Workers: 3
 Concurrent Refinement Workers: 13
 Periodic GC: Disabled

Heap:
 garbage-first heap   total 157696K, used 48086K [0x0000000089400000, 0x0000000100000000)
  region size 1024K, 1 young (1024K), 1 survivors (1024K)
 Metaspace       used 60130K, committed 60864K, reserved 1114112K
  class space    used 7026K, committed 7360K, reserved 1048576K

Heap Regions: E=young(eden), S=young(survivor), O=old, HS=humongous(starts), HC=humongous(continues), CS=collection set, F=free, TAMS=top-at-mark-start, PB=parsable bottom
|   0|0x0000000089400000, 0x0000000089500000, 0x0000000089500000|100%|HS|  |TAMS 0x0000000089400000| PB 0x0000000089400000| Complete 
|   1|0x0000000089500000, 0x0000000089600000, 0x0000000089600000|100%|HC|  |TAMS 0x0000000089500000| PB 0x0000000089500000| Complete 
|   2|0x0000000089600000, 0x0000000089700000, 0x0000000089700000|100%|HC|  |TAMS 0x0000000089600000| PB 0x0000000089600000| Complete 
|   3|0x0000000089700000, 0x0000000089800000, 0x0000000089800000|100%|HC|  |TAMS 0x0000000089700000| PB 0x0000000089700000| Complete 
|   4|0x0000000089800000, 0x0000000089900000, 0x0000000089900000|100%| O|  |TAMS 0x0000000089800000| PB 0x0000000089800000| Untracked 
|   5|0x0000000089900000, 0x0000000089a00000, 0x0000000089a00000|100%| O|  |TAMS 0x0000000089900000| PB 0x0000000089900000| Untracked 
|   6|0x0000000089a00000, 0x0000000089b00000, 0x0000000089b00000|100%| O|  |TAMS 0x0000000089a00000| PB 0x0000000089a00000| Untracked 
|   7|0x0000000089b00000, 0x0000000089c00000, 0x0000000089c00000|100%| O|  |TAMS 0x0000000089b00000| PB 0x0000000089b00000| Untracked 
|   8|0x0000000089c00000, 0x0000000089d00000, 0x0000000089d00000|100%| O|  |TAMS 0x0000000089c00000| PB 0x0000000089c00000| Untracked 
|   9|0x0000000089d00000, 0x0000000089e00000, 0x0000000089e00000|100%| O|  |TAMS 0x0000000089d00000| PB 0x0000000089d00000| Untracked 
|  10|0x0000000089e00000, 0x0000000089f00000, 0x0000000089f00000|100%| O|  |TAMS 0x0000000089e00000| PB 0x0000000089e00000| Untracked 
|  11|0x0000000089f00000, 0x000000008a000000, 0x000000008a000000|100%| O|  |TAMS 0x0000000089f00000| PB 0x0000000089f00000| Untracked 
|  12|0x000000008a000000, 0x000000008a100000, 0x000000008a100000|100%| O|  |TAMS 0x000000008a000000| PB 0x000000008a000000| Untracked 
|  13|0x000000008a100000, 0x000000008a200000, 0x000000008a200000|100%| O|  |TAMS 0x000000008a100000| PB 0x000000008a100000| Untracked 
|  14|0x000000008a200000, 0x000000008a300000, 0x000000008a300000|100%| O|  |TAMS 0x000000008a200000| PB 0x000000008a200000| Untracked 
|  15|0x000000008a300000, 0x000000008a400000, 0x000000008a400000|100%| O|  |TAMS 0x000000008a300000| PB 0x000000008a300000| Untracked 
|  16|0x000000008a400000, 0x000000008a500000, 0x000000008a500000|100%| O|  |TAMS 0x000000008a400000| PB 0x000000008a400000| Untracked 
|  17|0x000000008a500000, 0x000000008a600000, 0x000000008a600000|100%| O|  |TAMS 0x000000008a500000| PB 0x000000008a500000| Untracked 
|  18|0x000000008a600000, 0x000000008a700000, 0x000000008a700000|100%| O|  |TAMS 0x000000008a600000| PB 0x000000008a600000| Untracked 
|  19|0x000000008a700000, 0x000000008a800000, 0x000000008a800000|100%| O|  |TAMS 0x000000008a700000| PB 0x000000008a700000| Untracked 
|  20|0x000000008a800000, 0x000000008a900000, 0x000000008a900000|100%| O|  |TAMS 0x000000008a800000| PB 0x000000008a800000| Untracked 
|  21|0x000000008a900000, 0x000000008aa00000, 0x000000008aa00000|100%| O|  |TAMS 0x000000008a900000| PB 0x000000008a900000| Untracked 
|  22|0x000000008aa00000, 0x000000008ab00000, 0x000000008ab00000|100%|HS|  |TAMS 0x000000008aa00000| PB 0x000000008aa00000| Complete 
|  23|0x000000008ab00000, 0x000000008ac00000, 0x000000008ac00000|100%|HC|  |TAMS 0x000000008ab00000| PB 0x000000008ab00000| Complete 
|  24|0x000000008ac00000, 0x000000008ad00000, 0x000000008ad00000|100%| O|  |TAMS 0x000000008ac00000| PB 0x000000008ac00000| Untracked 
|  25|0x000000008ad00000, 0x000000008ae00000, 0x000000008ae00000|100%| O|  |TAMS 0x000000008ad00000| PB 0x000000008ad00000| Untracked 
|  26|0x000000008ae00000, 0x000000008af00000, 0x000000008af00000|100%| O|  |TAMS 0x000000008ae00000| PB 0x000000008ae00000| Untracked 
|  27|0x000000008af00000, 0x000000008b000000, 0x000000008b000000|100%| O|  |TAMS 0x000000008af00000| PB 0x000000008af00000| Untracked 
|  28|0x000000008b000000, 0x000000008b100000, 0x000000008b100000|100%| O|  |TAMS 0x000000008b000000| PB 0x000000008b000000| Untracked 
|  29|0x000000008b100000, 0x000000008b200000, 0x000000008b200000|100%| O|  |TAMS 0x000000008b100000| PB 0x000000008b100000| Untracked 
|  30|0x000000008b200000, 0x000000008b300000, 0x000000008b300000|100%| O|  |TAMS 0x000000008b200000| PB 0x000000008b200000| Untracked 
|  31|0x000000008b300000, 0x000000008b400000, 0x000000008b400000|100%| O|  |TAMS 0x000000008b300000| PB 0x000000008b300000| Untracked 
|  32|0x000000008b400000, 0x000000008b500000, 0x000000008b500000|100%| O|  |TAMS 0x000000008b400000| PB 0x000000008b400000| Untracked 
|  33|0x000000008b500000, 0x000000008b600000, 0x000000008b600000|100%| O|  |TAMS 0x000000008b500000| PB 0x000000008b500000| Untracked 
|  34|0x000000008b600000, 0x000000008b700000, 0x000000008b700000|100%| O|  |TAMS 0x000000008b600000| PB 0x000000008b600000| Untracked 
|  35|0x000000008b700000, 0x000000008b800000, 0x000000008b800000|100%| O|  |TAMS 0x000000008b700000| PB 0x000000008b700000| Untracked 
|  36|0x000000008b800000, 0x000000008b900000, 0x000000008b900000|100%| O|  |TAMS 0x000000008b800000| PB 0x000000008b800000| Untracked 
|  37|0x000000008b900000, 0x000000008ba00000, 0x000000008ba00000|100%| O|  |TAMS 0x000000008b900000| PB 0x000000008b900000| Untracked 
|  38|0x000000008ba00000, 0x000000008bb00000, 0x000000008bb00000|100%| O|  |TAMS 0x000000008ba00000| PB 0x000000008ba00000| Untracked 
|  39|0x000000008bb00000, 0x000000008bc00000, 0x000000008bc00000|100%| O|  |TAMS 0x000000008bb00000| PB 0x000000008bb00000| Untracked 
|  40|0x000000008bc00000, 0x000000008bd00000, 0x000000008bd00000|100%| O|  |TAMS 0x000000008bc00000| PB 0x000000008bc00000| Untracked 
|  41|0x000000008bd00000, 0x000000008be00000, 0x000000008be00000|100%| O|  |TAMS 0x000000008bd00000| PB 0x000000008bd00000| Untracked 
|  42|0x000000008be00000, 0x000000008bf00000, 0x000000008bf00000|100%| O|  |TAMS 0x000000008be00000| PB 0x000000008be00000| Untracked 
|  43|0x000000008bf00000, 0x000000008bf97c08, 0x000000008c000000| 59%| O|  |TAMS 0x000000008bf00000| PB 0x000000008bf00000| Untracked 
|  44|0x000000008c000000, 0x000000008c100000, 0x000000008c100000|100%| O|  |TAMS 0x000000008c000000| PB 0x000000008c000000| Untracked 
|  45|0x000000008c100000, 0x000000008c200000, 0x000000008c200000|100%| O|  |TAMS 0x000000008c100000| PB 0x000000008c100000| Untracked 
|  46|0x000000008c200000, 0x000000008c25dc00, 0x000000008c300000| 36%| O|  |TAMS 0x000000008c200000| PB 0x000000008c200000| Untracked 
|  47|0x000000008c300000, 0x000000008c300000, 0x000000008c400000|  0%| F|  |TAMS 0x000000008c300000| PB 0x000000008c300000| Untracked 
|  48|0x000000008c400000, 0x000000008c400000, 0x000000008c500000|  0%| F|  |TAMS 0x000000008c400000| PB 0x000000008c400000| Untracked 
|  49|0x000000008c500000, 0x000000008c500000, 0x000000008c600000|  0%| F|  |TAMS 0x000000008c500000| PB 0x000000008c500000| Untracked 
|  50|0x000000008c600000, 0x000000008c600000, 0x000000008c700000|  0%| F|  |TAMS 0x000000008c600000| PB 0x000000008c600000| Untracked 
|  51|0x000000008c700000, 0x000000008c700000, 0x000000008c800000|  0%| F|  |TAMS 0x000000008c700000| PB 0x000000008c700000| Untracked 
|  52|0x000000008c800000, 0x000000008c800000, 0x000000008c900000|  0%| F|  |TAMS 0x000000008c800000| PB 0x000000008c800000| Untracked 
|  53|0x000000008c900000, 0x000000008c900000, 0x000000008ca00000|  0%| F|  |TAMS 0x000000008c900000| PB 0x000000008c900000| Untracked 
|  54|0x000000008ca00000, 0x000000008ca00000, 0x000000008cb00000|  0%| F|  |TAMS 0x000000008ca00000| PB 0x000000008ca00000| Untracked 
|  55|0x000000008cb00000, 0x000000008cb00000, 0x000000008cc00000|  0%| F|  |TAMS 0x000000008cb00000| PB 0x000000008cb00000| Untracked 
|  56|0x000000008cc00000, 0x000000008cc00000, 0x000000008cd00000|  0%| F|  |TAMS 0x000000008cc00000| PB 0x000000008cc00000| Untracked 
|  57|0x000000008cd00000, 0x000000008cd00000, 0x000000008ce00000|  0%| F|  |TAMS 0x000000008cd00000| PB 0x000000008cd00000| Untracked 
|  58|0x000000008ce00000, 0x000000008ce00000, 0x000000008cf00000|  0%| F|  |TAMS 0x000000008ce00000| PB 0x000000008ce00000| Untracked 
|  59|0x000000008cf00000, 0x000000008cf00000, 0x000000008d000000|  0%| F|  |TAMS 0x000000008cf00000| PB 0x000000008cf00000| Untracked 
|  60|0x000000008d000000, 0x000000008d000000, 0x000000008d100000|  0%| F|  |TAMS 0x000000008d000000| PB 0x000000008d000000| Untracked 
|  61|0x000000008d100000, 0x000000008d100000, 0x000000008d200000|  0%| F|  |TAMS 0x000000008d100000| PB 0x000000008d100000| Untracked 
|  62|0x000000008d200000, 0x000000008d200000, 0x000000008d300000|  0%| F|  |TAMS 0x000000008d200000| PB 0x000000008d200000| Untracked 
|  63|0x000000008d300000, 0x000000008d300000, 0x000000008d400000|  0%| F|  |TAMS 0x000000008d300000| PB 0x000000008d300000| Untracked 
|  64|0x000000008d400000, 0x000000008d400000, 0x000000008d500000|  0%| F|  |TAMS 0x000000008d400000| PB 0x000000008d400000| Untracked 
|  65|0x000000008d500000, 0x000000008d500000, 0x000000008d600000|  0%| F|  |TAMS 0x000000008d500000| PB 0x000000008d500000| Untracked 
|  66|0x000000008d600000, 0x000000008d600000, 0x000000008d700000|  0%| F|  |TAMS 0x000000008d600000| PB 0x000000008d600000| Untracked 
|  67|0x000000008d700000, 0x000000008d700000, 0x000000008d800000|  0%| F|  |TAMS 0x000000008d700000| PB 0x000000008d700000| Untracked 
|  68|0x000000008d800000, 0x000000008d800000, 0x000000008d900000|  0%| F|  |TAMS 0x000000008d800000| PB 0x000000008d800000| Untracked 
|  69|0x000000008d900000, 0x000000008d900000, 0x000000008da00000|  0%| F|  |TAMS 0x000000008d900000| PB 0x000000008d900000| Untracked 
|  70|0x000000008da00000, 0x000000008da00000, 0x000000008db00000|  0%| F|  |TAMS 0x000000008da00000| PB 0x000000008da00000| Untracked 
|  71|0x000000008db00000, 0x000000008db00000, 0x000000008dc00000|  0%| F|  |TAMS 0x000000008db00000| PB 0x000000008db00000| Untracked 
|  72|0x000000008dc00000, 0x000000008dc00000, 0x000000008dd00000|  0%| F|  |TAMS 0x000000008dc00000| PB 0x000000008dc00000| Untracked 
|  73|0x000000008dd00000, 0x000000008dd00000, 0x000000008de00000|  0%| F|  |TAMS 0x000000008dd00000| PB 0x000000008dd00000| Untracked 
|  74|0x000000008de00000, 0x000000008de00000, 0x000000008df00000|  0%| F|  |TAMS 0x000000008de00000| PB 0x000000008de00000| Untracked 
|  75|0x000000008df00000, 0x000000008df00000, 0x000000008e000000|  0%| F|  |TAMS 0x000000008df00000| PB 0x000000008df00000| Untracked 
|  76|0x000000008e000000, 0x000000008e000000, 0x000000008e100000|  0%| F|  |TAMS 0x000000008e000000| PB 0x000000008e000000| Untracked 
|  77|0x000000008e100000, 0x000000008e100000, 0x000000008e200000|  0%| F|  |TAMS 0x000000008e100000| PB 0x000000008e100000| Untracked 
|  78|0x000000008e200000, 0x000000008e200000, 0x000000008e300000|  0%| F|  |TAMS 0x000000008e200000| PB 0x000000008e200000| Untracked 
|  79|0x000000008e300000, 0x000000008e300000, 0x000000008e400000|  0%| F|  |TAMS 0x000000008e300000| PB 0x000000008e300000| Untracked 
|  80|0x000000008e400000, 0x000000008e400000, 0x000000008e500000|  0%| F|  |TAMS 0x000000008e400000| PB 0x000000008e400000| Untracked 
|  81|0x000000008e500000, 0x000000008e500000, 0x000000008e600000|  0%| F|  |TAMS 0x000000008e500000| PB 0x000000008e500000| Untracked 
|  82|0x000000008e600000, 0x000000008e600000, 0x000000008e700000|  0%| F|  |TAMS 0x000000008e600000| PB 0x000000008e600000| Untracked 
|  83|0x000000008e700000, 0x000000008e700000, 0x000000008e800000|  0%| F|  |TAMS 0x000000008e700000| PB 0x000000008e700000| Untracked 
|  84|0x000000008e800000, 0x000000008e800000, 0x000000008e900000|  0%| F|  |TAMS 0x000000008e800000| PB 0x000000008e800000| Untracked 
|  85|0x000000008e900000, 0x000000008e900000, 0x000000008ea00000|  0%| F|  |TAMS 0x000000008e900000| PB 0x000000008e900000| Untracked 
|  86|0x000000008ea00000, 0x000000008ea00000, 0x000000008eb00000|  0%| F|  |TAMS 0x000000008ea00000| PB 0x000000008ea00000| Untracked 
|  87|0x000000008eb00000, 0x000000008eb00000, 0x000000008ec00000|  0%| F|  |TAMS 0x000000008eb00000| PB 0x000000008eb00000| Untracked 
|  88|0x000000008ec00000, 0x000000008ec00000, 0x000000008ed00000|  0%| F|  |TAMS 0x000000008ec00000| PB 0x000000008ec00000| Untracked 
|  89|0x000000008ed00000, 0x000000008ed00000, 0x000000008ee00000|  0%| F|  |TAMS 0x000000008ed00000| PB 0x000000008ed00000| Untracked 
|  90|0x000000008ee00000, 0x000000008ee00000, 0x000000008ef00000|  0%| F|  |TAMS 0x000000008ee00000| PB 0x000000008ee00000| Untracked 
|  91|0x000000008ef00000, 0x000000008ef00000, 0x000000008f000000|  0%| F|  |TAMS 0x000000008ef00000| PB 0x000000008ef00000| Untracked 
|  92|0x000000008f000000, 0x000000008f000000, 0x000000008f100000|  0%| F|  |TAMS 0x000000008f000000| PB 0x000000008f000000| Untracked 
|  93|0x000000008f100000, 0x000000008f100000, 0x000000008f200000|  0%| F|  |TAMS 0x000000008f100000| PB 0x000000008f100000| Untracked 
|  94|0x000000008f200000, 0x000000008f200000, 0x000000008f300000|  0%| F|  |TAMS 0x000000008f200000| PB 0x000000008f200000| Untracked 
|  95|0x000000008f300000, 0x000000008f300000, 0x000000008f400000|  0%| F|  |TAMS 0x000000008f300000| PB 0x000000008f300000| Untracked 
|  96|0x000000008f400000, 0x000000008f400000, 0x000000008f500000|  0%| F|  |TAMS 0x000000008f400000| PB 0x000000008f400000| Untracked 
|  97|0x000000008f500000, 0x000000008f500000, 0x000000008f600000|  0%| F|  |TAMS 0x000000008f500000| PB 0x000000008f500000| Untracked 
|  98|0x000000008f600000, 0x000000008f600000, 0x000000008f700000|  0%| F|  |TAMS 0x000000008f600000| PB 0x000000008f600000| Untracked 
|  99|0x000000008f700000, 0x000000008f700000, 0x000000008f800000|  0%| F|  |TAMS 0x000000008f700000| PB 0x000000008f700000| Untracked 
| 100|0x000000008f800000, 0x000000008f800000, 0x000000008f900000|  0%| F|  |TAMS 0x000000008f800000| PB 0x000000008f800000| Untracked 
| 101|0x000000008f900000, 0x000000008f900000, 0x000000008fa00000|  0%| F|  |TAMS 0x000000008f900000| PB 0x000000008f900000| Untracked 
| 102|0x000000008fa00000, 0x000000008fa00000, 0x000000008fb00000|  0%| F|  |TAMS 0x000000008fa00000| PB 0x000000008fa00000| Untracked 
| 103|0x000000008fb00000, 0x000000008fb00000, 0x000000008fc00000|  0%| F|  |TAMS 0x000000008fb00000| PB 0x000000008fb00000| Untracked 
| 104|0x000000008fc00000, 0x000000008fc00000, 0x000000008fd00000|  0%| F|  |TAMS 0x000000008fc00000| PB 0x000000008fc00000| Untracked 
| 105|0x000000008fd00000, 0x000000008fd00000, 0x000000008fe00000|  0%| F|  |TAMS 0x000000008fd00000| PB 0x000000008fd00000| Untracked 
| 106|0x000000008fe00000, 0x000000008fe00000, 0x000000008ff00000|  0%| F|  |TAMS 0x000000008fe00000| PB 0x000000008fe00000| Untracked 
| 107|0x000000008ff00000, 0x000000008ff00000, 0x0000000090000000|  0%| F|  |TAMS 0x000000008ff00000| PB 0x000000008ff00000| Untracked 
| 108|0x0000000090000000, 0x0000000090000000, 0x0000000090100000|  0%| F|  |TAMS 0x0000000090000000| PB 0x0000000090000000| Untracked 
| 109|0x0000000090100000, 0x0000000090100000, 0x0000000090200000|  0%| F|  |TAMS 0x0000000090100000| PB 0x0000000090100000| Untracked 
| 110|0x0000000090200000, 0x0000000090200000, 0x0000000090300000|  0%| F|  |TAMS 0x0000000090200000| PB 0x0000000090200000| Untracked 
| 111|0x0000000090300000, 0x0000000090300000, 0x0000000090400000|  0%| F|  |TAMS 0x0000000090300000| PB 0x0000000090300000| Untracked 
| 112|0x0000000090400000, 0x0000000090400000, 0x0000000090500000|  0%| F|  |TAMS 0x0000000090400000| PB 0x0000000090400000| Untracked 
| 113|0x0000000090500000, 0x0000000090500000, 0x0000000090600000|  0%| F|  |TAMS 0x0000000090500000| PB 0x0000000090500000| Untracked 
| 114|0x0000000090600000, 0x0000000090600000, 0x0000000090700000|  0%| F|  |TAMS 0x0000000090600000| PB 0x0000000090600000| Untracked 
| 115|0x0000000090700000, 0x0000000090700000, 0x0000000090800000|  0%| F|  |TAMS 0x0000000090700000| PB 0x0000000090700000| Untracked 
| 116|0x0000000090800000, 0x0000000090800000, 0x0000000090900000|  0%| F|  |TAMS 0x0000000090800000| PB 0x0000000090800000| Untracked 
| 117|0x0000000090900000, 0x0000000090900000, 0x0000000090a00000|  0%| F|  |TAMS 0x0000000090900000| PB 0x0000000090900000| Untracked 
| 118|0x0000000090a00000, 0x0000000090a00000, 0x0000000090b00000|  0%| F|  |TAMS 0x0000000090a00000| PB 0x0000000090a00000| Untracked 
| 119|0x0000000090b00000, 0x0000000090b00000, 0x0000000090c00000|  0%| F|  |TAMS 0x0000000090b00000| PB 0x0000000090b00000| Untracked 
| 120|0x0000000090c00000, 0x0000000090c00000, 0x0000000090d00000|  0%| F|  |TAMS 0x0000000090c00000| PB 0x0000000090c00000| Untracked 
| 121|0x0000000090d00000, 0x0000000090d00000, 0x0000000090e00000|  0%| F|  |TAMS 0x0000000090d00000| PB 0x0000000090d00000| Untracked 
| 122|0x0000000090e00000, 0x0000000090e00000, 0x0000000090f00000|  0%| F|  |TAMS 0x0000000090e00000| PB 0x0000000090e00000| Untracked 
| 123|0x0000000090f00000, 0x0000000090f00000, 0x0000000091000000|  0%| F|  |TAMS 0x0000000090f00000| PB 0x0000000090f00000| Untracked 
| 124|0x0000000091000000, 0x0000000091000000, 0x0000000091100000|  0%| F|  |TAMS 0x0000000091000000| PB 0x0000000091000000| Untracked 
| 125|0x0000000091100000, 0x0000000091100000, 0x0000000091200000|  0%| F|  |TAMS 0x0000000091100000| PB 0x0000000091100000| Untracked 
| 126|0x0000000091200000, 0x0000000091200000, 0x0000000091300000|  0%| F|  |TAMS 0x0000000091200000| PB 0x0000000091200000| Untracked 
| 127|0x0000000091300000, 0x0000000091300000, 0x0000000091400000|  0%| F|  |TAMS 0x0000000091300000| PB 0x0000000091300000| Untracked 
| 128|0x0000000091400000, 0x0000000091400000, 0x0000000091500000|  0%| F|  |TAMS 0x0000000091400000| PB 0x0000000091400000| Untracked 
| 129|0x0000000091500000, 0x0000000091500000, 0x0000000091600000|  0%| F|  |TAMS 0x0000000091500000| PB 0x0000000091500000| Untracked 
| 130|0x0000000091600000, 0x0000000091600000, 0x0000000091700000|  0%| F|  |TAMS 0x0000000091600000| PB 0x0000000091600000| Untracked 
| 131|0x0000000091700000, 0x0000000091700000, 0x0000000091800000|  0%| F|  |TAMS 0x0000000091700000| PB 0x0000000091700000| Untracked 
| 132|0x0000000091800000, 0x0000000091800000, 0x0000000091900000|  0%| F|  |TAMS 0x0000000091800000| PB 0x0000000091800000| Untracked 
| 133|0x0000000091900000, 0x0000000091900000, 0x0000000091a00000|  0%| F|  |TAMS 0x0000000091900000| PB 0x0000000091900000| Untracked 
| 134|0x0000000091a00000, 0x0000000091a00000, 0x0000000091b00000|  0%| F|  |TAMS 0x0000000091a00000| PB 0x0000000091a00000| Untracked 
| 135|0x0000000091b00000, 0x0000000091b00000, 0x0000000091c00000|  0%| F|  |TAMS 0x0000000091b00000| PB 0x0000000091b00000| Untracked 
| 136|0x0000000091c00000, 0x0000000091c00000, 0x0000000091d00000|  0%| F|  |TAMS 0x0000000091c00000| PB 0x0000000091c00000| Untracked 
| 137|0x0000000091d00000, 0x0000000091d00000, 0x0000000091e00000|  0%| F|  |TAMS 0x0000000091d00000| PB 0x0000000091d00000| Untracked 
| 138|0x0000000091e00000, 0x0000000091e00000, 0x0000000091f00000|  0%| F|  |TAMS 0x0000000091e00000| PB 0x0000000091e00000| Untracked 
| 139|0x0000000091f00000, 0x0000000091f00000, 0x0000000092000000|  0%| F|  |TAMS 0x0000000091f00000| PB 0x0000000091f00000| Untracked 
| 140|0x0000000092000000, 0x0000000092000000, 0x0000000092100000|  0%| F|  |TAMS 0x0000000092000000| PB 0x0000000092000000| Untracked 
| 141|0x0000000092100000, 0x0000000092100000, 0x0000000092200000|  0%| F|  |TAMS 0x0000000092100000| PB 0x0000000092100000| Untracked 
| 142|0x0000000092200000, 0x0000000092200000, 0x0000000092300000|  0%| F|  |TAMS 0x0000000092200000| PB 0x0000000092200000| Untracked 
| 143|0x0000000092300000, 0x0000000092300000, 0x0000000092400000|  0%| F|  |TAMS 0x0000000092300000| PB 0x0000000092300000| Untracked 
| 144|0x0000000092400000, 0x0000000092400000, 0x0000000092500000|  0%| F|  |TAMS 0x0000000092400000| PB 0x0000000092400000| Untracked 
| 145|0x0000000092500000, 0x0000000092500000, 0x0000000092600000|  0%| F|  |TAMS 0x0000000092500000| PB 0x0000000092500000| Untracked 
| 146|0x0000000092600000, 0x0000000092600000, 0x0000000092700000|  0%| F|  |TAMS 0x0000000092600000| PB 0x0000000092600000| Untracked 
| 147|0x0000000092700000, 0x0000000092800000, 0x0000000092800000|100%| S|CS|TAMS 0x0000000092700000| PB 0x0000000092700000| Complete 
| 148|0x0000000092800000, 0x0000000092800000, 0x0000000092900000|  0%| F|  |TAMS 0x0000000092800000| PB 0x0000000092800000| Untracked 
| 149|0x0000000092900000, 0x0000000092900000, 0x0000000092a00000|  0%| F|  |TAMS 0x0000000092900000| PB 0x0000000092900000| Untracked 
| 150|0x0000000092a00000, 0x0000000092a00000, 0x0000000092b00000|  0%| F|  |TAMS 0x0000000092a00000| PB 0x0000000092a00000| Untracked 
| 151|0x0000000092b00000, 0x0000000092b00000, 0x0000000092c00000|  0%| F|  |TAMS 0x0000000092b00000| PB 0x0000000092b00000| Untracked 
| 190|0x0000000095200000, 0x0000000095200000, 0x0000000095300000|  0%| F|  |TAMS 0x0000000095200000| PB 0x0000000095200000| Untracked 
|1899|0x00000000fff00000, 0x00000000fff00000, 0x0000000100000000|  0%| F|  |TAMS 0x00000000fff00000| PB 0x00000000fff00000| Untracked 

Card table byte_map: [0x0000028c93100000,0x0000028c934c0000] _byte_map_base: 0x0000028c92cb6000

Marking Bits: (CMBitMap*) 0x0000028cfe43b930
 Bits: [0x0000028c934c0000, 0x0000028c95270000)

Polling page: 0x0000028cfe0e0000

Metaspace:

Usage:
  Non-class:     51.86 MB used.
      Class:      6.86 MB used.
       Both:     58.72 MB used.

Virtual space:
  Non-class space:       64.00 MB reserved,      52.25 MB ( 82%) committed,  1 nodes.
      Class space:        1.00 GB reserved,       7.19 MB ( <1%) committed,  1 nodes.
             Both:        1.06 GB reserved,      59.44 MB (  5%) committed. 

Chunk freelists:
   Non-Class:  11.05 MB
       Class:  8.82 MB
        Both:  19.87 MB

MaxMetaspaceSize: unlimited
CompressedClassSpaceSize: 1.00 GB
Initial GC threshold: 21.00 MB
Current GC threshold: 97.50 MB
CDS: off
 - commit_granule_bytes: 65536.
 - commit_granule_words: 8192.
 - virtual_space_node_default_size: 8388608.
 - enlarge_chunks_in_place: 1.
 - use_allocation_guard: 0.


Internal statistics:

num_allocs_failed_limit: 6.
num_arena_births: 1252.
num_arena_deaths: 0.
num_vsnodes_births: 2.
num_vsnodes_deaths: 0.
num_space_committed: 949.
num_space_uncommitted: 0.
num_chunks_returned_to_freelist: 6.
num_chunks_taken_from_freelist: 3274.
num_chunk_merges: 6.
num_chunk_splits: 2461.
num_chunks_enlarged: 1870.
num_inconsistent_stats: 0.

CodeHeap 'non-profiled nmethods': size=119168Kb used=3776Kb max_used=3776Kb free=115391Kb
 bounds [0x0000028c8ac20000, 0x0000028c8afe0000, 0x0000028c92080000]
CodeHeap 'profiled nmethods': size=119104Kb used=18003Kb max_used=18003Kb free=101100Kb
 bounds [0x0000028c83080000, 0x0000028c84220000, 0x0000028c8a4d0000]
CodeHeap 'non-nmethods': size=7488Kb used=1571Kb max_used=1622Kb free=5916Kb
 bounds [0x0000028c8a4d0000, 0x0000028c8a740000, 0x0000028c8ac20000]
 total_blobs=7886 nmethods=7253 adapters=536
 compilation: enabled
              stopped_count=0, restarted_count=0
 full_count=0

Compilation events (20 events):
Event: 47.431 Thread 0x0000028c984bd9f0 7636       3       org.jetbrains.kotlin.resolve.calls.tower.AbstractSimpleScopeTowerProcessor::<init> (16 bytes)
Event: 47.432 Thread 0x0000028c984bd9f0 nmethod 7636 0x0000028c8420e810 code [0x0000028c8420ea40, 0x0000028c8420f098]
Event: 47.432 Thread 0x0000028c984bd9f0 7637       3       org.jetbrains.kotlin.resolve.lazy.FileScopeFactory$FilesScopesBuilder$lazyImportingScope$1::getParent (8 bytes)
Event: 47.433 Thread 0x0000028c984bd9f0 nmethod 7637 0x0000028c8420f310 code [0x0000028c8420f5e0, 0x0000028c84210360]
Event: 47.433 Thread 0x0000028c984bd9f0 7639       3       org.jetbrains.kotlin.types.checker.SimpleClassicTypeSystemContext::isDenotable (6 bytes)
Event: 47.433 Thread 0x0000028c984bd9f0 nmethod 7639 0x0000028c84210810 code [0x0000028c842109c0, 0x0000028c84210af8]
Event: 47.433 Thread 0x0000028c984bd9f0 7638       3       org.jetbrains.kotlin.resolve.lazy.FileScopeFactory$FilesScopesBuilder$lazyImportingScope$1::getParent (17 bytes)
Event: 47.433 Thread 0x0000028c984bd9f0 nmethod 7638 0x0000028c84210b90 code [0x0000028c84210e40, 0x0000028c84211a68]
Event: 47.435 Thread 0x0000028c984aaf20 nmethod 7634 0x0000028c8afceb10 code [0x0000028c8afcece0, 0x0000028c8afcf488]
Event: 47.440 Thread 0x0000028c984bd9f0 7640       3       org.jetbrains.kotlin.parsing.KotlinExpressionParsing::parseAnnotatedLambda (81 bytes)
Event: 47.442 Thread 0x0000028c984bd9f0 nmethod 7640 0x0000028c84211e90 code [0x0000028c84212180, 0x0000028c84212fe8]
Event: 47.442 Thread 0x0000028c984bd9f0 7641       1       org.jetbrains.kotlin.resolve.scopes.LexicalWritableScope::getKind (5 bytes)
Event: 47.442 Thread 0x0000028c984bd9f0 nmethod 7641 0x0000028c8afcf690 code [0x0000028c8afcf820, 0x0000028c8afcf8e8]
Event: 47.442 Thread 0x0000028c984bd9f0 7642       3       org.jetbrains.kotlin.resolve.calls.tower.TowerResolver$Task::createNonLocalLevels$addLevelForImportingScope (40 bytes)
Event: 47.443 Thread 0x0000028c984bd9f0 nmethod 7642 0x0000028c84213590 code [0x0000028c84213960, 0x0000028c84215318]
Event: 47.455 Thread 0x0000028c984aaf20 7643       4       org.jetbrains.org.objectweb.asm.AnnotationVisitor::<init> (94 bytes)
Event: 47.456 Thread 0x0000028c984aaf20 nmethod 7643 0x0000028c8afcf990 code [0x0000028c8afcfb20, 0x0000028c8afcfcb0]
Event: 47.484 Thread 0x0000028c984bd9f0 7644       1       org.jetbrains.kotlin.util.OneElementArrayMap$iterator$1::hasNext (5 bytes)
Event: 47.485 Thread 0x0000028c984bd9f0 nmethod 7644 0x0000028c8afcfd90 code [0x0000028c8afcff20, 0x0000028c8afcfff0]
Event: 47.486 Thread 0x0000028c984bd9f0 7645       3       org.jetbrains.kotlin.serialization.deserialization.TypeDeserializer::typeArgument (144 bytes)

GC Heap History (20 events):
Event: 6.880 GC heap after
{Heap after GC invocations=10 (full 0):
 garbage-first heap   total 59392K, used 28647K [0x0000000089400000, 0x0000000100000000)
  region size 1024K, 4 young (4096K), 4 survivors (4096K)
 Metaspace       used 50595K, committed 51328K, reserved 1114112K
  class space    used 6118K, committed 6464K, reserved 1048576K
}
Event: 7.941 GC heap before
{Heap before GC invocations=10 (full 0):
 garbage-first heap   total 59392K, used 49127K [0x0000000089400000, 0x0000000100000000)
  region size 1024K, 25 young (25600K), 4 survivors (4096K)
 Metaspace       used 53646K, committed 54400K, reserved 1114112K
  class space    used 6428K, committed 6784K, reserved 1048576K
}
Event: 8.082 GC heap after
{Heap after GC invocations=11 (full 0):
 garbage-first heap   total 59392K, used 32102K [0x0000000089400000, 0x0000000100000000)
  region size 1024K, 4 young (4096K), 4 survivors (4096K)
 Metaspace       used 53646K, committed 54400K, reserved 1114112K
  class space    used 6428K, committed 6784K, reserved 1048576K
}
Event: 8.255 GC heap before
{Heap before GC invocations=11 (full 0):
 garbage-first heap   total 59392K, used 38246K [0x0000000089400000, 0x0000000100000000)
  region size 1024K, 11 young (11264K), 4 survivors (4096K)
 Metaspace       used 53733K, committed 54464K, reserved 1114112K
  class space    used 6430K, committed 6784K, reserved 1048576K
}
Event: 8.272 GC heap after
{Heap after GC invocations=12 (full 0):
 garbage-first heap   total 96256K, used 33405K [0x0000000089400000, 0x0000000100000000)
  region size 1024K, 2 young (2048K), 2 survivors (2048K)
 Metaspace       used 53733K, committed 54464K, reserved 1114112K
  class space    used 6430K, committed 6784K, reserved 1048576K
}
Event: 10.129 GC heap before
{Heap before GC invocations=12 (full 0):
 garbage-first heap   total 96256K, used 77437K [0x0000000089400000, 0x0000000100000000)
  region size 1024K, 45 young (46080K), 2 survivors (2048K)
 Metaspace       used 55551K, committed 56256K, reserved 1114112K
  class space    used 6613K, committed 6976K, reserved 1048576K
}
Event: 10.267 GC heap after
{Heap after GC invocations=13 (full 0):
 garbage-first heap   total 96256K, used 37020K [0x0000000089400000, 0x0000000100000000)
  region size 1024K, 5 young (5120K), 5 survivors (5120K)
 Metaspace       used 55551K, committed 56256K, reserved 1114112K
  class space    used 6613K, committed 6976K, reserved 1048576K
}
Event: 21.509 GC heap before
{Heap before GC invocations=13 (full 0):
 garbage-first heap   total 96256K, used 81052K [0x0000000089400000, 0x0000000100000000)
  region size 1024K, 48 young (49152K), 5 survivors (5120K)
 Metaspace       used 58886K, committed 59648K, reserved 1114112K
  class space    used 6921K, committed 7296K, reserved 1048576K
}
Event: 27.438 GC heap after
{Heap after GC invocations=14 (full 0):
 garbage-first heap   total 96256K, used 43155K [0x0000000089400000, 0x0000000100000000)
  region size 1024K, 6 young (6144K), 6 survivors (6144K)
 Metaspace       used 58886K, committed 59648K, reserved 1114112K
  class space    used 6921K, committed 7296K, reserved 1048576K
}
Event: 40.245 GC heap before
{Heap before GC invocations=14 (full 0):
 garbage-first heap   total 96256K, used 44179K [0x0000000089400000, 0x0000000100000000)
  region size 1024K, 7 young (7168K), 6 survivors (6144K)
 Metaspace       used 59014K, committed 59776K, reserved 1114112K
  class space    used 6927K, committed 7296K, reserved 1048576K
}
Event: 40.596 GC heap after
{Heap after GC invocations=15 (full 0):
 garbage-first heap   total 96256K, used 44407K [0x0000000089400000, 0x0000000100000000)
  region size 1024K, 1 young (1024K), 1 survivors (1024K)
 Metaspace       used 59014K, committed 59776K, reserved 1114112K
  class space    used 6927K, committed 7296K, reserved 1048576K
}
Event: 42.431 GC heap before
{Heap before GC invocations=15 (full 0):
 garbage-first heap   total 96256K, used 47479K [0x0000000089400000, 0x0000000100000000)
  region size 1024K, 4 young (4096K), 1 survivors (1024K)
 Metaspace       used 59136K, committed 59904K, reserved 1114112K
  class space    used 6928K, committed 7296K, reserved 1048576K
}
Event: 42.471 GC heap after
{Heap after GC invocations=16 (full 0):
 garbage-first heap   total 196608K, used 44122K [0x0000000089400000, 0x0000000100000000)
  region size 1024K, 1 young (1024K), 1 survivors (1024K)
 Metaspace       used 59136K, committed 59904K, reserved 1114112K
  class space    used 6928K, committed 7296K, reserved 1048576K
}
Event: 43.996 GC heap before
{Heap before GC invocations=17 (full 0):
 garbage-first heap   total 157696K, used 51290K [0x0000000089400000, 0x0000000100000000)
  region size 1024K, 9 young (9216K), 1 survivors (1024K)
 Metaspace       used 59406K, committed 60160K, reserved 1114112K
  class space    used 6954K, committed 7296K, reserved 1048576K
}
Event: 44.013 GC heap after
{Heap after GC invocations=18 (full 0):
 garbage-first heap   total 157696K, used 45615K [0x0000000089400000, 0x0000000100000000)
  region size 1024K, 2 young (2048K), 2 survivors (2048K)
 Metaspace       used 59406K, committed 60160K, reserved 1114112K
  class space    used 6954K, committed 7296K, reserved 1048576K
}
Event: 44.144 GC heap before
{Heap before GC invocations=18 (full 0):
 garbage-first heap   total 157696K, used 50735K [0x0000000089400000, 0x0000000100000000)
  region size 1024K, 7 young (7168K), 2 survivors (2048K)
 Metaspace       used 59451K, committed 60160K, reserved 1114112K
  class space    used 6955K, committed 7296K, reserved 1048576K
}
Event: 44.182 GC heap after
{Heap after GC invocations=19 (full 0):
 garbage-first heap   total 157696K, used 45791K [0x0000000089400000, 0x0000000100000000)
  region size 1024K, 1 young (1024K), 1 survivors (1024K)
 Metaspace       used 59451K, committed 60160K, reserved 1114112K
  class space    used 6955K, committed 7296K, reserved 1048576K
}
Event: 45.303 GC heap before
{Heap before GC invocations=19 (full 0):
 garbage-first heap   total 157696K, used 51935K [0x0000000089400000, 0x0000000100000000)
  region size 1024K, 7 young (7168K), 1 survivors (1024K)
 Metaspace       used 59804K, committed 60544K, reserved 1114112K
  class space    used 6986K, committed 7360K, reserved 1048576K
}
Event: 45.340 GC heap after
{Heap after GC invocations=20 (full 0):
 garbage-first heap   total 157696K, used 46848K [0x0000000089400000, 0x0000000100000000)
  region size 1024K, 1 young (1024K), 1 survivors (1024K)
 Metaspace       used 59804K, committed 60544K, reserved 1114112K
  class space    used 6986K, committed 7360K, reserved 1048576K
}
Event: 47.489 GC heap before
{Heap before GC invocations=20 (full 0):
 garbage-first heap   total 157696K, used 52992K [0x0000000089400000, 0x0000000100000000)
  region size 1024K, 7 young (7168K), 1 survivors (1024K)
 Metaspace       used 60130K, committed 60864K, reserved 1114112K
  class space    used 7026K, committed 7360K, reserved 1048576K
}

Dll operation events (3 events):
Event: 0.129 Loaded shared library C:\Program Files\Android\Android Studio\jbr\bin\java.dll
Event: 0.166 Loaded shared library C:\Program Files\Android\Android Studio\jbr\bin\zip.dll
Event: 2.583 Loaded shared library C:\Program Files\Android\Android Studio\jbr\bin\verify.dll

Deoptimization events (20 events):
Event: 46.413 Thread 0x0000028cfe13cee0 Uncommon trap: trap_request=0xffffff45 fr.pc=0x0000028c8aedc34c relative=0x00000000000010ec
Event: 46.414 Thread 0x0000028cfe13cee0 Uncommon trap: reason=unstable_if action=reinterpret pc=0x0000028c8aedc34c method=org.jetbrains.kotlin.resolve.DescriptorUtils.getFqNameSafeIfPossible(Lorg/jetbrains/kotlin/descriptors/DeclarationDescriptor;)Lorg/jetbrains/kotlin/name/FqName; @ 12 c2
Event: 46.414 Thread 0x0000028cfe13cee0 DEOPT PACKING pc=0x0000028c8aedc34c sp=0x000000b9f47f4110
Event: 46.415 Thread 0x0000028cfe13cee0 DEOPT UNPACKING pc=0x0000028c8a5246a2 sp=0x000000b9f47f4018 mode 2
Event: 46.415 Thread 0x0000028cfe13cee0 Uncommon trap: trap_request=0xffffff45 fr.pc=0x0000028c8aed15bc relative=0x00000000000006dc
Event: 46.415 Thread 0x0000028cfe13cee0 Uncommon trap: reason=unstable_if action=reinterpret pc=0x0000028c8aed15bc method=org.jetbrains.kotlin.name.FqNameUnsafe.child(Lorg/jetbrains/kotlin/name/Name;)Lorg/jetbrains/kotlin/name/FqNameUnsafe; @ 13 c2
Event: 46.415 Thread 0x0000028cfe13cee0 DEOPT PACKING pc=0x0000028c8aed15bc sp=0x000000b9f47f4090
Event: 46.415 Thread 0x0000028cfe13cee0 DEOPT UNPACKING pc=0x0000028c8a5246a2 sp=0x000000b9f47f4068 mode 2
Event: 46.443 Thread 0x0000028cfe13cee0 Uncommon trap: trap_request=0xffffffc6 fr.pc=0x0000028c8af0fc14 relative=0x0000000000000154
Event: 46.443 Thread 0x0000028cfe13cee0 Uncommon trap: reason=bimorphic_or_optimized_type_check action=maybe_recompile pc=0x0000028c8af0fc14 method=org.jetbrains.kotlin.types.model.TypeSystemContext.lowerBoundIfFlexible(Lorg/jetbrains/kotlin/types/model/KotlinTypeMarker;)Lorg/jetbrains/kotlin/t
Event: 46.443 Thread 0x0000028cfe13cee0 DEOPT PACKING pc=0x0000028c8af0fc14 sp=0x000000b9f47f4250
Event: 46.443 Thread 0x0000028cfe13cee0 DEOPT UNPACKING pc=0x0000028c8a5246a2 sp=0x000000b9f47f41e8 mode 2
Event: 46.444 Thread 0x0000028cfe13cee0 Uncommon trap: trap_request=0xffffffc6 fr.pc=0x0000028c8af0fc14 relative=0x0000000000000154
Event: 46.444 Thread 0x0000028cfe13cee0 Uncommon trap: reason=bimorphic_or_optimized_type_check action=maybe_recompile pc=0x0000028c8af0fc14 method=org.jetbrains.kotlin.types.model.TypeSystemContext.lowerBoundIfFlexible(Lorg/jetbrains/kotlin/types/model/KotlinTypeMarker;)Lorg/jetbrains/kotlin/t
Event: 46.444 Thread 0x0000028cfe13cee0 DEOPT PACKING pc=0x0000028c8af0fc14 sp=0x000000b9f47f3fd0
Event: 46.444 Thread 0x0000028cfe13cee0 DEOPT UNPACKING pc=0x0000028c8a5246a2 sp=0x000000b9f47f3f68 mode 2
Event: 47.182 Thread 0x0000028cfe13cee0 Uncommon trap: trap_request=0xffffff45 fr.pc=0x0000028c8afc8914 relative=0x0000000000000894
Event: 47.182 Thread 0x0000028cfe13cee0 Uncommon trap: reason=unstable_if action=reinterpret pc=0x0000028c8afc8914 method=org.jetbrains.kotlin.config.LanguageVersionSettingsImpl.getFeatureSupport(Lorg/jetbrains/kotlin/config/LanguageFeature;)Lorg/jetbrains/kotlin/config/LanguageFeature$State; @
Event: 47.182 Thread 0x0000028cfe13cee0 DEOPT PACKING pc=0x0000028c8afc8914 sp=0x000000b9f47f53e0
Event: 47.182 Thread 0x0000028cfe13cee0 DEOPT UNPACKING pc=0x0000028c8a5246a2 sp=0x000000b9f47f5388 mode 2

Classes loaded (20 events):
Event: 13.214 Loading class java/util/regex/Pattern$LookBehindEndNode
Event: 13.220 Loading class java/util/regex/Pattern$LookBehindEndNode done
Event: 13.220 Loading class java/util/regex/Pattern$NotBehind
Event: 13.221 Loading class java/util/regex/Pattern$NotBehind done
Event: 43.881 Loading class jdk/internal/math/FloatingDecimal
Event: 43.937 Loading class jdk/internal/math/FloatingDecimal done
Event: 43.937 Loading class jdk/internal/math/FloatingDecimal$ExceptionalBinaryToASCIIBuffer
Event: 43.943 Loading class jdk/internal/math/FloatingDecimal$BinaryToASCIIConverter
Event: 43.946 Loading class jdk/internal/math/FloatingDecimal$BinaryToASCIIConverter done
Event: 43.946 Loading class jdk/internal/math/FloatingDecimal$ExceptionalBinaryToASCIIBuffer done
Event: 43.946 Loading class jdk/internal/math/FloatingDecimal$BinaryToASCIIBuffer
Event: 43.963 Loading class jdk/internal/math/FloatingDecimal$BinaryToASCIIBuffer done
Event: 43.963 Loading class jdk/internal/math/FloatingDecimal$1
Event: 43.964 Loading class jdk/internal/math/FloatingDecimal$1 done
Event: 43.964 Loading class jdk/internal/math/FloatingDecimal$PreparedASCIIToBinaryBuffer
Event: 43.966 Loading class jdk/internal/math/FloatingDecimal$ASCIIToBinaryConverter
Event: 43.967 Loading class jdk/internal/math/FloatingDecimal$ASCIIToBinaryConverter done
Event: 43.967 Loading class jdk/internal/math/FloatingDecimal$PreparedASCIIToBinaryBuffer done
Event: 43.968 Loading class jdk/internal/math/FloatingDecimal$ASCIIToBinaryBuffer
Event: 43.972 Loading class jdk/internal/math/FloatingDecimal$ASCIIToBinaryBuffer done

Classes unloaded (0 events):
No events

Classes redefined (0 events):
No events

Internal exceptions (20 events):
Event: 4.823 Thread 0x0000028cfe13cee0 Exception <a 'java/lang/NoSuchMethodError'{0x000000008b615038}: 'java.lang.Object java.lang.invoke.DirectMethodHandle$Holder.invokeStatic(java.lang.Object, java.lang.Object, java.lang.Object, java.lang.Object, java.lang.Object, java.lang.Object, java.lang.Object, java.lang.Object, java.lang.Object, java.lang.Object, java.lang.Object, java.lang.Object, java.lang.Object, java.lang.Object, java.lang.Object, java.lang.Object, java.lang.Object, java.lang.Object, java.lang.Object, java.lang.Object, java.lang.Obj
Event: 4.836 Thread 0x0000028cfe13cee0 Exception <a 'java/lang/NoSuchMethodError'{0x000000008b681e58}: 'java.lang.Object java.lang.invoke.DirectMethodHandle$Holder.newInvokeSpecial(java.lang.Object, java.lang.Object, java.lang.Object, java.lang.Object, java.lang.Object, java.lang.Object, java.lang.Object, java.lang.Object, java.lang.Object, java.lang.Object, java.lang.Object, java.lang.Object, java.lang.Object)'> (0x000000008b681e58) 
thrown [s\src\hotspot\share\interpreter\linkResolver.cpp, line 784]
Event: 4.836 Thread 0x0000028cfe13cee0 Exception <a 'java/lang/NoSuchMethodError'{0x000000008b686da8}: 'java.lang.Object java.lang.invoke.DirectMethodHandle$Holder.invokeSpecial(java.lang.Object, java.lang.Object, java.lang.Object, java.lang.Object, java.lang.Object, java.lang.Object, java.lang.Object, java.lang.Object, java.lang.Object, java.lang.Object, java.lang.Object, java.lang.Object, java.lang.Object, java.lang.Object)'> (0x000000008b686da8) 
thrown [s\src\hotspot\share\interpreter\linkResolver.cpp, line 784]
Event: 4.836 Thread 0x0000028cfe13cee0 Exception <a 'java/lang/NoSuchMethodError'{0x000000008b68b2d8}: 'java.lang.Object java.lang.invoke.DelegatingMethodHandle$Holder.reinvoke_L(java.lang.Object, java.lang.Object, java.lang.Object, java.lang.Object, java.lang.Object, java.lang.Object, java.lang.Object, java.lang.Object, java.lang.Object, java.lang.Object, java.lang.Object, java.lang.Object, java.lang.Object)'> (0x000000008b68b2d8) 
thrown [s\src\hotspot\share\interpreter\linkResolver.cpp, line 784]
Event: 5.237 Thread 0x0000028cfe13cee0 Exception <a 'java/lang/NoSuchMethodError'{0x000000008e973c50}: 'java.lang.Object java.lang.invoke.DirectMethodHandle$Holder.newInvokeSpecial(java.lang.Object, java.lang.Object, int)'> (0x000000008e973c50) 
thrown [s\src\hotspot\share\interpreter\linkResolver.cpp, line 784]
Event: 5.352 Thread 0x0000028cfe13cee0 Implicit null exception at 0x0000028c8ad76efe to 0x0000028c8ad76ff8
Event: 5.536 Thread 0x0000028cfe13cee0 Exception <a 'java/lang/NoSuchMethodError'{0x000000008c608848}: 'java.lang.Object java.lang.invoke.DirectMethodHandle$Holder.newInvokeSpecial(java.lang.Object, java.lang.Object, java.lang.Object, int)'> (0x000000008c608848) 
thrown [s\src\hotspot\share\interpreter\linkResolver.cpp, line 784]
Event: 5.537 Thread 0x0000028cfe13cee0 Exception <a 'java/lang/NoSuchMethodError'{0x000000008c60c978}: 'java.lang.Object java.lang.invoke.DirectMethodHandle$Holder.invokeSpecial(java.lang.Object, java.lang.Object, java.lang.Object, java.lang.Object, int)'> (0x000000008c60c978) 
thrown [s\src\hotspot\share\interpreter\linkResolver.cpp, line 784]
Event: 5.537 Thread 0x0000028cfe13cee0 Exception <a 'java/lang/NoSuchMethodError'{0x000000008c6100b0}: 'java.lang.Object java.lang.invoke.Invokers$Holder.linkToTargetMethod(java.lang.Object, java.lang.Object, int, java.lang.Object)'> (0x000000008c6100b0) 
thrown [s\src\hotspot\share\interpreter\linkResolver.cpp, line 784]
Event: 9.513 Thread 0x0000028cfe13cee0 Exception <a 'java/lang/NoSuchMethodError'{0x000000008cc6a308}: 'java.lang.Object java.lang.invoke.DirectMethodHandle$Holder.invokeSpecial(java.lang.Object, java.lang.Object, java.lang.Object, java.lang.Object, java.lang.Object, java.lang.Object, int)'> (0x000000008cc6a308) 
thrown [s\src\hotspot\share\interpreter\linkResolver.cpp, line 784]
Event: 10.738 Thread 0x0000028cfe13cee0 Exception <a 'java/lang/NoSuchMethodError'{0x000000008ed890d8}: 'java.lang.Object java.lang.invoke.DirectMethodHandle$Holder.invokeStaticInit(java.lang.Object, java.lang.Object, java.lang.Object)'> (0x000000008ed890d8) 
thrown [s\src\hotspot\share\interpreter\linkResolver.cpp, line 784]
Event: 12.408 Thread 0x0000028cfe13cee0 Exception <a 'java/lang/NoSuchMethodError'{0x000000008d6237c8}: 'int java.lang.invoke.DirectMethodHandle$Holder.invokeStaticInit(java.lang.Object, int)'> (0x000000008d6237c8) 
thrown [s\src\hotspot\share\interpreter\linkResolver.cpp, line 784]
Event: 12.504 Thread 0x0000028cfe13cee0 Implicit null exception at 0x0000028c8aef6076 to 0x0000028c8aef6458
Event: 12.563 Thread 0x0000028cfe13cee0 Implicit null exception at 0x0000028c8ac7be3a to 0x0000028c8ac7c078
Event: 12.605 Thread 0x0000028cfe13cee0 Implicit null exception at 0x0000028c8aeddaca to 0x0000028c8aeddd1c
Event: 14.798 Thread 0x0000028cfe13cee0 Implicit null exception at 0x0000028c8aee3b9f to 0x0000028c8aee5020
Event: 14.798 Thread 0x0000028cfe13cee0 Implicit null exception at 0x0000028c8aeda169 to 0x0000028c8aeda8f4
Event: 15.025 Thread 0x0000028cfe13cee0 Exception <a 'java/lang/NoSuchMethodError'{0x000000008c815168}: 'java.lang.Object java.lang.invoke.DirectMethodHandle$Holder.invokeInterface(java.lang.Object, java.lang.Object, java.lang.Object)'> (0x000000008c815168) 
thrown [s\src\hotspot\share\interpreter\linkResolver.cpp, line 784]
Event: 15.062 Thread 0x0000028cfe13cee0 Exception <a 'java/lang/IncompatibleClassChangeError'{0x000000008c818800}: Found class java.lang.Object, but interface was expected> (0x000000008c818800) 
thrown [s\src\hotspot\share\interpreter\linkResolver.cpp, line 851]
Event: 15.285 Thread 0x0000028cfe13cee0 Implicit null exception at 0x0000028c8ad034bd to 0x0000028c8ad03539

ZGC Phase Switch (0 events):
No events

VM Operations (20 events):
Event: 42.472 Executing VM operation: G1CollectForAllocation (G1 Evacuation Pause) done
Event: 42.737 Executing VM operation: G1PauseRemark
Event: 43.227 Executing VM operation: G1PauseRemark done
Event: 43.256 Executing VM operation: G1PauseCleanup
Event: 43.258 Executing VM operation: G1PauseCleanup done
Event: 43.993 Executing VM operation: G1CollectForAllocation (G1 Evacuation Pause)
Event: 44.013 Executing VM operation: G1CollectForAllocation (G1 Evacuation Pause) done
Event: 44.144 Executing VM operation: G1CollectForAllocation (G1 Evacuation Pause)
Event: 44.182 Executing VM operation: G1CollectForAllocation (G1 Evacuation Pause) done
Event: 45.198 Executing VM operation: Cleanup
Event: 45.263 Executing VM operation: Cleanup done
Event: 45.301 Executing VM operation: G1CollectForAllocation (G1 Evacuation Pause)
Event: 45.340 Executing VM operation: G1CollectForAllocation (G1 Evacuation Pause) done
Event: 46.348 Executing VM operation: Cleanup
Event: 46.394 Executing VM operation: Cleanup done
Event: 46.395 Executing VM operation: HandshakeAllThreads (Deoptimize)
Event: 46.396 Executing VM operation: HandshakeAllThreads (Deoptimize) done
Event: 46.539 Executing VM operation: HandshakeAllThreads (Deoptimize)
Event: 46.540 Executing VM operation: HandshakeAllThreads (Deoptimize) done
Event: 47.487 Executing VM operation: G1CollectForAllocation (G1 Evacuation Pause)

Events (20 events):
Event: 43.060 Thread 0x0000028c98440130 flushing nmethod 0x0000028c830a5410
Event: 43.060 Thread 0x0000028c98440130 flushing nmethod 0x0000028c830a4890
Event: 43.060 Thread 0x0000028c98440130 flushing nmethod 0x0000028c83092290
Event: 43.060 Thread 0x0000028c98440130 flushing nmethod 0x0000028c8308f610
Event: 43.060 Thread 0x0000028c98440130 flushing nmethod 0x0000028c8308ef10
Event: 43.060 Thread 0x0000028c98440130 flushing nmethod 0x0000028c83087f90
Event: 43.060 Thread 0x0000028c98440130 flushing nmethod 0x0000028c8ad12090
Event: 43.060 Thread 0x0000028c98440130 flushing nmethod 0x0000028c8acf0b10
Event: 43.060 Thread 0x0000028c98440130 flushing nmethod 0x0000028c8acee290
Event: 43.060 Thread 0x0000028c98440130 flushing nmethod 0x0000028c8ace9e90
Event: 43.061 Thread 0x0000028c98440130 flushing nmethod 0x0000028c8acf1390
Event: 43.061 Thread 0x0000028c98440130 flushing nmethod 0x0000028c8ace2410
Event: 43.062 Thread 0x0000028c98440130 flushing nmethod 0x0000028c8ace1510
Event: 43.063 Thread 0x0000028c98440130 flushing nmethod 0x0000028c8acde610
Event: 43.063 Thread 0x0000028c98440130 flushing nmethod 0x0000028c8acd3190
Event: 43.063 Thread 0x0000028c98440130 flushing nmethod 0x0000028c8acd0610
Event: 43.063 Thread 0x0000028c98440130 flushing nmethod 0x0000028c8aca1f90
Event: 43.063 Thread 0x0000028c98440130 flushing nmethod 0x0000028c8ac42090
Event: 43.064 Thread 0x0000028c98440130 flushing nmethod 0x0000028c8ac40a90
Event: 43.064 Thread 0x0000028c98440130 flushing nmethod 0x0000028c8ac39d90


Dynamic libraries:
0x00007ff622ae0000 - 0x00007ff622aea000 	C:\Program Files\Android\Android Studio\jbr\bin\java.exe
0x00007fff7e990000 - 0x00007fff7eb88000 	C:\Windows\SYSTEM32\ntdll.dll
0x00007fff7e010000 - 0x00007fff7e0d2000 	C:\Windows\System32\KERNEL32.DLL
0x00007fff7c300000 - 0x00007fff7c5fe000 	C:\Windows\System32\KERNELBASE.dll
0x00007fff7c600000 - 0x00007fff7c700000 	C:\Windows\System32\ucrtbase.dll
0x00007fff77430000 - 0x00007fff77448000 	C:\Program Files\Android\Android Studio\jbr\bin\jli.dll
0x00007fff748b0000 - 0x00007fff748cb000 	C:\Program Files\Android\Android Studio\jbr\bin\VCRUNTIME140.dll
0x00007fff7e6f0000 - 0x00007fff7e88d000 	C:\Windows\System32\USER32.dll
0x00007fff69b00000 - 0x00007fff69d9a000 	C:\Windows\WinSxS\amd64_microsoft.windows.common-controls_6595b64144ccf1df_6.0.19041.4355_none_60b8b9eb71f62e16\COMCTL32.dll
0x00007fff7c2d0000 - 0x00007fff7c2f2000 	C:\Windows\System32\win32u.dll
0x00007fff7d550000 - 0x00007fff7d57b000 	C:\Windows\System32\GDI32.dll
0x00007fff7c700000 - 0x00007fff7c817000 	C:\Windows\System32\gdi32full.dll
0x00007fff7daa0000 - 0x00007fff7db3e000 	C:\Windows\System32\msvcrt.dll
0x00007fff7c8a0000 - 0x00007fff7c93d000 	C:\Windows\System32\msvcp_win.dll
0x00007fff7e2d0000 - 0x00007fff7e2ff000 	C:\Windows\System32\IMM32.DLL
0x00007fff77f00000 - 0x00007fff77f0c000 	C:\Program Files\Android\Android Studio\jbr\bin\vcruntime140_1.dll
0x00007fff48700000 - 0x00007fff4878d000 	C:\Program Files\Android\Android Studio\jbr\bin\msvcp140.dll
0x00007fff3e2e0000 - 0x00007fff3ef5d000 	C:\Program Files\Android\Android Studio\jbr\bin\server\jvm.dll
0x00007fff7e0e0000 - 0x00007fff7e191000 	C:\Windows\System32\ADVAPI32.dll
0x00007fff7d3e0000 - 0x00007fff7d47f000 	C:\Windows\System32\sechost.dll
0x00007fff7dd50000 - 0x00007fff7de73000 	C:\Windows\System32\RPCRT4.dll
0x00007fff7c870000 - 0x00007fff7c897000 	C:\Windows\System32\bcrypt.dll
0x00007fff7de80000 - 0x00007fff7deeb000 	C:\Windows\System32\WS2_32.dll
0x00007fff7b570000 - 0x00007fff7b5bb000 	C:\Windows\SYSTEM32\POWRPROF.dll
0x00007fff73310000 - 0x00007fff73337000 	C:\Windows\SYSTEM32\WINMM.dll
0x00007fff74f00000 - 0x00007fff74f0a000 	C:\Windows\SYSTEM32\VERSION.dll
0x00007fff7b430000 - 0x00007fff7b442000 	C:\Windows\SYSTEM32\UMPDC.dll
0x00007fff7a850000 - 0x00007fff7a862000 	C:\Windows\SYSTEM32\kernel.appcore.dll
0x00007fff77e70000 - 0x00007fff77e7a000 	C:\Program Files\Android\Android Studio\jbr\bin\jimage.dll
0x00007fff79e20000 - 0x00007fff7a004000 	C:\Windows\SYSTEM32\DBGHELP.DLL
0x00007fff6a470000 - 0x00007fff6a4a4000 	C:\Windows\SYSTEM32\dbgcore.DLL
0x00007fff7c030000 - 0x00007fff7c0b2000 	C:\Windows\System32\bcryptPrimitives.dll
0x00007fff6ce90000 - 0x00007fff6ceaf000 	C:\Program Files\Android\Android Studio\jbr\bin\java.dll
0x00007fff6cc90000 - 0x00007fff6cca8000 	C:\Program Files\Android\Android Studio\jbr\bin\zip.dll
0x00007fff7c9b0000 - 0x00007fff7d11d000 	C:\Windows\System32\SHELL32.dll
0x00007fff7a010000 - 0x00007fff7a7b4000 	C:\Windows\SYSTEM32\windows.storage.dll
0x00007fff7e300000 - 0x00007fff7e653000 	C:\Windows\System32\combase.dll
0x00007fff7ba60000 - 0x00007fff7ba8e000 	C:\Windows\SYSTEM32\Wldp.dll
0x00007fff7d480000 - 0x00007fff7d54d000 	C:\Windows\System32\OLEAUT32.dll
0x00007fff7d9f0000 - 0x00007fff7da9d000 	C:\Windows\System32\SHCORE.dll
0x00007fff7d120000 - 0x00007fff7d175000 	C:\Windows\System32\shlwapi.dll
0x00007fff7bf60000 - 0x00007fff7bf84000 	C:\Windows\SYSTEM32\profapi.dll
0x00007fff778f0000 - 0x00007fff77900000 	C:\Program Files\Android\Android Studio\jbr\bin\net.dll
0x00007fff78530000 - 0x00007fff7863d000 	C:\Windows\SYSTEM32\WINHTTP.dll
0x00007fff7b7c0000 - 0x00007fff7b82a000 	C:\Windows\system32\mswsock.dll
0x00007fff68830000 - 0x00007fff68846000 	C:\Program Files\Android\Android Studio\jbr\bin\nio.dll
0x00007fff748a0000 - 0x00007fff748b0000 	C:\Program Files\Android\Android Studio\jbr\bin\verify.dll

dbghelp: loaded successfully - version: 4.0.5 - missing functions: none
symbol engine: initialized successfully - sym options: 0x614 - pdb path: .;C:\Program Files\Android\Android Studio\jbr\bin;C:\Windows\SYSTEM32;C:\Windows\WinSxS\amd64_microsoft.windows.common-controls_6595b64144ccf1df_6.0.19041.4355_none_60b8b9eb71f62e16;C:\Program Files\Android\Android Studio\jbr\bin\server

VM Arguments:
java_command: org.jetbrains.kotlin.cli.jvm.K2JVMCompiler @C:\Users\Gbolzyb\AndroidStudioProjects\MADProject\app\build\20250307_5035399808527245627.compiler.options
java_class_path (initial): C:\Users\Gbolzyb\.gradle\caches\modules-2\files-2.1\org.jetbrains.kotlin\kotlin-compiler-embeddable\1.9.10\57ca1b0823ae3ecb451a97e1f8e6de0b19ea5294\kotlin-compiler-embeddable-1.9.10.jar;C:\Users\Gbolzyb\.gradle\caches\modules-2\files-2.1\org.jetbrains.kotlin\kotlin-stdlib\1.9.10\72812e8a368917ab5c0a5081b56915ffdfec93b7\kotlin-stdlib-1.9.10.jar;C:\Users\Gbolzyb\.gradle\caches\modules-2\files-2.1\org.jetbrains.kotlin\kotlin-script-runtime\1.9.10\398513a8534701579cccaf5953ea914416b4696c\kotlin-script-runtime-1.9.10.jar;C:\Users\Gbolzyb\.gradle\caches\modules-2\files-2.1\org.jetbrains.kotlin\kotlin-reflect\1.6.10\1cbe9c92c12a94eea200d23c2bbaedaf3daf5132\kotlin-reflect-1.6.10.jar;C:\Users\Gbolzyb\.gradle\caches\modules-2\files-2.1\org.jetbrains.kotlin\kotlin-daemon-embeddable\1.9.10\bda2f7daa6b89d2ded2d9e1e0b0cadaf9446ade1\kotlin-daemon-embeddable-1.9.10.jar;C:\Users\Gbolzyb\.gradle\caches\modules-2\files-2.1\org.jetbrains.intellij.deps\trove4j\1.0.20200330\3afb14d5f9ceb459d724e907a21145e8ff394f02\trove4j-1.0.20200330.jar;C:\Users\Gbolzyb\.gradle\caches\modules-2\files-2.1\org.jetbrains.kotlin\kotlin-stdlib-common\1.9.10\dafaf2c27f27c09220cee312df10917d9a5d97ce\kotlin-stdlib-common-1.9.10.jar;C:\Users\Gbolzyb\.gradle\caches\modules-2\files-2.1\org.jetbrains\annotations\13.0\919f0dfe192fb4e063e7dacadee7f8bb9a2672a9\annotations-13.0.jar
Launcher Type: SUN_STANDARD

[Global flags]
     intx CICompilerCount                          = 12                                        {product} {ergonomic}
     uint ConcGCThreads                            = 3                                         {product} {ergonomic}
     uint G1ConcRefinementThreads                  = 13                                        {product} {ergonomic}
   size_t G1HeapRegionSize                         = 1048576                                   {product} {ergonomic}
    uintx GCDrainStackTargetSize                   = 64                                        {product} {ergonomic}
   size_t InitialHeapSize                          = 125829120                                 {product} {ergonomic}
   size_t MarkStackSize                            = 4194304                                   {product} {ergonomic}
   size_t MaxHeapSize                              = 1992294400                                {product} {ergonomic}
   size_t MaxNewSize                               = 1195376640                                {product} {ergonomic}
   size_t MinHeapDeltaBytes                        = 1048576                                   {product} {ergonomic}
   size_t MinHeapSize                              = 8388608                                   {product} {ergonomic}
    uintx NonNMethodCodeHeapSize                   = 7602480                                {pd product} {ergonomic}
    uintx NonProfiledCodeHeapSize                  = 122027880                              {pd product} {ergonomic}
    uintx ProfiledCodeHeapSize                     = 122027880                              {pd product} {ergonomic}
    uintx ReservedCodeCacheSize                    = 251658240                              {pd product} {ergonomic}
     bool SegmentedCodeCache                       = true                                      {product} {ergonomic}
   size_t SoftMaxHeapSize                          = 1992294400                             {manageable} {ergonomic}
     bool UseCompressedOops                        = true                           {product lp64_product} {ergonomic}
     bool UseG1GC                                  = true                                      {product} {ergonomic}
     bool UseLargePagesIndividualAllocation        = false                                  {pd product} {ergonomic}

Logging:
Log output configuration:
 #0: stdout all=warning uptime,level,tags foldmultilines=false
 #1: stderr all=off uptime,level,tags foldmultilines=false

Environment Variables:
PATH=C:\Program Files (x86)\Common Files\Oracle\Java\java8path;C:\Program Files (x86)\Common Files\Oracle\Java\javapath;C:\Python312\Scripts\;C:\Python312\;C:\Windows\system32;C:\Windows;C:\Windows\System32\Wbem;C:\Windows\System32\WindowsPowerShell\v1.0\;C:\Windows\System32\OpenSSH\;C:\Program Files (x86)\NVIDIA Corporation\PhysX\Common;C:\Program Files\NVIDIA Corporation\NVIDIA NvDLISR;C:\Program Files\dotnet\;C:\Program Files (x86)\dotnet\;C:\Program Files\nodejs\;C:\ProgramData\chocolatey\bin;C:\Users\Gbolzyb\AppData\Local\Microsoft\WindowsApps;C:\Users\Gbolzyb\AppData\Local\Programs\Microsoft VS Code\bin;C:\Program Files\nodejs\;C:\Users\Gbolzyb\AppData\Local\GitHubDesktop\bin;C:\Users\Gbolzyb\AppData\Roaming\npm
USERNAME=Gbolzyb
OS=Windows_NT
PROCESSOR_IDENTIFIER=AMD64 Family 23 Model 96 Stepping 1, AuthenticAMD
TMP=C:\Users\Gbolzyb\AppData\Local\Temp
TEMP=C:\Users\Gbolzyb\AppData\Local\Temp




Periodic native trim disabled

JNI global refs:
JNI global refs: 18, weak refs: 0

JNI global refs memory usage: 835, weak refs: 833

Process memory usage:
Resident Set Size: 97164K (1% of 7781696K total physical memory with 56764K free physical memory)

OOME stack traces (most recent first):
Classloader memory used:
Loader jdk.internal.loader.ClassLoaders$AppClassLoader                                 : 47331K
Loader bootstrap                                                                       : 12426K
Loader java.net.URLClassLoader                                                         : 371K

---------------  S Y S T E M  ---------------

OS:
 Windows 10 , 64 bit Build 19041 (10.0.19041.5198)
OS uptime: 13 days 22:47 hours

CPU: total 16 (initial active 16) (16 cores per cpu, 2 threads per core) family 23 model 96 stepping 1 microcode 0x0, cx8, cmov, fxsr, ht, mmx, 3dnowpref, sse, sse2, sse3, ssse3, sse4a, sse4.1, sse4.2, popcnt, lzcnt, tsc, tscinvbit, avx, avx2, aes, clmul, bmi1, bmi2, adx, sha, fma, vzeroupper, clflush, clflushopt, rdtscp, rdpid, f16c
Processor Information for all 16 processors :
  Max Mhz: 2901, Current Mhz: 2901, Mhz Limit: 2901

Memory: 4k page, system-wide physical 7599M (32M free)
TotalPageFile size 31151M (AvailPageFile size 35M)
current process WorkingSet (physical memory assigned to process): 100M, peak: 136M
current process commit charge ("private bytes"): 363M, peak: 402M

vm_info: OpenJDK 64-Bit Server VM (21.0.3+-12282718-b509.11) for windows-amd64 JRE (21.0.3+-12282718-b509.11), built on 2024-08-27T17:34:15Z by "builder" with MS VC++ 16.10 / 16.11 (VS2019)

END.
