#
# There is insufficient memory for the Java Runtime Environment to continue.
# Native memory allocation (mmap) failed to map 185597952 bytes. Error detail: G1 virtual space
# Possible reasons:
#   The system is out of physical RAM or swap space
#   This process is running with CompressedOops enabled, and the Java Heap may be blocking the growth of the native heap
# Possible solutions:
#   Reduce memory load on the system
#   Increase physical memory or swap space
#   Check if swap backing store is full
#   Decrease Java heap size (-Xmx/-Xms)
#   Decrease number of Java threads
#   Decrease Java thread stack sizes (-Xss)
#   Set larger code cache with -XX:ReservedCodeCacheSize=
#   JVM is running with Unscaled Compressed Oops mode in which the Java heap is
#     placed in the first 4GB address space. The Java Heap base address is the
#     maximum limit for the native heap growth. Please use -XX:HeapBaseMinAddress
#     to set the Java Heap base and to place the Java Heap above 4GB virtual address.
# This output file may be truncated or incomplete.
#
#  Out of Memory Error (os_windows.cpp:3815), pid=12740, tid=24212
#
# JRE version: OpenJDK Runtime Environment (21.0.3) (build 21.0.3+-12282718-b509.11)
# Java VM: OpenJDK 64-Bit Server VM (21.0.3+-12282718-b509.11, mixed mode, tiered, compressed oops, compressed class ptrs, g1 gc, windows-amd64)
# No core dump will be written. Minidumps are not enabled by default on client versions of Windows
#

---------------  S U M M A R Y ------------

Command Line: org.jetbrains.kotlin.cli.jvm.K2JVMCompiler @C:\Users\Gbolzyb\AndroidStudioProjects\MADProject\app\build\20250307_14753672333163982688.compiler.options

Host: AMD Ryzen 7 4800H with Radeon Graphics         , 16 cores, 7G,  Windows 10 , 64 bit Build 19041 (10.0.19041.5198)
Time: Fri Mar  7 18:06:51 2025 GMT Standard Time elapsed time: 120.161688 seconds (0d 0h 2m 0s)

---------------  T H R E A D  ---------------

Current thread (0x000001d1f79a59d0):  VMThread "VM Thread"          [id=24212, stack(0x0000004727300000,0x0000004727400000) (1024K)]

Stack: [0x0000004727300000,0x0000004727400000]
Native frames: (J=compiled Java code, j=interpreted, Vv=VM code, C=native code)
V  [jvm.dll+0x6cafb9]
V  [jvm.dll+0x858523]
V  [jvm.dll+0x85aa7e]
V  [jvm.dll+0x85b163]
V  [jvm.dll+0x27d356]
V  [jvm.dll+0x6c7865]
V  [jvm.dll+0x6bbd3a]
V  [jvm.dll+0x35199b]
V  [jvm.dll+0x3595d6]
V  [jvm.dll+0x3aa826]
V  [jvm.dll+0x3aaaf8]
V  [jvm.dll+0x3240bc]
V  [jvm.dll+0x324147]
V  [jvm.dll+0x36a00c]
V  [jvm.dll+0x36879e]
V  [jvm.dll+0x3237c1]
V  [jvm.dll+0x367eb0]
V  [jvm.dll+0x860ac8]
V  [jvm.dll+0x861bc4]
V  [jvm.dll+0x862100]
V  [jvm.dll+0x862393]
V  [jvm.dll+0x800d78]
V  [jvm.dll+0x6c98cd]
C  [ucrtbase.dll+0x21bb2]
C  [KERNEL32.DLL+0x17374]
C  [ntdll.dll+0x4cc91]

VM_Operation (0x0000004726cfc360): G1CollectForAllocation, mode: safepoint, requested by thread 0x000001d1ec98c230


---------------  P R O C E S S  ---------------

Threads class SMR info:
_java_thread_list=0x000001d1f7d3ced0, length=11, elements={
0x000001d1ec98c230, 0x000001d1f7b8f920, 0x000001d1f7b6f300, 0x000001d1f7b70500,
0x000001d1f7b70f60, 0x000001d1f7b719c0, 0x000001d1f7b72420, 0x000001d1f7b751c0,
0x000001d1f7b8ff90, 0x000001d1f7d35570, 0x000001d1f7d43e20
}

Java Threads: ( => current thread )
  0x000001d1ec98c230 JavaThread "main"                              [_thread_blocked, id=13592, stack(0x0000004726c00000,0x0000004726d00000) (1024K)]
  0x000001d1f7b8f920 JavaThread "Reference Handler"          daemon [_thread_blocked, id=26912, stack(0x0000004727400000,0x0000004727500000) (1024K)]
  0x000001d1f7b6f300 JavaThread "Finalizer"                  daemon [_thread_blocked, id=24636, stack(0x0000004727500000,0x0000004727600000) (1024K)]
  0x000001d1f7b70500 JavaThread "Signal Dispatcher"          daemon [_thread_blocked, id=26864, stack(0x0000004727600000,0x0000004727700000) (1024K)]
  0x000001d1f7b70f60 JavaThread "Attach Listener"            daemon [_thread_blocked, id=24876, stack(0x0000004727700000,0x0000004727800000) (1024K)]
  0x000001d1f7b719c0 JavaThread "Service Thread"             daemon [_thread_blocked, id=9784, stack(0x0000004727800000,0x0000004727900000) (1024K)]
  0x000001d1f7b72420 JavaThread "Monitor Deflation Thread"   daemon [_thread_blocked, id=19320, stack(0x0000004727900000,0x0000004727a00000) (1024K)]
  0x000001d1f7b751c0 JavaThread "C2 CompilerThread0"         daemon [_thread_blocked, id=25620, stack(0x0000004727a00000,0x0000004727b00000) (1024K)]
  0x000001d1f7b8ff90 JavaThread "C1 CompilerThread0"         daemon [_thread_blocked, id=21280, stack(0x0000004727b00000,0x0000004727c00000) (1024K)]
  0x000001d1f7d35570 JavaThread "Notification Thread"        daemon [_thread_blocked, id=25668, stack(0x0000004727c00000,0x0000004727d00000) (1024K)]
  0x000001d1f7d43e20 JavaThread "Common-Cleaner"             daemon [_thread_blocked, id=15332, stack(0x0000004727d00000,0x0000004727e00000) (1024K)]
Total: 11

Other Threads:
=>0x000001d1f79a59d0 VMThread "VM Thread"                           [id=24212, stack(0x0000004727300000,0x0000004727400000) (1024K)]
  0x000001d1f79537a0 WatcherThread "VM Periodic Task Thread"        [id=11724, stack(0x0000004727200000,0x0000004727300000) (1024K)]
  0x000001d1eeb2d090 WorkerThread "GC Thread#0"                     [id=26716, stack(0x0000004726d00000,0x0000004726e00000) (1024K)]
  0x000001d1fc53efd0 WorkerThread "GC Thread#1"                     [id=3688, stack(0x0000004727e00000,0x0000004727f00000) (1024K)]
  0x000001d1fc6a10a0 WorkerThread "GC Thread#2"                     [id=26840, stack(0x0000004727f00000,0x0000004728000000) (1024K)]
  0x000001d1fc6a1440 WorkerThread "GC Thread#3"                     [id=23904, stack(0x0000004728000000,0x0000004728100000) (1024K)]
  0x000001d1fc6a1bf0 WorkerThread "GC Thread#4"                     [id=20932, stack(0x0000004728100000,0x0000004728200000) (1024K)]
  0x000001d1fc7c0720 WorkerThread "GC Thread#5"                     [id=26108, stack(0x0000004728200000,0x0000004728300000) (1024K)]
  0x000001d1fc7c1200 WorkerThread "GC Thread#6"                     [id=20164, stack(0x0000004728300000,0x0000004728400000) (1024K)]
  0x000001d1fc7c15a0 WorkerThread "GC Thread#7"                     [id=20188, stack(0x0000004728400000,0x0000004728500000) (1024K)]
  0x000001d1fc7bfc40 WorkerThread "GC Thread#8"                     [id=25664, stack(0x0000004728500000,0x0000004728600000) (1024K)]
  0x000001d1fc9dc730 WorkerThread "GC Thread#9"                     [id=25192, stack(0x0000004728800000,0x0000004728900000) (1024K)]
  0x000001d1fc9dcad0 WorkerThread "GC Thread#10"                    [id=23456, stack(0x0000004728900000,0x0000004728a00000) (1024K)]
  0x000001d1fc9da690 WorkerThread "GC Thread#11"                    [id=21200, stack(0x0000004728a00000,0x0000004728b00000) (1024K)]
  0x000001d1fc9dd210 WorkerThread "GC Thread#12"                    [id=27044, stack(0x0000004728b00000,0x0000004728c00000) (1024K)]
  0x000001d1eeb3cf60 ConcurrentGCThread "G1 Main Marker"            [id=2368, stack(0x0000004726e00000,0x0000004726f00000) (1024K)]
  0x000001d1eeb3da60 WorkerThread "G1 Conc#0"                       [id=15004, stack(0x0000004726f00000,0x0000004727000000) (1024K)]
  0x000001d1fc9d9f50 WorkerThread "G1 Conc#1"                       [id=24096, stack(0x0000004728600000,0x0000004728700000) (1024K)]
  0x000001d1fc9dce70 WorkerThread "G1 Conc#2"                       [id=25184, stack(0x0000004728700000,0x0000004728800000) (1024K)]
  0x000001d1eebae300 ConcurrentGCThread "G1 Refine#0"               [id=22112, stack(0x0000004727000000,0x0000004727100000) (1024K)]
  0x000001d1f7827500 ConcurrentGCThread "G1 Service"                [id=11240, stack(0x0000004727100000,0x0000004727200000) (1024K)]
Total: 21

Threads with active compile tasks:
Total: 0

VM state: at safepoint (normal execution)

VM Mutex/Monitor currently owned by a thread:  ([mutex/lock_event])
[0x00007fff3ee820c8] Threads_lock - owner thread: 0x000001d1f79a59d0
[0x00007fff3ee821c8] Heap_lock - owner thread: 0x000001d1ec98c230

Heap address: 0x0000000089400000, size: 1900 MB, Compressed Oops mode: 32-bit

CDS archive(s) not mapped
Compressed class space mapped at: 0x0000000100000000-0x0000000140000000, reserved size: 1073741824
Narrow klass base: 0x0000000000000000, Narrow klass shift: 3, Narrow klass range: 0x140000000

GC Precious Log:
 CardTable entry size: 512
 Card Set container configuration: InlinePtr #cards 5 size 8 Array Of Cards #cards 12 size 40 Howl #buckets 4 coarsen threshold 1843 Howl Bitmap #cards 512 size 80 coarsen threshold 460 Card regions per heap region 1 cards per card region 2048
 CPUs: 16 total, 16 available
 Memory: 7599M
 Large Page Support: Disabled
 NUMA Support: Disabled
 Compressed Oops: Enabled (32-bit)
 Heap Region Size: 1M
 Heap Min Capacity: 8M
 Heap Initial Capacity: 120M
 Heap Max Capacity: 1900M
 Pre-touch: Disabled
 Parallel Workers: 13
 Concurrent Workers: 3
 Concurrent Refinement Workers: 13
 Periodic GC: Disabled

Heap:
 garbage-first heap   total 181248K, used 38077K [0x0000000089400000, 0x0000000100000000)
  region size 1024K, 2 young (2048K), 2 survivors (2048K)
 Metaspace       used 54491K, committed 55168K, reserved 1114112K
  class space    used 6512K, committed 6848K, reserved 1048576K

Heap Regions: E=young(eden), S=young(survivor), O=old, HS=humongous(starts), HC=humongous(continues), CS=collection set, F=free, TAMS=top-at-mark-start, PB=parsable bottom
|   0|0x0000000089400000, 0x0000000089500000, 0x0000000089500000|100%|HS|  |TAMS 0x0000000089400000| PB 0x0000000089400000| Complete 
|   1|0x0000000089500000, 0x0000000089600000, 0x0000000089600000|100%|HC|  |TAMS 0x0000000089500000| PB 0x0000000089500000| Complete 
|   2|0x0000000089600000, 0x0000000089700000, 0x0000000089700000|100%|HC|  |TAMS 0x0000000089600000| PB 0x0000000089600000| Complete 
|   3|0x0000000089700000, 0x0000000089800000, 0x0000000089800000|100%|HC|  |TAMS 0x0000000089700000| PB 0x0000000089700000| Complete 
|   4|0x0000000089800000, 0x0000000089900000, 0x0000000089900000|100%| O|  |TAMS 0x0000000089800000| PB 0x0000000089800000| Untracked 
|   5|0x0000000089900000, 0x0000000089a00000, 0x0000000089a00000|100%| O|  |TAMS 0x0000000089900000| PB 0x0000000089900000| Untracked 
|   6|0x0000000089a00000, 0x0000000089b00000, 0x0000000089b00000|100%| O|  |TAMS 0x0000000089a00000| PB 0x0000000089a00000| Untracked 
|   7|0x0000000089b00000, 0x0000000089c00000, 0x0000000089c00000|100%| O|  |TAMS 0x0000000089b00000| PB 0x0000000089b00000| Untracked 
|   8|0x0000000089c00000, 0x0000000089d00000, 0x0000000089d00000|100%| O|  |TAMS 0x0000000089c00000| PB 0x0000000089c00000| Untracked 
|   9|0x0000000089d00000, 0x0000000089e00000, 0x0000000089e00000|100%| O|  |TAMS 0x0000000089d00000| PB 0x0000000089d00000| Untracked 
|  10|0x0000000089e00000, 0x0000000089f00000, 0x0000000089f00000|100%| O|  |TAMS 0x0000000089e00000| PB 0x0000000089e00000| Untracked 
|  11|0x0000000089f00000, 0x000000008a000000, 0x000000008a000000|100%| O|  |TAMS 0x0000000089f00000| PB 0x0000000089f00000| Untracked 
|  12|0x000000008a000000, 0x000000008a100000, 0x000000008a100000|100%| O|  |TAMS 0x000000008a000000| PB 0x000000008a000000| Untracked 
|  13|0x000000008a100000, 0x000000008a200000, 0x000000008a200000|100%| O|  |TAMS 0x000000008a100000| PB 0x000000008a100000| Untracked 
|  14|0x000000008a200000, 0x000000008a300000, 0x000000008a300000|100%| O|  |TAMS 0x000000008a200000| PB 0x000000008a200000| Untracked 
|  15|0x000000008a300000, 0x000000008a400000, 0x000000008a400000|100%| O|  |TAMS 0x000000008a300000| PB 0x000000008a300000| Untracked 
|  16|0x000000008a400000, 0x000000008a500000, 0x000000008a500000|100%| O|  |TAMS 0x000000008a400000| PB 0x000000008a400000| Untracked 
|  17|0x000000008a500000, 0x000000008a600000, 0x000000008a600000|100%| O|  |TAMS 0x000000008a500000| PB 0x000000008a500000| Untracked 
|  18|0x000000008a600000, 0x000000008a700000, 0x000000008a700000|100%| O|  |TAMS 0x000000008a600000| PB 0x000000008a600000| Untracked 
|  19|0x000000008a700000, 0x000000008a800000, 0x000000008a800000|100%| O|  |TAMS 0x000000008a700000| PB 0x000000008a700000| Untracked 
|  20|0x000000008a800000, 0x000000008a900000, 0x000000008a900000|100%| O|  |TAMS 0x000000008a800000| PB 0x000000008a800000| Untracked 
|  21|0x000000008a900000, 0x000000008aa00000, 0x000000008aa00000|100%| O|  |TAMS 0x000000008a900000| PB 0x000000008a900000| Untracked 
|  22|0x000000008aa00000, 0x000000008ab00000, 0x000000008ab00000|100%|HS|  |TAMS 0x000000008aa00000| PB 0x000000008aa00000| Complete 
|  23|0x000000008ab00000, 0x000000008ac00000, 0x000000008ac00000|100%|HC|  |TAMS 0x000000008ab00000| PB 0x000000008ab00000| Complete 
|  24|0x000000008ac00000, 0x000000008ad00000, 0x000000008ad00000|100%| O|  |TAMS 0x000000008ac00000| PB 0x000000008ac00000| Untracked 
|  25|0x000000008ad00000, 0x000000008ae00000, 0x000000008ae00000|100%| O|  |TAMS 0x000000008ad00000| PB 0x000000008ad00000| Untracked 
|  26|0x000000008ae00000, 0x000000008af00000, 0x000000008af00000|100%| O|  |TAMS 0x000000008ae00000| PB 0x000000008ae00000| Untracked 
|  27|0x000000008af00000, 0x000000008b000000, 0x000000008b000000|100%| O|  |TAMS 0x000000008af00000| PB 0x000000008af00000| Untracked 
|  28|0x000000008b000000, 0x000000008b100000, 0x000000008b100000|100%| O|  |TAMS 0x000000008b000000| PB 0x000000008b000000| Untracked 
|  29|0x000000008b100000, 0x000000008b200000, 0x000000008b200000|100%| O|  |TAMS 0x000000008b100000| PB 0x000000008b100000| Untracked 
|  30|0x000000008b200000, 0x000000008b300000, 0x000000008b300000|100%| O|  |TAMS 0x000000008b200000| PB 0x000000008b200000| Untracked 
|  31|0x000000008b300000, 0x000000008b400000, 0x000000008b400000|100%| O|  |TAMS 0x000000008b300000| PB 0x000000008b300000| Untracked 
|  32|0x000000008b400000, 0x000000008b500000, 0x000000008b500000|100%| O|  |TAMS 0x000000008b400000| PB 0x000000008b400000| Untracked 
|  33|0x000000008b500000, 0x000000008b600000, 0x000000008b600000|100%| O|  |TAMS 0x000000008b500000| PB 0x000000008b500000| Untracked 
|  34|0x000000008b600000, 0x000000008b700000, 0x000000008b700000|100%| O|  |TAMS 0x000000008b600000| PB 0x000000008b600000| Untracked 
|  35|0x000000008b700000, 0x000000008b712260, 0x000000008b800000|  7%| O|  |TAMS 0x000000008b700000| PB 0x000000008b700000| Untracked 
|  36|0x000000008b800000, 0x000000008b800000, 0x000000008b900000|  0%| F|  |TAMS 0x000000008b800000| PB 0x000000008b800000| Untracked 
|  37|0x000000008b900000, 0x000000008b900000, 0x000000008ba00000|  0%| F|  |TAMS 0x000000008b900000| PB 0x000000008b900000| Untracked 
|  38|0x000000008ba00000, 0x000000008ba00000, 0x000000008bb00000|  0%| F|  |TAMS 0x000000008ba00000| PB 0x000000008ba00000| Untracked 
|  39|0x000000008bb00000, 0x000000008bb00000, 0x000000008bc00000|  0%| F|  |TAMS 0x000000008bb00000| PB 0x000000008bb00000| Untracked 
|  40|0x000000008bc00000, 0x000000008bc00000, 0x000000008bd00000|  0%| F|  |TAMS 0x000000008bc00000| PB 0x000000008bc00000| Untracked 
|  41|0x000000008bd00000, 0x000000008bd00000, 0x000000008be00000|  0%| F|  |TAMS 0x000000008bd00000| PB 0x000000008bd00000| Untracked 
|  42|0x000000008be00000, 0x000000008be00000, 0x000000008bf00000|  0%| F|  |TAMS 0x000000008be00000| PB 0x000000008be00000| Untracked 
|  43|0x000000008bf00000, 0x000000008bf00000, 0x000000008c000000|  0%| F|  |TAMS 0x000000008bf00000| PB 0x000000008bf00000| Untracked 
|  44|0x000000008c000000, 0x000000008c000000, 0x000000008c100000|  0%| F|  |TAMS 0x000000008c000000| PB 0x000000008c000000| Untracked 
|  45|0x000000008c100000, 0x000000008c100000, 0x000000008c200000|  0%| F|  |TAMS 0x000000008c100000| PB 0x000000008c100000| Untracked 
|  46|0x000000008c200000, 0x000000008c200000, 0x000000008c300000|  0%| F|  |TAMS 0x000000008c200000| PB 0x000000008c200000| Untracked 
|  47|0x000000008c300000, 0x000000008c300000, 0x000000008c400000|  0%| F|  |TAMS 0x000000008c300000| PB 0x000000008c300000| Untracked 
|  48|0x000000008c400000, 0x000000008c400000, 0x000000008c500000|  0%| F|  |TAMS 0x000000008c400000| PB 0x000000008c400000| Untracked 
|  49|0x000000008c500000, 0x000000008c500000, 0x000000008c600000|  0%| F|  |TAMS 0x000000008c500000| PB 0x000000008c500000| Untracked 
|  50|0x000000008c600000, 0x000000008c600000, 0x000000008c700000|  0%| F|  |TAMS 0x000000008c600000| PB 0x000000008c600000| Untracked 
|  51|0x000000008c700000, 0x000000008c700000, 0x000000008c800000|  0%| F|  |TAMS 0x000000008c700000| PB 0x000000008c700000| Untracked 
|  52|0x000000008c800000, 0x000000008c800000, 0x000000008c900000|  0%| F|  |TAMS 0x000000008c800000| PB 0x000000008c800000| Untracked 
|  53|0x000000008c900000, 0x000000008c900000, 0x000000008ca00000|  0%| F|  |TAMS 0x000000008c900000| PB 0x000000008c900000| Untracked 
|  54|0x000000008ca00000, 0x000000008ca00000, 0x000000008cb00000|  0%| F|  |TAMS 0x000000008ca00000| PB 0x000000008ca00000| Untracked 
|  55|0x000000008cb00000, 0x000000008cb00000, 0x000000008cc00000|  0%| F|  |TAMS 0x000000008cb00000| PB 0x000000008cb00000| Untracked 
|  56|0x000000008cc00000, 0x000000008cc00000, 0x000000008cd00000|  0%| F|  |TAMS 0x000000008cc00000| PB 0x000000008cc00000| Untracked 
|  57|0x000000008cd00000, 0x000000008cd00000, 0x000000008ce00000|  0%| F|  |TAMS 0x000000008cd00000| PB 0x000000008cd00000| Untracked 
|  58|0x000000008ce00000, 0x000000008ce00000, 0x000000008cf00000|  0%| F|  |TAMS 0x000000008ce00000| PB 0x000000008ce00000| Untracked 
|  59|0x000000008cf00000, 0x000000008cf00000, 0x000000008d000000|  0%| F|  |TAMS 0x000000008cf00000| PB 0x000000008cf00000| Untracked 
|  60|0x000000008d000000, 0x000000008d000000, 0x000000008d100000|  0%| F|  |TAMS 0x000000008d000000| PB 0x000000008d000000| Untracked 
|  61|0x000000008d100000, 0x000000008d100000, 0x000000008d200000|  0%| F|  |TAMS 0x000000008d100000| PB 0x000000008d100000| Untracked 
|  62|0x000000008d200000, 0x000000008d200000, 0x000000008d300000|  0%| F|  |TAMS 0x000000008d200000| PB 0x000000008d200000| Untracked 
|  63|0x000000008d300000, 0x000000008d300000, 0x000000008d400000|  0%| F|  |TAMS 0x000000008d300000| PB 0x000000008d300000| Untracked 
|  64|0x000000008d400000, 0x000000008d400000, 0x000000008d500000|  0%| F|  |TAMS 0x000000008d400000| PB 0x000000008d400000| Untracked 
|  65|0x000000008d500000, 0x000000008d500000, 0x000000008d600000|  0%| F|  |TAMS 0x000000008d500000| PB 0x000000008d500000| Untracked 
|  66|0x000000008d600000, 0x000000008d600000, 0x000000008d700000|  0%| F|  |TAMS 0x000000008d600000| PB 0x000000008d600000| Untracked 
|  67|0x000000008d700000, 0x000000008d700000, 0x000000008d800000|  0%| F|  |TAMS 0x000000008d700000| PB 0x000000008d700000| Untracked 
|  68|0x000000008d800000, 0x000000008d800000, 0x000000008d900000|  0%| F|  |TAMS 0x000000008d800000| PB 0x000000008d800000| Untracked 
|  69|0x000000008d900000, 0x000000008d900000, 0x000000008da00000|  0%| F|  |TAMS 0x000000008d900000| PB 0x000000008d900000| Untracked 
|  70|0x000000008da00000, 0x000000008da00000, 0x000000008db00000|  0%| F|  |TAMS 0x000000008da00000| PB 0x000000008da00000| Untracked 
|  71|0x000000008db00000, 0x000000008db00000, 0x000000008dc00000|  0%| F|  |TAMS 0x000000008db00000| PB 0x000000008db00000| Untracked 
|  72|0x000000008dc00000, 0x000000008dc00000, 0x000000008dd00000|  0%| F|  |TAMS 0x000000008dc00000| PB 0x000000008dc00000| Untracked 
|  73|0x000000008dd00000, 0x000000008dd00000, 0x000000008de00000|  0%| F|  |TAMS 0x000000008dd00000| PB 0x000000008dd00000| Untracked 
|  74|0x000000008de00000, 0x000000008de00000, 0x000000008df00000|  0%| F|  |TAMS 0x000000008de00000| PB 0x000000008de00000| Untracked 
|  75|0x000000008df00000, 0x000000008df00000, 0x000000008e000000|  0%| F|  |TAMS 0x000000008df00000| PB 0x000000008df00000| Untracked 
|  76|0x000000008e000000, 0x000000008e000000, 0x000000008e100000|  0%| F|  |TAMS 0x000000008e000000| PB 0x000000008e000000| Untracked 
|  77|0x000000008e100000, 0x000000008e100000, 0x000000008e200000|  0%| F|  |TAMS 0x000000008e100000| PB 0x000000008e100000| Untracked 
|  78|0x000000008e200000, 0x000000008e200000, 0x000000008e300000|  0%| F|  |TAMS 0x000000008e200000| PB 0x000000008e200000| Untracked 
|  79|0x000000008e300000, 0x000000008e300000, 0x000000008e400000|  0%| F|  |TAMS 0x000000008e300000| PB 0x000000008e300000| Untracked 
|  80|0x000000008e400000, 0x000000008e400000, 0x000000008e500000|  0%| F|  |TAMS 0x000000008e400000| PB 0x000000008e400000| Untracked 
|  81|0x000000008e500000, 0x000000008e500000, 0x000000008e600000|  0%| F|  |TAMS 0x000000008e500000| PB 0x000000008e500000| Untracked 
|  82|0x000000008e600000, 0x000000008e600000, 0x000000008e700000|  0%| F|  |TAMS 0x000000008e600000| PB 0x000000008e600000| Untracked 
|  83|0x000000008e700000, 0x000000008e700000, 0x000000008e800000|  0%| F|  |TAMS 0x000000008e700000| PB 0x000000008e700000| Untracked 
|  84|0x000000008e800000, 0x000000008e800000, 0x000000008e900000|  0%| F|  |TAMS 0x000000008e800000| PB 0x000000008e800000| Untracked 
|  85|0x000000008e900000, 0x000000008e900000, 0x000000008ea00000|  0%| F|  |TAMS 0x000000008e900000| PB 0x000000008e900000| Untracked 
|  86|0x000000008ea00000, 0x000000008ea00000, 0x000000008eb00000|  0%| F|  |TAMS 0x000000008ea00000| PB 0x000000008ea00000| Untracked 
|  87|0x000000008eb00000, 0x000000008eb00000, 0x000000008ec00000|  0%| F|  |TAMS 0x000000008eb00000| PB 0x000000008eb00000| Untracked 
|  88|0x000000008ec00000, 0x000000008ec00000, 0x000000008ed00000|  0%| F|  |TAMS 0x000000008ec00000| PB 0x000000008ec00000| Untracked 
|  89|0x000000008ed00000, 0x000000008ed00000, 0x000000008ee00000|  0%| F|  |TAMS 0x000000008ed00000| PB 0x000000008ed00000| Untracked 
|  90|0x000000008ee00000, 0x000000008ee00000, 0x000000008ef00000|  0%| F|  |TAMS 0x000000008ee00000| PB 0x000000008ee00000| Untracked 
|  91|0x000000008ef00000, 0x000000008ef00000, 0x000000008f000000|  0%| F|  |TAMS 0x000000008ef00000| PB 0x000000008ef00000| Untracked 
|  92|0x000000008f000000, 0x000000008f000000, 0x000000008f100000|  0%| F|  |TAMS 0x000000008f000000| PB 0x000000008f000000| Untracked 
|  93|0x000000008f100000, 0x000000008f100000, 0x000000008f200000|  0%| F|  |TAMS 0x000000008f100000| PB 0x000000008f100000| Untracked 
|  94|0x000000008f200000, 0x000000008f200000, 0x000000008f300000|  0%| F|  |TAMS 0x000000008f200000| PB 0x000000008f200000| Untracked 
|  95|0x000000008f300000, 0x000000008f300000, 0x000000008f400000|  0%| F|  |TAMS 0x000000008f300000| PB 0x000000008f300000| Untracked 
|  96|0x000000008f400000, 0x000000008f400000, 0x000000008f500000|  0%| F|  |TAMS 0x000000008f400000| PB 0x000000008f400000| Untracked 
|  97|0x000000008f500000, 0x000000008f500000, 0x000000008f600000|  0%| F|  |TAMS 0x000000008f500000| PB 0x000000008f500000| Untracked 
|  98|0x000000008f600000, 0x000000008f600000, 0x000000008f700000|  0%| F|  |TAMS 0x000000008f600000| PB 0x000000008f600000| Untracked 
|  99|0x000000008f700000, 0x000000008f700000, 0x000000008f800000|  0%| F|  |TAMS 0x000000008f700000| PB 0x000000008f700000| Untracked 
| 100|0x000000008f800000, 0x000000008f800000, 0x000000008f900000|  0%| F|  |TAMS 0x000000008f800000| PB 0x000000008f800000| Untracked 
| 101|0x000000008f900000, 0x000000008f900000, 0x000000008fa00000|  0%| F|  |TAMS 0x000000008f900000| PB 0x000000008f900000| Untracked 
| 102|0x000000008fa00000, 0x000000008fa00000, 0x000000008fb00000|  0%| F|  |TAMS 0x000000008fa00000| PB 0x000000008fa00000| Untracked 
| 103|0x000000008fb00000, 0x000000008fb00000, 0x000000008fc00000|  0%| F|  |TAMS 0x000000008fb00000| PB 0x000000008fb00000| Untracked 
| 104|0x000000008fc00000, 0x000000008fc00000, 0x000000008fd00000|  0%| F|  |TAMS 0x000000008fc00000| PB 0x000000008fc00000| Untracked 
| 105|0x000000008fd00000, 0x000000008fd00000, 0x000000008fe00000|  0%| F|  |TAMS 0x000000008fd00000| PB 0x000000008fd00000| Untracked 
| 106|0x000000008fe00000, 0x000000008fe00000, 0x000000008ff00000|  0%| F|  |TAMS 0x000000008fe00000| PB 0x000000008fe00000| Untracked 
| 107|0x000000008ff00000, 0x000000008ff00000, 0x0000000090000000|  0%| F|  |TAMS 0x000000008ff00000| PB 0x000000008ff00000| Untracked 
| 108|0x0000000090000000, 0x0000000090000000, 0x0000000090100000|  0%| F|  |TAMS 0x0000000090000000| PB 0x0000000090000000| Untracked 
| 109|0x0000000090100000, 0x0000000090100000, 0x0000000090200000|  0%| F|  |TAMS 0x0000000090100000| PB 0x0000000090100000| Untracked 
| 110|0x0000000090200000, 0x0000000090200000, 0x0000000090300000|  0%| F|  |TAMS 0x0000000090200000| PB 0x0000000090200000| Untracked 
| 111|0x0000000090300000, 0x0000000090300000, 0x0000000090400000|  0%| F|  |TAMS 0x0000000090300000| PB 0x0000000090300000| Untracked 
| 112|0x0000000090400000, 0x0000000090400000, 0x0000000090500000|  0%| F|  |TAMS 0x0000000090400000| PB 0x0000000090400000| Untracked 
| 113|0x0000000090500000, 0x0000000090500000, 0x0000000090600000|  0%| F|  |TAMS 0x0000000090500000| PB 0x0000000090500000| Untracked 
| 114|0x0000000090600000, 0x0000000090600000, 0x0000000090700000|  0%| F|  |TAMS 0x0000000090600000| PB 0x0000000090600000| Untracked 
| 115|0x0000000090700000, 0x0000000090700000, 0x0000000090800000|  0%| F|  |TAMS 0x0000000090700000| PB 0x0000000090700000| Untracked 
| 116|0x0000000090800000, 0x0000000090800000, 0x0000000090900000|  0%| F|  |TAMS 0x0000000090800000| PB 0x0000000090800000| Untracked 
| 117|0x0000000090900000, 0x0000000090900000, 0x0000000090a00000|  0%| F|  |TAMS 0x0000000090900000| PB 0x0000000090900000| Untracked 
| 118|0x0000000090a00000, 0x0000000090a00000, 0x0000000090b00000|  0%| F|  |TAMS 0x0000000090a00000| PB 0x0000000090a00000| Untracked 
| 119|0x0000000090b00000, 0x0000000090b00000, 0x0000000090c00000|  0%| F|  |TAMS 0x0000000090b00000| PB 0x0000000090b00000| Untracked 
| 120|0x0000000090c00000, 0x0000000090c00000, 0x0000000090d00000|  0%| F|  |TAMS 0x0000000090c00000| PB 0x0000000090c00000| Untracked 
| 121|0x0000000090d00000, 0x0000000090d00000, 0x0000000090e00000|  0%| F|  |TAMS 0x0000000090d00000| PB 0x0000000090d00000| Untracked 
| 122|0x0000000090e00000, 0x0000000090e00000, 0x0000000090f00000|  0%| F|  |TAMS 0x0000000090e00000| PB 0x0000000090e00000| Untracked 
| 123|0x0000000090f00000, 0x0000000090f00000, 0x0000000091000000|  0%| F|  |TAMS 0x0000000090f00000| PB 0x0000000090f00000| Untracked 
| 124|0x0000000091000000, 0x0000000091000000, 0x0000000091100000|  0%| F|  |TAMS 0x0000000091000000| PB 0x0000000091000000| Untracked 
| 125|0x0000000091100000, 0x0000000091100000, 0x0000000091200000|  0%| F|  |TAMS 0x0000000091100000| PB 0x0000000091100000| Untracked 
| 126|0x0000000091200000, 0x0000000091200000, 0x0000000091300000|  0%| F|  |TAMS 0x0000000091200000| PB 0x0000000091200000| Untracked 
| 127|0x0000000091300000, 0x0000000091300000, 0x0000000091400000|  0%| F|  |TAMS 0x0000000091300000| PB 0x0000000091300000| Untracked 
| 128|0x0000000091400000, 0x0000000091400000, 0x0000000091500000|  0%| F|  |TAMS 0x0000000091400000| PB 0x0000000091400000| Untracked 
| 129|0x0000000091500000, 0x0000000091500000, 0x0000000091600000|  0%| F|  |TAMS 0x0000000091500000| PB 0x0000000091500000| Untracked 
| 130|0x0000000091600000, 0x0000000091600000, 0x0000000091700000|  0%| F|  |TAMS 0x0000000091600000| PB 0x0000000091600000| Untracked 
| 131|0x0000000091700000, 0x0000000091700000, 0x0000000091800000|  0%| F|  |TAMS 0x0000000091700000| PB 0x0000000091700000| Untracked 
| 132|0x0000000091800000, 0x0000000091800000, 0x0000000091900000|  0%| F|  |TAMS 0x0000000091800000| PB 0x0000000091800000| Untracked 
| 133|0x0000000091900000, 0x0000000091900000, 0x0000000091a00000|  0%| F|  |TAMS 0x0000000091900000| PB 0x0000000091900000| Untracked 
| 134|0x0000000091a00000, 0x0000000091a00000, 0x0000000091b00000|  0%| F|  |TAMS 0x0000000091a00000| PB 0x0000000091a00000| Untracked 
| 135|0x0000000091b00000, 0x0000000091b00000, 0x0000000091c00000|  0%| F|  |TAMS 0x0000000091b00000| PB 0x0000000091b00000| Untracked 
| 136|0x0000000091c00000, 0x0000000091c00000, 0x0000000091d00000|  0%| F|  |TAMS 0x0000000091c00000| PB 0x0000000091c00000| Untracked 
| 137|0x0000000091d00000, 0x0000000091d00000, 0x0000000091e00000|  0%| F|  |TAMS 0x0000000091d00000| PB 0x0000000091d00000| Untracked 
| 138|0x0000000091e00000, 0x0000000091e00000, 0x0000000091f00000|  0%| F|  |TAMS 0x0000000091e00000| PB 0x0000000091e00000| Untracked 
| 139|0x0000000091f00000, 0x0000000091f00000, 0x0000000092000000|  0%| F|  |TAMS 0x0000000091f00000| PB 0x0000000091f00000| Untracked 
| 140|0x0000000092000000, 0x0000000092000000, 0x0000000092100000|  0%| F|  |TAMS 0x0000000092000000| PB 0x0000000092000000| Untracked 
| 141|0x0000000092100000, 0x0000000092100000, 0x0000000092200000|  0%| F|  |TAMS 0x0000000092100000| PB 0x0000000092100000| Untracked 
| 142|0x0000000092200000, 0x0000000092200000, 0x0000000092300000|  0%| F|  |TAMS 0x0000000092200000| PB 0x0000000092200000| Untracked 
| 143|0x0000000092300000, 0x0000000092300000, 0x0000000092400000|  0%| F|  |TAMS 0x0000000092300000| PB 0x0000000092300000| Untracked 
| 144|0x0000000092400000, 0x0000000092400000, 0x0000000092500000|  0%| F|  |TAMS 0x0000000092400000| PB 0x0000000092400000| Untracked 
| 145|0x0000000092500000, 0x0000000092500000, 0x0000000092600000|  0%| F|  |TAMS 0x0000000092500000| PB 0x0000000092500000| Untracked 
| 146|0x0000000092600000, 0x0000000092600000, 0x0000000092700000|  0%| F|  |TAMS 0x0000000092600000| PB 0x0000000092600000| Untracked 
| 147|0x0000000092700000, 0x0000000092700000, 0x0000000092800000|  0%| F|  |TAMS 0x0000000092700000| PB 0x0000000092700000| Untracked 
| 148|0x0000000092800000, 0x0000000092800000, 0x0000000092900000|  0%| F|  |TAMS 0x0000000092800000| PB 0x0000000092800000| Untracked 
| 149|0x0000000092900000, 0x0000000092900000, 0x0000000092a00000|  0%| F|  |TAMS 0x0000000092900000| PB 0x0000000092900000| Untracked 
| 150|0x0000000092a00000, 0x0000000092a00000, 0x0000000092b00000|  0%| F|  |TAMS 0x0000000092a00000| PB 0x0000000092a00000| Untracked 
| 151|0x0000000092b00000, 0x0000000092b00000, 0x0000000092c00000|  0%| F|  |TAMS 0x0000000092b00000| PB 0x0000000092b00000| Untracked 
| 152|0x0000000092c00000, 0x0000000092c00000, 0x0000000092d00000|  0%| F|  |TAMS 0x0000000092c00000| PB 0x0000000092c00000| Untracked 
| 153|0x0000000092d00000, 0x0000000092d00000, 0x0000000092e00000|  0%| F|  |TAMS 0x0000000092d00000| PB 0x0000000092d00000| Untracked 
| 154|0x0000000092e00000, 0x0000000092e00000, 0x0000000092f00000|  0%| F|  |TAMS 0x0000000092e00000| PB 0x0000000092e00000| Untracked 
| 155|0x0000000092f00000, 0x0000000092f00000, 0x0000000093000000|  0%| F|  |TAMS 0x0000000092f00000| PB 0x0000000092f00000| Untracked 
| 156|0x0000000093000000, 0x0000000093000000, 0x0000000093100000|  0%| F|  |TAMS 0x0000000093000000| PB 0x0000000093000000| Untracked 
| 157|0x0000000093100000, 0x0000000093100000, 0x0000000093200000|  0%| F|  |TAMS 0x0000000093100000| PB 0x0000000093100000| Untracked 
| 158|0x0000000093200000, 0x000000009321d510, 0x0000000093300000| 11%| S|CS|TAMS 0x0000000093200000| PB 0x0000000093200000| Complete 
| 159|0x0000000093300000, 0x0000000093400000, 0x0000000093400000|100%| S|CS|TAMS 0x0000000093300000| PB 0x0000000093300000| Complete 
| 160|0x0000000093400000, 0x0000000093400000, 0x0000000093500000|  0%| F|  |TAMS 0x0000000093400000| PB 0x0000000093400000| Untracked 
| 161|0x0000000093500000, 0x0000000093500000, 0x0000000093600000|  0%| F|  |TAMS 0x0000000093500000| PB 0x0000000093500000| Untracked 
| 162|0x0000000093600000, 0x0000000093600000, 0x0000000093700000|  0%| F|  |TAMS 0x0000000093600000| PB 0x0000000093600000| Untracked 
| 163|0x0000000093700000, 0x0000000093700000, 0x0000000093800000|  0%| F|  |TAMS 0x0000000093700000| PB 0x0000000093700000| Untracked 
| 164|0x0000000093800000, 0x0000000093800000, 0x0000000093900000|  0%| F|  |TAMS 0x0000000093800000| PB 0x0000000093800000| Untracked 
| 165|0x0000000093900000, 0x0000000093900000, 0x0000000093a00000|  0%| F|  |TAMS 0x0000000093900000| PB 0x0000000093900000| Untracked 
| 166|0x0000000093a00000, 0x0000000093a00000, 0x0000000093b00000|  0%| F|  |TAMS 0x0000000093a00000| PB 0x0000000093a00000| Untracked 
| 167|0x0000000093b00000, 0x0000000093b00000, 0x0000000093c00000|  0%| F|  |TAMS 0x0000000093b00000| PB 0x0000000093b00000| Untracked 
| 168|0x0000000093c00000, 0x0000000093c00000, 0x0000000093d00000|  0%| F|  |TAMS 0x0000000093c00000| PB 0x0000000093c00000| Untracked 
| 169|0x0000000093d00000, 0x0000000093d00000, 0x0000000093e00000|  0%| F|  |TAMS 0x0000000093d00000| PB 0x0000000093d00000| Untracked 
| 170|0x0000000093e00000, 0x0000000093e00000, 0x0000000093f00000|  0%| F|  |TAMS 0x0000000093e00000| PB 0x0000000093e00000| Untracked 
| 171|0x0000000093f00000, 0x0000000093f00000, 0x0000000094000000|  0%| F|  |TAMS 0x0000000093f00000| PB 0x0000000093f00000| Untracked 
| 172|0x0000000094000000, 0x0000000094000000, 0x0000000094100000|  0%| F|  |TAMS 0x0000000094000000| PB 0x0000000094000000| Untracked 
| 173|0x0000000094100000, 0x0000000094100000, 0x0000000094200000|  0%| F|  |TAMS 0x0000000094100000| PB 0x0000000094100000| Untracked 
| 174|0x0000000094200000, 0x0000000094200000, 0x0000000094300000|  0%| F|  |TAMS 0x0000000094200000| PB 0x0000000094200000| Untracked 
| 175|0x0000000094300000, 0x0000000094300000, 0x0000000094400000|  0%| F|  |TAMS 0x0000000094300000| PB 0x0000000094300000| Untracked 
|1899|0x00000000fff00000, 0x0000000100000000, 0x0000000100000000|100%| O|  |TAMS 0x00000000fff00000| PB 0x00000000fff00000| Untracked 

Card table byte_map: [0x000001d1f2880000,0x000001d1f2c40000] _byte_map_base: 0x000001d1f2436000

Marking Bits: (CMBitMap*) 0x000001d1eeb2d790
 Bits: [0x000001d1f2c40000, 0x000001d1f49f0000)

Polling page: 0x000001d1eca80000

Metaspace:

Usage:
  Non-class:     46.86 MB used.
      Class:      6.36 MB used.
       Both:     53.21 MB used.

Virtual space:
  Non-class space:       64.00 MB reserved,      47.19 MB ( 74%) committed,  1 nodes.
      Class space:        1.00 GB reserved,       6.69 MB ( <1%) committed,  1 nodes.
             Both:        1.06 GB reserved,      53.88 MB (  5%) committed. 

Chunk freelists:
   Non-Class:  15.94 MB
       Class:  9.33 MB
        Both:  25.27 MB

MaxMetaspaceSize: unlimited
CompressedClassSpaceSize: 1.00 GB
Initial GC threshold: 21.00 MB
Current GC threshold: 58.75 MB
CDS: off
 - commit_granule_bytes: 65536.
 - commit_granule_words: 8192.
 - virtual_space_node_default_size: 8388608.
 - enlarge_chunks_in_place: 1.
 - use_allocation_guard: 0.


Internal statistics:

num_allocs_failed_limit: 6.
num_arena_births: 1218.
num_arena_deaths: 0.
num_vsnodes_births: 2.
num_vsnodes_deaths: 0.
num_space_committed: 860.
num_space_uncommitted: 0.
num_chunks_returned_to_freelist: 6.
num_chunks_taken_from_freelist: 3037.
num_chunk_merges: 6.
num_chunk_splits: 2276.
num_chunks_enlarged: 1674.
num_inconsistent_stats: 0.

CodeHeap 'non-profiled nmethods': size=119168Kb used=2339Kb max_used=2339Kb free=116829Kb
 bounds [0x000001d187ba0000, 0x000001d187e10000, 0x000001d18f000000]
CodeHeap 'profiled nmethods': size=119104Kb used=9769Kb max_used=9769Kb free=109334Kb
 bounds [0x000001d180000000, 0x000001d180990000, 0x000001d187450000]
CodeHeap 'non-nmethods': size=7488Kb used=1549Kb max_used=1590Kb free=5938Kb
 bounds [0x000001d187450000, 0x000001d1876c0000, 0x000001d187ba0000]
 total_blobs=5218 nmethods=4597 adapters=525
 compilation: enabled
              stopped_count=0, restarted_count=0
 full_count=0

Compilation events (20 events):
Event: 109.764 Thread 0x000001d1f7b8ff90 4903       3       org.jetbrains.kotlin.util.slicedMap.SlicedMapImpl::get (68 bytes)
Event: 109.804 Thread 0x000001d1f7b8ff90 nmethod 4903 0x000001d180986610 code [0x000001d180986820, 0x000001d180987068]
Event: 110.665 Thread 0x000001d1f7b8ff90 4904       3       java.lang.Enum::hashCode (21 bytes)
Event: 110.727 Thread 0x000001d1f7b8ff90 nmethod 4904 0x000001d180987290 code [0x000001d180987440, 0x000001d1809875c8]
Event: 111.500 Thread 0x000001d1f7b751c0 4905   !   4       org.jetbrains.kotlin.storage.LockBasedStorageManager$LockBasedLazyValue::invoke (257 bytes)
Event: 112.135 Thread 0x000001d1f7b751c0 nmethod 4905 0x000001d187de7690 code [0x000001d187de78e0, 0x000001d187de8218]
Event: 115.759 Thread 0x000001d1f7b8ff90 4906       1       org.jetbrains.kotlin.load.java.JavaTypeEnhancementState::getDisabledDefaultAnnotations (5 bytes)
Event: 115.807 Thread 0x000001d1f7b8ff90 nmethod 4906 0x000001d187de8910 code [0x000001d187de8aa0, 0x000001d187de8b70]
Event: 115.838 Thread 0x000001d1f7b8ff90 4907       3       kotlin.collections.CollectionsKt___CollectionsKt$asSequence$$inlined$Sequence$1::iterator (12 bytes)
Event: 115.861 Thread 0x000001d1f7b8ff90 nmethod 4907 0x000001d180987690 code [0x000001d180987840, 0x000001d180987a10]
Event: 115.862 Thread 0x000001d1f7b8ff90 4908       3       org.jetbrains.kotlin.com.intellij.psi.search.GlobalSearchScope$FilesScope::getFiles (13 bytes)
Event: 115.870 Thread 0x000001d1f7b8ff90 nmethod 4908 0x000001d180987b10 code [0x000001d180987cc0, 0x000001d180987e40]
Event: 119.537 Thread 0x000001d1f7b8ff90 4909       3       org.jetbrains.kotlin.com.intellij.psi.search.GlobalSearchScope$UnionScope::contains (31 bytes)
Event: 119.581 Thread 0x000001d1f7b8ff90 nmethod 4909 0x000001d180987f10 code [0x000001d180988140, 0x000001d180988850]
Event: 119.583 Thread 0x000001d1f7b8ff90 4910       3       org.jetbrains.kotlin.com.intellij.psi.search.GlobalSearchScope$UnionScope$$Lambda/0x000000010046ed10::<init> (10 bytes)
Event: 119.585 Thread 0x000001d1f7b8ff90 nmethod 4910 0x000001d180988a90 code [0x000001d180988c40, 0x000001d180988df8]
Event: 119.586 Thread 0x000001d1f7b8ff90 4911       3       org.jetbrains.kotlin.com.intellij.psi.search.GlobalSearchScope$FilesScope::contains (6 bytes)
Event: 119.593 Thread 0x000001d1f7b8ff90 nmethod 4911 0x000001d180988e90 code [0x000001d180989080, 0x000001d180989438]
Event: 119.594 Thread 0x000001d1f7b8ff90 4915       3       org.jetbrains.kotlin.cli.jvm.compiler.KotlinToJVMBytecodeCompiler$DirectoriesScope::contains (55 bytes)
Event: 119.672 Thread 0x000001d1f7b8ff90 nmethod 4915 0x000001d180989610 code [0x000001d1809898a0, 0x000001d18098a3d8]

GC Heap History (20 events):
Event: 19.232 GC heap after
{Heap after GC invocations=8 (full 0):
 garbage-first heap   total 49152K, used 21727K [0x0000000089400000, 0x0000000100000000)
  region size 1024K, 3 young (3072K), 3 survivors (3072K)
 Metaspace       used 39708K, committed 39936K, reserved 1114112K
  class space    used 4827K, committed 4928K, reserved 1048576K
}
Event: 20.940 GC heap before
{Heap before GC invocations=8 (full 0):
 garbage-first heap   total 49152K, used 39135K [0x0000000089400000, 0x0000000100000000)
  region size 1024K, 21 young (21504K), 3 survivors (3072K)
 Metaspace       used 43015K, committed 43456K, reserved 1114112K
  class space    used 5171K, committed 5376K, reserved 1048576K
}
Event: 21.448 GC heap after
{Heap after GC invocations=9 (full 0):
 garbage-first heap   total 73728K, used 22158K [0x0000000089400000, 0x0000000100000000)
  region size 1024K, 2 young (2048K), 2 survivors (2048K)
 Metaspace       used 43015K, committed 43456K, reserved 1114112K
  class space    used 5171K, committed 5376K, reserved 1048576K
}
Event: 65.612 GC heap before
{Heap before GC invocations=9 (full 0):
 garbage-first heap   total 73728K, used 60046K [0x0000000089400000, 0x0000000100000000)
  region size 1024K, 37 young (37888K), 2 survivors (2048K)
 Metaspace       used 50640K, committed 51392K, reserved 1114112K
  class space    used 6117K, committed 6464K, reserved 1048576K
}
Event: 66.359 GC heap after
{Heap after GC invocations=10 (full 0):
 garbage-first heap   total 73728K, used 28672K [0x0000000089400000, 0x0000000100000000)
  region size 1024K, 5 young (5120K), 5 survivors (5120K)
 Metaspace       used 50640K, committed 51392K, reserved 1114112K
  class space    used 6117K, committed 6464K, reserved 1048576K
}
Event: 66.497 GC heap before
{Heap before GC invocations=10 (full 0):
 garbage-first heap   total 73728K, used 29696K [0x0000000089400000, 0x0000000100000000)
  region size 1024K, 6 young (6144K), 5 survivors (5120K)
 Metaspace       used 50650K, committed 51392K, reserved 1114112K
  class space    used 6118K, committed 6464K, reserved 1048576K
}
Event: 66.665 GC heap after
{Heap after GC invocations=11 (full 0):
 garbage-first heap   total 73728K, used 29708K [0x0000000089400000, 0x0000000100000000)
  region size 1024K, 1 young (1024K), 1 survivors (1024K)
 Metaspace       used 50650K, committed 51392K, reserved 1114112K
  class space    used 6118K, committed 6464K, reserved 1048576K
}
Event: 73.402 GC heap before
{Heap before GC invocations=11 (full 0):
 garbage-first heap   total 73728K, used 33804K [0x0000000089400000, 0x0000000100000000)
  region size 1024K, 5 young (5120K), 1 survivors (1024K)
 Metaspace       used 51079K, committed 51840K, reserved 1114112K
  class space    used 6164K, committed 6528K, reserved 1048576K
}
Event: 73.549 GC heap after
{Heap after GC invocations=12 (full 0):
 garbage-first heap   total 73728K, used 30702K [0x0000000089400000, 0x0000000100000000)
  region size 1024K, 1 young (1024K), 1 survivors (1024K)
 Metaspace       used 51079K, committed 51840K, reserved 1114112K
  class space    used 6164K, committed 6528K, reserved 1048576K
}
Event: 88.149 GC heap before
{Heap before GC invocations=12 (full 0):
 garbage-first heap   total 73728K, used 34798K [0x0000000089400000, 0x0000000100000000)
  region size 1024K, 6 young (6144K), 1 survivors (1024K)
 Metaspace       used 52131K, committed 52864K, reserved 1114112K
  class space    used 6287K, committed 6656K, reserved 1048576K
}
Event: 88.702 GC heap after
{Heap after GC invocations=13 (full 0):
 garbage-first heap   total 181248K, used 31813K [0x0000000089400000, 0x0000000100000000)
  region size 1024K, 1 young (1024K), 1 survivors (1024K)
 Metaspace       used 52131K, committed 52864K, reserved 1114112K
  class space    used 6287K, committed 6656K, reserved 1048576K
}
Event: 103.418 GC heap before
{Heap before GC invocations=13 (full 0):
 garbage-first heap   total 181248K, used 38981K [0x0000000089400000, 0x0000000100000000)
  region size 1024K, 8 young (8192K), 1 survivors (1024K)
 Metaspace       used 53557K, committed 54336K, reserved 1114112K
  class space    used 6426K, committed 6784K, reserved 1048576K
}
Event: 103.508 GC heap after
{Heap after GC invocations=14 (full 0):
 garbage-first heap   total 181248K, used 32746K [0x0000000089400000, 0x0000000100000000)
  region size 1024K, 1 young (1024K), 1 survivors (1024K)
 Metaspace       used 53557K, committed 54336K, reserved 1114112K
  class space    used 6426K, committed 6784K, reserved 1048576K
}
Event: 103.799 GC heap before
{Heap before GC invocations=14 (full 0):
 garbage-first heap   total 181248K, used 39914K [0x0000000089400000, 0x0000000100000000)
  region size 1024K, 8 young (8192K), 1 survivors (1024K)
 Metaspace       used 53670K, committed 54400K, reserved 1114112K
  class space    used 6428K, committed 6784K, reserved 1048576K
}
Event: 103.821 GC heap after
{Heap after GC invocations=15 (full 0):
 garbage-first heap   total 181248K, used 33448K [0x0000000089400000, 0x0000000100000000)
  region size 1024K, 1 young (1024K), 1 survivors (1024K)
 Metaspace       used 53670K, committed 54400K, reserved 1114112K
  class space    used 6428K, committed 6784K, reserved 1048576K
}
Event: 104.280 GC heap before
{Heap before GC invocations=15 (full 0):
 garbage-first heap   total 181248K, used 45736K [0x0000000089400000, 0x0000000100000000)
  region size 1024K, 13 young (13312K), 1 survivors (1024K)
 Metaspace       used 53761K, committed 54464K, reserved 1114112K
  class space    used 6430K, committed 6784K, reserved 1048576K
}
Event: 104.317 GC heap after
{Heap after GC invocations=16 (full 0):
 garbage-first heap   total 181248K, used 36558K [0x0000000089400000, 0x0000000100000000)
  region size 1024K, 2 young (2048K), 2 survivors (2048K)
 Metaspace       used 53761K, committed 54464K, reserved 1114112K
  class space    used 6430K, committed 6784K, reserved 1048576K
}
Event: 104.366 GC heap before
{Heap before GC invocations=16 (full 0):
 garbage-first heap   total 181248K, used 47822K [0x0000000089400000, 0x0000000100000000)
  region size 1024K, 13 young (13312K), 2 survivors (2048K)
 Metaspace       used 53779K, committed 54528K, reserved 1114112K
  class space    used 6430K, committed 6784K, reserved 1048576K
}
Event: 104.381 GC heap after
{Heap after GC invocations=17 (full 0):
 garbage-first heap   total 181248K, used 37631K [0x0000000089400000, 0x0000000100000000)
  region size 1024K, 2 young (2048K), 2 survivors (2048K)
 Metaspace       used 53779K, committed 54528K, reserved 1114112K
  class space    used 6430K, committed 6784K, reserved 1048576K
}
Event: 119.808 GC heap before
{Heap before GC invocations=17 (full 0):
 garbage-first heap   total 181248K, used 51967K [0x0000000089400000, 0x0000000100000000)
  region size 1024K, 16 young (16384K), 2 survivors (2048K)
 Metaspace       used 54491K, committed 55168K, reserved 1114112K
  class space    used 6512K, committed 6848K, reserved 1048576K
}

Dll operation events (3 events):
Event: 0.269 Loaded shared library C:\Program Files\Android\Android Studio\jbr\bin\java.dll
Event: 0.334 Loaded shared library C:\Program Files\Android\Android Studio\jbr\bin\zip.dll
Event: 5.429 Loaded shared library C:\Program Files\Android\Android Studio\jbr\bin\verify.dll

Deoptimization events (20 events):
Event: 91.602 Thread 0x000001d1ec98c230 Uncommon trap: trap_request=0xffffff45 fr.pc=0x000001d187d890c4 relative=0x00000000000002e4
Event: 91.605 Thread 0x000001d1ec98c230 Uncommon trap: reason=unstable_if action=reinterpret pc=0x000001d187d890c4 method=org.jetbrains.kotlin.name.Name.hashCode()I @ 16 c2
Event: 91.609 Thread 0x000001d1ec98c230 DEOPT PACKING pc=0x000001d187d890c4 sp=0x0000004726cfd920
Event: 91.613 Thread 0x000001d1ec98c230 DEOPT UNPACKING pc=0x000001d1874a46a2 sp=0x0000004726cfd8a8 mode 2
Event: 103.776 Thread 0x000001d1ec98c230 Uncommon trap: trap_request=0xffffff45 fr.pc=0x000001d187d9fadc relative=0x000000000000083c
Event: 103.777 Thread 0x000001d1ec98c230 Uncommon trap: reason=unstable_if action=reinterpret pc=0x000001d187d9fadc method=org.jetbrains.kotlin.metadata.ProtoBuf$Type.getSerializedSize()I @ 328 c2
Event: 103.777 Thread 0x000001d1ec98c230 DEOPT PACKING pc=0x000001d187d9fadc sp=0x0000004726cfa420
Event: 103.778 Thread 0x000001d1ec98c230 DEOPT UNPACKING pc=0x000001d1874a46a2 sp=0x0000004726cfa3c0 mode 2
Event: 104.214 Thread 0x000001d1ec98c230 DEOPT PACKING pc=0x000001d18084721d sp=0x0000004726cfa9b0
Event: 104.215 Thread 0x000001d1ec98c230 DEOPT UNPACKING pc=0x000001d1874a4e42 sp=0x0000004726cf9e60 mode 0
Event: 104.244 Thread 0x000001d1ec98c230 DEOPT PACKING pc=0x000001d18084721d sp=0x0000004726cfa9b0
Event: 104.244 Thread 0x000001d1ec98c230 DEOPT UNPACKING pc=0x000001d1874a4e42 sp=0x0000004726cf9e60 mode 0
Event: 104.348 Thread 0x000001d1ec98c230 DEOPT PACKING pc=0x000001d1808e4080 sp=0x0000004726cfb240
Event: 104.349 Thread 0x000001d1ec98c230 DEOPT UNPACKING pc=0x000001d1874a4e42 sp=0x0000004726cfa718 mode 0
Event: 104.352 Thread 0x000001d1ec98c230 DEOPT PACKING pc=0x000001d1808e4080 sp=0x0000004726cfb240
Event: 104.352 Thread 0x000001d1ec98c230 DEOPT UNPACKING pc=0x000001d1874a4e42 sp=0x0000004726cfa718 mode 0
Event: 104.392 Thread 0x000001d1ec98c230 Uncommon trap: trap_request=0xffffff45 fr.pc=0x000001d187d7a640 relative=0x0000000000001020
Event: 104.392 Thread 0x000001d1ec98c230 Uncommon trap: reason=unstable_if action=reinterpret pc=0x000001d187d7a640 method=gnu.trove.TObjectHash.insertionIndex(Ljava/lang/Object;)I @ 182 c2
Event: 104.393 Thread 0x000001d1ec98c230 DEOPT PACKING pc=0x000001d187d7a640 sp=0x0000004726cfb8b0
Event: 104.393 Thread 0x000001d1ec98c230 DEOPT UNPACKING pc=0x000001d1874a46a2 sp=0x0000004726cfb838 mode 2

Classes loaded (20 events):
Event: 54.942 Loading class java/util/stream/IntPipeline done
Event: 54.942 Loading class java/util/stream/IntPipeline$Head done
Event: 55.182 Loading class java/util/stream/IntPipeline$1
Event: 55.414 Loading class java/util/stream/IntPipeline$1 done
Event: 55.458 Loading class java/util/stream/ReferencePipeline$2
Event: 55.467 Loading class java/util/stream/ReferencePipeline$2 done
Event: 55.569 Loading class java/util/stream/ReferencePipeline$2$1
Event: 55.574 Loading class java/util/stream/ReferencePipeline$2$1 done
Event: 55.576 Loading class java/util/stream/IntPipeline$1$1
Event: 55.581 Loading class java/util/stream/Sink$ChainedInt
Event: 55.584 Loading class java/util/stream/Sink$OfInt
Event: 55.590 Loading class java/util/function/IntConsumer
Event: 55.596 Loading class java/util/function/IntConsumer done
Event: 55.596 Loading class java/util/stream/Sink$OfInt done
Event: 55.601 Loading class java/util/stream/Sink$ChainedInt done
Event: 55.601 Loading class java/util/stream/IntPipeline$1$1 done
Event: 59.733 Loading class java/text/StringCharacterIterator
Event: 59.754 Loading class java/text/CharacterIterator
Event: 59.759 Loading class java/text/CharacterIterator done
Event: 59.759 Loading class java/text/StringCharacterIterator done

Classes unloaded (0 events):
No events

Classes redefined (0 events):
No events

Internal exceptions (20 events):
Event: 28.551 Thread 0x000001d1ec98c230 Exception <a 'java/lang/NoSuchMethodError'{0x000000008e908d78}: 'java.lang.Object java.lang.invoke.DirectMethodHandle$Holder.newInvokeSpecial(java.lang.Object, java.lang.Object, java.lang.Object, java.lang.Object, java.lang.Object, java.lang.Object, java.lang.Object, java.lang.Object, java.lang.Object, java.lang.Object, java.lang.Object, java.lang.Object, java.lang.Object, java.lang.Object, java.lang.Object, java.lang.Object)'> (0x000000008e908d78) 
thrown [s\src\hotspot\share\interpreter\linkResolver.cpp,
Event: 28.582 Thread 0x000001d1ec98c230 Exception <a 'java/lang/NoSuchMethodError'{0x000000008e90e610}: 'java.lang.Object java.lang.invoke.DirectMethodHandle$Holder.invokeSpecial(java.lang.Object, java.lang.Object, java.lang.Object, java.lang.Object, java.lang.Object, java.lang.Object, java.lang.Object, java.lang.Object, java.lang.Object, java.lang.Object, java.lang.Object, java.lang.Object, java.lang.Object, java.lang.Object, java.lang.Object, java.lang.Object, java.lang.Object)'> (0x000000008e90e610) 
thrown [s\src\hotspot\share\interpreter\li
Event: 28.589 Thread 0x000001d1ec98c230 Exception <a 'java/lang/NoSuchMethodError'{0x000000008e912f80}: 'java.lang.Object java.lang.invoke.DelegatingMethodHandle$Holder.reinvoke_L(java.lang.Object, java.lang.Object, java.lang.Object, java.lang.Object, java.lang.Object, java.lang.Object, java.lang.Object, java.lang.Object, java.lang.Object, java.lang.Object, java.lang.Object, java.lang.Object, java.lang.Object, java.lang.Object, java.lang.Object, java.lang.Object)'> (0x000000008e912f80) 
thrown [s\src\hotspot\share\interpreter\linkResolver.cpp, l
Event: 29.151 Thread 0x000001d1ec98c230 Exception <a 'java/lang/NoSuchMethodError'{0x000000008e999da0}: 'java.lang.Object java.lang.invoke.DirectMethodHandle$Holder.newInvokeSpecial(java.lang.Object, java.lang.Object, java.lang.Object, java.lang.Object, java.lang.Object, java.lang.Object, java.lang.Object, java.lang.Object, java.lang.Object, java.lang.Object, java.lang.Object, java.lang.Object, java.lang.Object, java.lang.Object, java.lang.Object, java.lang.Object, java.lang.Object, java.lang.Object)'> (0x000000008e999da0) 
thrown [s\src\hotspot
Event: 29.159 Thread 0x000001d1ec98c230 Exception <a 'java/lang/NoSuchMethodError'{0x000000008e99f910}: 'java.lang.Object java.lang.invoke.DirectMethodHandle$Holder.invokeSpecial(java.lang.Object, java.lang.Object, java.lang.Object, java.lang.Object, java.lang.Object, java.lang.Object, java.lang.Object, java.lang.Object, java.lang.Object, java.lang.Object, java.lang.Object, java.lang.Object, java.lang.Object, java.lang.Object, java.lang.Object, java.lang.Object, java.lang.Object, java.lang.Object, java.lang.Object)'> (0x000000008e99f910) 
thrown
Event: 29.163 Thread 0x000001d1ec98c230 Exception <a 'java/lang/NoSuchMethodError'{0x000000008e9a4568}: 'java.lang.Object java.lang.invoke.DelegatingMethodHandle$Holder.reinvoke_L(java.lang.Object, java.lang.Object, java.lang.Object, java.lang.Object, java.lang.Object, java.lang.Object, java.lang.Object, java.lang.Object, java.lang.Object, java.lang.Object, java.lang.Object, java.lang.Object, java.lang.Object, java.lang.Object, java.lang.Object, java.lang.Object, java.lang.Object, java.lang.Object)'> (0x000000008e9a4568) 
thrown [s\src\hotspot\s
Event: 29.678 Thread 0x000001d1ec98c230 Exception <a 'java/lang/NoSuchMethodError'{0x000000008e833ac8}: 'java.lang.Object java.lang.invoke.DirectMethodHandle$Holder.newInvokeSpecial(java.lang.Object, java.lang.Object, java.lang.Object, java.lang.Object, java.lang.Object, java.lang.Object, java.lang.Object, java.lang.Object, java.lang.Object, java.lang.Object, java.lang.Object, java.lang.Object, java.lang.Object, java.lang.Object, java.lang.Object, java.lang.Object, java.lang.Object, java.lang.Object, java.lang.Object, java.lang.Object, java.lang
Event: 29.704 Thread 0x000001d1ec98c230 Exception <a 'java/lang/NoSuchMethodError'{0x000000008e83a8c0}: 'java.lang.Object java.lang.invoke.DirectMethodHandle$Holder.invokeSpecial(java.lang.Object, java.lang.Object, java.lang.Object, java.lang.Object, java.lang.Object, java.lang.Object, java.lang.Object, java.lang.Object, java.lang.Object, java.lang.Object, java.lang.Object, java.lang.Object, java.lang.Object, java.lang.Object, java.lang.Object, java.lang.Object, java.lang.Object, java.lang.Object, java.lang.Object, java.lang.Object, java.lang.Ob
Event: 29.708 Thread 0x000001d1ec98c230 Exception <a 'java/lang/NoSuchMethodError'{0x000000008e840018}: 'java.lang.Object java.lang.invoke.DelegatingMethodHandle$Holder.reinvoke_L(java.lang.Object, java.lang.Object, java.lang.Object, java.lang.Object, java.lang.Object, java.lang.Object, java.lang.Object, java.lang.Object, java.lang.Object, java.lang.Object, java.lang.Object, java.lang.Object, java.lang.Object, java.lang.Object, java.lang.Object, java.lang.Object, java.lang.Object, java.lang.Object, java.lang.Object, java.lang.Object, java.lang.O
Event: 29.808 Thread 0x000001d1ec98c230 Exception <a 'java/lang/NoSuchMethodError'{0x000000008d50bfc0}: 'java.lang.Object java.lang.invoke.DirectMethodHandle$Holder.invokeStatic(java.lang.Object, java.lang.Object, java.lang.Object, java.lang.Object, java.lang.Object, java.lang.Object, java.lang.Object, java.lang.Object, java.lang.Object, java.lang.Object, java.lang.Object, java.lang.Object, java.lang.Object, java.lang.Object, java.lang.Object, java.lang.Object, java.lang.Object, java.lang.Object, java.lang.Object, java.lang.Object, java.lang.Obj
Event: 29.837 Thread 0x000001d1ec98c230 Exception <a 'java/lang/NoSuchMethodError'{0x000000008d53de18}: 'java.lang.Object java.lang.invoke.DirectMethodHandle$Holder.invokeStatic(java.lang.Object, java.lang.Object, java.lang.Object, java.lang.Object, java.lang.Object, java.lang.Object, java.lang.Object, java.lang.Object, java.lang.Object, java.lang.Object, java.lang.Object, java.lang.Object, java.lang.Object, java.lang.Object, java.lang.Object, java.lang.Object, java.lang.Object, java.lang.Object, java.lang.Object, java.lang.Object, java.lang.Obj
Event: 30.712 Thread 0x000001d1ec98c230 Exception <a 'java/lang/NoSuchMethodError'{0x000000008d5aede0}: 'java.lang.Object java.lang.invoke.DirectMethodHandle$Holder.newInvokeSpecial(java.lang.Object, java.lang.Object, java.lang.Object, java.lang.Object, java.lang.Object, java.lang.Object, java.lang.Object, java.lang.Object, java.lang.Object, java.lang.Object, java.lang.Object, java.lang.Object, java.lang.Object)'> (0x000000008d5aede0) 
thrown [s\src\hotspot\share\interpreter\linkResolver.cpp, line 784]
Event: 30.714 Thread 0x000001d1ec98c230 Exception <a 'java/lang/NoSuchMethodError'{0x000000008d5b3d30}: 'java.lang.Object java.lang.invoke.DirectMethodHandle$Holder.invokeSpecial(java.lang.Object, java.lang.Object, java.lang.Object, java.lang.Object, java.lang.Object, java.lang.Object, java.lang.Object, java.lang.Object, java.lang.Object, java.lang.Object, java.lang.Object, java.lang.Object, java.lang.Object, java.lang.Object)'> (0x000000008d5b3d30) 
thrown [s\src\hotspot\share\interpreter\linkResolver.cpp, line 784]
Event: 30.717 Thread 0x000001d1ec98c230 Exception <a 'java/lang/NoSuchMethodError'{0x000000008d5b8260}: 'java.lang.Object java.lang.invoke.DelegatingMethodHandle$Holder.reinvoke_L(java.lang.Object, java.lang.Object, java.lang.Object, java.lang.Object, java.lang.Object, java.lang.Object, java.lang.Object, java.lang.Object, java.lang.Object, java.lang.Object, java.lang.Object, java.lang.Object, java.lang.Object)'> (0x000000008d5b8260) 
thrown [s\src\hotspot\share\interpreter\linkResolver.cpp, line 784]
Event: 36.584 Thread 0x000001d1ec98c230 Exception <a 'java/lang/NoSuchMethodError'{0x000000008cea2920}: 'java.lang.Object java.lang.invoke.DirectMethodHandle$Holder.newInvokeSpecial(java.lang.Object, java.lang.Object, int)'> (0x000000008cea2920) 
thrown [s\src\hotspot\share\interpreter\linkResolver.cpp, line 784]
Event: 39.371 Thread 0x000001d1ec98c230 Implicit null exception at 0x000001d187d126fe to 0x000001d187d127f8
Event: 39.458 Thread 0x000001d1ec98c230 Implicit null exception at 0x000001d187d2a2da to 0x000001d187d2a3d8
Event: 41.224 Thread 0x000001d1ec98c230 Exception <a 'java/lang/NoSuchMethodError'{0x000000008ca38298}: 'java.lang.Object java.lang.invoke.DirectMethodHandle$Holder.newInvokeSpecial(java.lang.Object, java.lang.Object, java.lang.Object, int)'> (0x000000008ca38298) 
thrown [s\src\hotspot\share\interpreter\linkResolver.cpp, line 784]
Event: 41.248 Thread 0x000001d1ec98c230 Exception <a 'java/lang/NoSuchMethodError'{0x000000008ca3c3c8}: 'java.lang.Object java.lang.invoke.DirectMethodHandle$Holder.invokeSpecial(java.lang.Object, java.lang.Object, java.lang.Object, java.lang.Object, int)'> (0x000000008ca3c3c8) 
thrown [s\src\hotspot\share\interpreter\linkResolver.cpp, line 784]
Event: 41.251 Thread 0x000001d1ec98c230 Exception <a 'java/lang/NoSuchMethodError'{0x000000008ca3fb00}: 'java.lang.Object java.lang.invoke.Invokers$Holder.linkToTargetMethod(java.lang.Object, java.lang.Object, int, java.lang.Object)'> (0x000000008ca3fb00) 
thrown [s\src\hotspot\share\interpreter\linkResolver.cpp, line 784]

ZGC Phase Switch (0 events):
No events

VM Operations (20 events):
Event: 104.318 Executing VM operation: G1CollectForAllocation (G1 Evacuation Pause) done
Event: 104.366 Executing VM operation: G1CollectForAllocation (G1 Evacuation Pause)
Event: 104.381 Executing VM operation: G1CollectForAllocation (G1 Evacuation Pause) done
Event: 105.382 Executing VM operation: Cleanup
Event: 105.384 Executing VM operation: Cleanup done
Event: 106.390 Executing VM operation: Cleanup
Event: 106.483 Executing VM operation: Cleanup done
Event: 107.495 Executing VM operation: Cleanup
Event: 107.512 Executing VM operation: Cleanup done
Event: 108.546 Executing VM operation: Cleanup
Event: 109.494 Executing VM operation: Cleanup done
Event: 110.570 Executing VM operation: Cleanup
Event: 110.614 Executing VM operation: Cleanup done
Event: 115.675 Executing VM operation: Cleanup
Event: 115.732 Executing VM operation: Cleanup done
Event: 116.783 Executing VM operation: Cleanup
Event: 117.000 Executing VM operation: Cleanup done
Event: 118.015 Executing VM operation: Cleanup
Event: 118.048 Executing VM operation: Cleanup done
Event: 119.797 Executing VM operation: G1CollectForAllocation (G1 Evacuation Pause)

Events (20 events):
Event: 17.720 Thread 0x000001d1f79a59d0 flushing nmethod 0x000001d180001990
Event: 17.720 Thread 0x000001d1f79a59d0 flushing nmethod 0x000001d180000310
Event: 17.720 Thread 0x000001d1f79a59d0 flushing nmethod 0x000001d180000010
Event: 17.720 Thread 0x000001d1f79a59d0 flushing nmethod 0x000001d187c1cc90
Event: 17.720 Thread 0x000001d1f79a59d0 flushing nmethod 0x000001d187c1bf90
Event: 17.720 Thread 0x000001d1f79a59d0 flushing nmethod 0x000001d187bfab10
Event: 17.720 Thread 0x000001d1f79a59d0 flushing nmethod 0x000001d187bdf710
Event: 17.720 Thread 0x000001d1f79a59d0 flushing nmethod 0x000001d187bd4f90
Event: 17.720 Thread 0x000001d1f79a59d0 flushing nmethod 0x000001d187bcee10
Event: 17.720 Thread 0x000001d1f79a59d0 flushing nmethod 0x000001d187bc8c10
Event: 17.720 Thread 0x000001d1f79a59d0 flushing nmethod 0x000001d187bc7690
Event: 17.720 Thread 0x000001d1f79a59d0 flushing nmethod 0x000001d187bc7090
Event: 17.720 Thread 0x000001d1f79a59d0 flushing nmethod 0x000001d187ba5690
Event: 17.720 Thread 0x000001d1f79a59d0 flushing nmethod 0x000001d187bbbc10
Event: 17.741 Thread 0x000001d1f79a59d0 flushing nmethod 0x000001d187bbaf90
Event: 17.741 Thread 0x000001d1f79a59d0 flushing nmethod 0x000001d187bbab90
Event: 17.741 Thread 0x000001d1f79a59d0 flushing nmethod 0x000001d187bba890
Event: 17.741 Thread 0x000001d1f79a59d0 flushing nmethod 0x000001d187bba490
Event: 17.741 Thread 0x000001d1f79a59d0 flushing nmethod 0x000001d187bb1d10
Event: 17.741 Thread 0x000001d1f79a59d0 flushing nmethod 0x000001d187bacf10


Dynamic libraries:
0x00007ff622ae0000 - 0x00007ff622aea000 	C:\Program Files\Android\Android Studio\jbr\bin\java.exe
0x00007fff7e990000 - 0x00007fff7eb88000 	C:\Windows\SYSTEM32\ntdll.dll
0x00007fff7e010000 - 0x00007fff7e0d2000 	C:\Windows\System32\KERNEL32.DLL
0x00007fff7c300000 - 0x00007fff7c5fe000 	C:\Windows\System32\KERNELBASE.dll
0x00007fff7c600000 - 0x00007fff7c700000 	C:\Windows\System32\ucrtbase.dll
0x00007fff77430000 - 0x00007fff77448000 	C:\Program Files\Android\Android Studio\jbr\bin\jli.dll
0x00007fff748b0000 - 0x00007fff748cb000 	C:\Program Files\Android\Android Studio\jbr\bin\VCRUNTIME140.dll
0x00007fff7e6f0000 - 0x00007fff7e88d000 	C:\Windows\System32\USER32.dll
0x00007fff7c2d0000 - 0x00007fff7c2f2000 	C:\Windows\System32\win32u.dll
0x00007fff7d550000 - 0x00007fff7d57b000 	C:\Windows\System32\GDI32.dll
0x00007fff69b00000 - 0x00007fff69d9a000 	C:\Windows\WinSxS\amd64_microsoft.windows.common-controls_6595b64144ccf1df_6.0.19041.4355_none_60b8b9eb71f62e16\COMCTL32.dll
0x00007fff7c700000 - 0x00007fff7c817000 	C:\Windows\System32\gdi32full.dll
0x00007fff7c8a0000 - 0x00007fff7c93d000 	C:\Windows\System32\msvcp_win.dll
0x00007fff7daa0000 - 0x00007fff7db3e000 	C:\Windows\System32\msvcrt.dll
0x00007fff7e2d0000 - 0x00007fff7e2ff000 	C:\Windows\System32\IMM32.DLL
0x00007fff77f00000 - 0x00007fff77f0c000 	C:\Program Files\Android\Android Studio\jbr\bin\vcruntime140_1.dll
0x00007fff48700000 - 0x00007fff4878d000 	C:\Program Files\Android\Android Studio\jbr\bin\msvcp140.dll
0x00007fff3e2e0000 - 0x00007fff3ef5d000 	C:\Program Files\Android\Android Studio\jbr\bin\server\jvm.dll
0x00007fff7e0e0000 - 0x00007fff7e191000 	C:\Windows\System32\ADVAPI32.dll
0x00007fff7d3e0000 - 0x00007fff7d47f000 	C:\Windows\System32\sechost.dll
0x00007fff7dd50000 - 0x00007fff7de73000 	C:\Windows\System32\RPCRT4.dll
0x00007fff7c870000 - 0x00007fff7c897000 	C:\Windows\System32\bcrypt.dll
0x00007fff7de80000 - 0x00007fff7deeb000 	C:\Windows\System32\WS2_32.dll
0x00007fff7b570000 - 0x00007fff7b5bb000 	C:\Windows\SYSTEM32\POWRPROF.dll
0x00007fff73310000 - 0x00007fff73337000 	C:\Windows\SYSTEM32\WINMM.dll
0x00007fff74f00000 - 0x00007fff74f0a000 	C:\Windows\SYSTEM32\VERSION.dll
0x00007fff7b430000 - 0x00007fff7b442000 	C:\Windows\SYSTEM32\UMPDC.dll
0x00007fff7a850000 - 0x00007fff7a862000 	C:\Windows\SYSTEM32\kernel.appcore.dll
0x00007fff77e70000 - 0x00007fff77e7a000 	C:\Program Files\Android\Android Studio\jbr\bin\jimage.dll
0x00007fff79e20000 - 0x00007fff7a004000 	C:\Windows\SYSTEM32\DBGHELP.DLL
0x00007fff6a470000 - 0x00007fff6a4a4000 	C:\Windows\SYSTEM32\dbgcore.DLL
0x00007fff7c030000 - 0x00007fff7c0b2000 	C:\Windows\System32\bcryptPrimitives.dll
0x00007fff6ce90000 - 0x00007fff6ceaf000 	C:\Program Files\Android\Android Studio\jbr\bin\java.dll
0x00007fff6cc90000 - 0x00007fff6cca8000 	C:\Program Files\Android\Android Studio\jbr\bin\zip.dll
0x00007fff7c9b0000 - 0x00007fff7d11d000 	C:\Windows\System32\SHELL32.dll
0x00007fff7a010000 - 0x00007fff7a7b4000 	C:\Windows\SYSTEM32\windows.storage.dll
0x00007fff7e300000 - 0x00007fff7e653000 	C:\Windows\System32\combase.dll
0x00007fff7ba60000 - 0x00007fff7ba8e000 	C:\Windows\SYSTEM32\Wldp.dll
0x00007fff7d480000 - 0x00007fff7d54d000 	C:\Windows\System32\OLEAUT32.dll
0x00007fff7d9f0000 - 0x00007fff7da9d000 	C:\Windows\System32\SHCORE.dll
0x00007fff7d120000 - 0x00007fff7d175000 	C:\Windows\System32\shlwapi.dll
0x00007fff7bf60000 - 0x00007fff7bf84000 	C:\Windows\SYSTEM32\profapi.dll
0x00007fff778f0000 - 0x00007fff77900000 	C:\Program Files\Android\Android Studio\jbr\bin\net.dll
0x00007fff78530000 - 0x00007fff7863d000 	C:\Windows\SYSTEM32\WINHTTP.dll
0x00007fff7b7c0000 - 0x00007fff7b82a000 	C:\Windows\system32\mswsock.dll
0x00007fff68830000 - 0x00007fff68846000 	C:\Program Files\Android\Android Studio\jbr\bin\nio.dll
0x00007fff748a0000 - 0x00007fff748b0000 	C:\Program Files\Android\Android Studio\jbr\bin\verify.dll

dbghelp: loaded successfully - version: 4.0.5 - missing functions: none
symbol engine: initialized successfully - sym options: 0x614 - pdb path: .;C:\Program Files\Android\Android Studio\jbr\bin;C:\Windows\SYSTEM32;C:\Windows\WinSxS\amd64_microsoft.windows.common-controls_6595b64144ccf1df_6.0.19041.4355_none_60b8b9eb71f62e16;C:\Program Files\Android\Android Studio\jbr\bin\server

VM Arguments:
java_command: org.jetbrains.kotlin.cli.jvm.K2JVMCompiler @C:\Users\Gbolzyb\AndroidStudioProjects\MADProject\app\build\20250307_14753672333163982688.compiler.options
java_class_path (initial): C:\Users\Gbolzyb\.gradle\caches\modules-2\files-2.1\org.jetbrains.kotlin\kotlin-compiler-embeddable\1.9.10\57ca1b0823ae3ecb451a97e1f8e6de0b19ea5294\kotlin-compiler-embeddable-1.9.10.jar;C:\Users\Gbolzyb\.gradle\caches\modules-2\files-2.1\org.jetbrains.kotlin\kotlin-stdlib\1.9.10\72812e8a368917ab5c0a5081b56915ffdfec93b7\kotlin-stdlib-1.9.10.jar;C:\Users\Gbolzyb\.gradle\caches\modules-2\files-2.1\org.jetbrains.kotlin\kotlin-script-runtime\1.9.10\398513a8534701579cccaf5953ea914416b4696c\kotlin-script-runtime-1.9.10.jar;C:\Users\Gbolzyb\.gradle\caches\modules-2\files-2.1\org.jetbrains.kotlin\kotlin-reflect\1.6.10\1cbe9c92c12a94eea200d23c2bbaedaf3daf5132\kotlin-reflect-1.6.10.jar;C:\Users\Gbolzyb\.gradle\caches\modules-2\files-2.1\org.jetbrains.kotlin\kotlin-daemon-embeddable\1.9.10\bda2f7daa6b89d2ded2d9e1e0b0cadaf9446ade1\kotlin-daemon-embeddable-1.9.10.jar;C:\Users\Gbolzyb\.gradle\caches\modules-2\files-2.1\org.jetbrains.intellij.deps\trove4j\1.0.20200330\3afb14d5f9ceb459d724e907a21145e8ff394f02\trove4j-1.0.20200330.jar;C:\Users\Gbolzyb\.gradle\caches\modules-2\files-2.1\org.jetbrains.kotlin\kotlin-stdlib-common\1.9.10\dafaf2c27f27c09220cee312df10917d9a5d97ce\kotlin-stdlib-common-1.9.10.jar;C:\Users\Gbolzyb\.gradle\caches\modules-2\files-2.1\org.jetbrains\annotations\13.0\919f0dfe192fb4e063e7dacadee7f8bb9a2672a9\annotations-13.0.jar
Launcher Type: SUN_STANDARD

[Global flags]
     intx CICompilerCount                          = 12                                        {product} {ergonomic}
     uint ConcGCThreads                            = 3                                         {product} {ergonomic}
     uint G1ConcRefinementThreads                  = 13                                        {product} {ergonomic}
   size_t G1HeapRegionSize                         = 1048576                                   {product} {ergonomic}
    uintx GCDrainStackTargetSize                   = 64                                        {product} {ergonomic}
   size_t InitialHeapSize                          = 125829120                                 {product} {ergonomic}
   size_t MarkStackSize                            = 4194304                                   {product} {ergonomic}
   size_t MaxHeapSize                              = 1992294400                                {product} {ergonomic}
   size_t MaxNewSize                               = 1195376640                                {product} {ergonomic}
   size_t MinHeapDeltaBytes                        = 1048576                                   {product} {ergonomic}
   size_t MinHeapSize                              = 8388608                                   {product} {ergonomic}
    uintx NonNMethodCodeHeapSize                   = 7602480                                {pd product} {ergonomic}
    uintx NonProfiledCodeHeapSize                  = 122027880                              {pd product} {ergonomic}
    uintx ProfiledCodeHeapSize                     = 122027880                              {pd product} {ergonomic}
    uintx ReservedCodeCacheSize                    = 251658240                              {pd product} {ergonomic}
     bool SegmentedCodeCache                       = true                                      {product} {ergonomic}
   size_t SoftMaxHeapSize                          = 1992294400                             {manageable} {ergonomic}
     bool UseCompressedOops                        = true                           {product lp64_product} {ergonomic}
     bool UseG1GC                                  = true                                      {product} {ergonomic}
     bool UseLargePagesIndividualAllocation        = false                                  {pd product} {ergonomic}

Logging:
Log output configuration:
 #0: stdout all=warning uptime,level,tags foldmultilines=false
 #1: stderr all=off uptime,level,tags foldmultilines=false

Environment Variables:
PATH=C:\Program Files (x86)\Common Files\Oracle\Java\java8path;C:\Program Files (x86)\Common Files\Oracle\Java\javapath;C:\Python312\Scripts\;C:\Python312\;C:\Windows\system32;C:\Windows;C:\Windows\System32\Wbem;C:\Windows\System32\WindowsPowerShell\v1.0\;C:\Windows\System32\OpenSSH\;C:\Program Files (x86)\NVIDIA Corporation\PhysX\Common;C:\Program Files\NVIDIA Corporation\NVIDIA NvDLISR;C:\Program Files\dotnet\;C:\Program Files (x86)\dotnet\;C:\Program Files\nodejs\;C:\ProgramData\chocolatey\bin;C:\Users\Gbolzyb\AppData\Local\Microsoft\WindowsApps;C:\Users\Gbolzyb\AppData\Local\Programs\Microsoft VS Code\bin;C:\Program Files\nodejs\;C:\Users\Gbolzyb\AppData\Local\GitHubDesktop\bin;C:\Users\Gbolzyb\AppData\Roaming\npm
USERNAME=Gbolzyb
OS=Windows_NT
PROCESSOR_IDENTIFIER=AMD64 Family 23 Model 96 Stepping 1, AuthenticAMD
TMP=C:\Users\Gbolzyb\AppData\Local\Temp
TEMP=C:\Users\Gbolzyb\AppData\Local\Temp




Periodic native trim disabled

JNI global refs:
JNI global refs: 16, weak refs: 0

JNI global refs memory usage: 835, weak refs: 833

Process memory usage:
Resident Set Size: 2956K (0% of 7781696K total physical memory with 30404K free physical memory)

OOME stack traces (most recent first):
Classloader memory used:
Loader jdk.internal.loader.ClassLoaders$AppClassLoader                                 : 41986K
Loader bootstrap                                                                       : 12262K
Loader java.net.URLClassLoader                                                         : 242K

---------------  S Y S T E M  ---------------

OS:
 Windows 10 , 64 bit Build 19041 (10.0.19041.5198)
OS uptime: 13 days 22:55 hours

CPU: total 16 (initial active 16) (16 cores per cpu, 2 threads per core) family 23 model 96 stepping 1 microcode 0x0, cx8, cmov, fxsr, ht, mmx, 3dnowpref, sse, sse2, sse3, ssse3, sse4a, sse4.1, sse4.2, popcnt, lzcnt, tsc, tscinvbit, avx, avx2, aes, clmul, bmi1, bmi2, adx, sha, fma, vzeroupper, clflush, clflushopt, rdtscp, rdpid, f16c
Processor Information for all 16 processors :
  Max Mhz: 2901, Current Mhz: 2901, Mhz Limit: 2901

Memory: 4k page, system-wide physical 7599M (5M free)
TotalPageFile size 31151M (AvailPageFile size 15M)
current process WorkingSet (physical memory assigned to process): 3M, peak: 91M
current process commit charge ("private bytes"): 353M, peak: 531M

vm_info: OpenJDK 64-Bit Server VM (21.0.3+-12282718-b509.11) for windows-amd64 JRE (21.0.3+-12282718-b509.11), built on 2024-08-27T17:34:15Z by "builder" with MS VC++ 16.10 / 16.11 (VS2019)

END.
