#
# There is insufficient memory for the Java Runtime Environment to continue.
# Native memory allocation (mmap) failed to map 278921216 bytes. Error detail: G1 virtual space
# Possible reasons:
#   The system is out of physical RAM or swap space
#   This process is running with CompressedOops enabled, and the Java Heap may be blocking the growth of the native heap
# Possible solutions:
#   Reduce memory load on the system
#   Increase physical memory or swap space
#   Check if swap backing store is full
#   Decrease Java heap size (-Xmx/-Xms)
#   Decrease number of Java threads
#   Decrease Java thread stack sizes (-Xss)
#   Set larger code cache with -XX:ReservedCodeCacheSize=
#   JVM is running with Unscaled Compressed Oops mode in which the Java heap is
#     placed in the first 4GB address space. The Java Heap base address is the
#     maximum limit for the native heap growth. Please use -XX:HeapBaseMinAddress
#     to set the Java Heap base and to place the Java Heap above 4GB virtual address.
# This output file may be truncated or incomplete.
#
#  Out of Memory Error (os_windows.cpp:3815), pid=26760, tid=20756
#
# JRE version: OpenJDK Runtime Environment (21.0.3) (build 21.0.3+-12282718-b509.11)
# Java VM: OpenJDK 64-Bit Server VM (21.0.3+-12282718-b509.11, mixed mode, tiered, compressed oops, compressed class ptrs, g1 gc, windows-amd64)
# No core dump will be written. Minidumps are not enabled by default on client versions of Windows
#

---------------  S U M M A R Y ------------

Command Line: org.jetbrains.kotlin.cli.jvm.K2JVMCompiler @C:\Users\Gbolzyb\AndroidStudioProjects\MADProject\app\build\20250307_1599617046319422356.compiler.options

Host: AMD Ryzen 7 4800H with Radeon Graphics         , 16 cores, 7G,  Windows 10 , 64 bit Build 19041 (10.0.19041.5198)
Time: Fri Mar  7 18:16:44 2025 GMT Standard Time elapsed time: 64.951034 seconds (0d 0h 1m 4s)

---------------  T H R E A D  ---------------

Current thread (0x000001ae396994a0):  VMThread "VM Thread"          [id=20756, stack(0x00000013ce800000,0x00000013ce900000) (1024K)]

Stack: [0x00000013ce800000,0x00000013ce900000]
Native frames: (J=compiled Java code, j=interpreted, Vv=VM code, C=native code)
V  [jvm.dll+0x6cafb9]
V  [jvm.dll+0x858523]
V  [jvm.dll+0x85aa7e]
V  [jvm.dll+0x85b163]
V  [jvm.dll+0x27d356]
V  [jvm.dll+0x6c7865]
V  [jvm.dll+0x6bbd3a]
V  [jvm.dll+0x35199b]
V  [jvm.dll+0x3595d6]
V  [jvm.dll+0x3aa826]
V  [jvm.dll+0x3aaaf8]
V  [jvm.dll+0x3240bc]
V  [jvm.dll+0x324147]
V  [jvm.dll+0x36a00c]
V  [jvm.dll+0x36879e]
V  [jvm.dll+0x3237c1]
V  [jvm.dll+0x367eb0]
V  [jvm.dll+0x860ac8]
V  [jvm.dll+0x861bc4]
V  [jvm.dll+0x862100]
V  [jvm.dll+0x862393]
V  [jvm.dll+0x800d78]
V  [jvm.dll+0x6c98cd]
C  [ucrtbase.dll+0x21bb2]
C  [KERNEL32.DLL+0x17374]
C  [ntdll.dll+0x4cc91]

VM_Operation (0x00000013ce1fb630): G1CollectForAllocation, mode: safepoint, requested by thread 0x000001ae1f67b340


---------------  P R O C E S S  ---------------

Threads class SMR info:
_java_thread_list=0x000001ae399c4af0, length=11, elements={
0x000001ae1f67b340, 0x000001ae3985c190, 0x000001ae3986a140, 0x000001ae3987c770,
0x000001ae3987d1d0, 0x000001ae3987dc30, 0x000001ae3986b4f0, 0x000001ae398706a0,
0x000001ae39871140, 0x000001ae399e93a0, 0x000001ae39a1f700
}

Java Threads: ( => current thread )
  0x000001ae1f67b340 JavaThread "main"                              [_thread_blocked, id=22692, stack(0x00000013ce100000,0x00000013ce200000) (1024K)]
  0x000001ae3985c190 JavaThread "Reference Handler"          daemon [_thread_blocked, id=3828, stack(0x00000013ce900000,0x00000013cea00000) (1024K)]
  0x000001ae3986a140 JavaThread "Finalizer"                  daemon [_thread_blocked, id=25668, stack(0x00000013cea00000,0x00000013ceb00000) (1024K)]
  0x000001ae3987c770 JavaThread "Signal Dispatcher"          daemon [_thread_blocked, id=20188, stack(0x00000013ceb00000,0x00000013cec00000) (1024K)]
  0x000001ae3987d1d0 JavaThread "Attach Listener"            daemon [_thread_blocked, id=8288, stack(0x00000013cec00000,0x00000013ced00000) (1024K)]
  0x000001ae3987dc30 JavaThread "Service Thread"             daemon [_thread_blocked, id=19348, stack(0x00000013ced00000,0x00000013cee00000) (1024K)]
  0x000001ae3986b4f0 JavaThread "Monitor Deflation Thread"   daemon [_thread_blocked, id=24776, stack(0x00000013cee00000,0x00000013cef00000) (1024K)]
  0x000001ae398706a0 JavaThread "C2 CompilerThread0"         daemon [_thread_blocked, id=23000, stack(0x00000013cef00000,0x00000013cf000000) (1024K)]
  0x000001ae39871140 JavaThread "C1 CompilerThread0"         daemon [_thread_blocked, id=7700, stack(0x00000013cf000000,0x00000013cf100000) (1024K)]
  0x000001ae399e93a0 JavaThread "Notification Thread"        daemon [_thread_blocked, id=18452, stack(0x00000013cf100000,0x00000013cf200000) (1024K)]
  0x000001ae39a1f700 JavaThread "Common-Cleaner"             daemon [_thread_blocked, id=13096, stack(0x00000013cf200000,0x00000013cf300000) (1024K)]
Total: 11

Other Threads:
=>0x000001ae396994a0 VMThread "VM Thread"                           [id=20756, stack(0x00000013ce800000,0x00000013ce900000) (1024K)]
  0x000001ae396474d0 WatcherThread "VM Periodic Task Thread"        [id=7908, stack(0x00000013ce700000,0x00000013ce800000) (1024K)]
  0x000001ae1f85c700 WorkerThread "GC Thread#0"                     [id=16800, stack(0x00000013ce200000,0x00000013ce300000) (1024K)]
  0x000001ae3e58b890 WorkerThread "GC Thread#1"                     [id=27204, stack(0x00000013cf300000,0x00000013cf400000) (1024K)]
  0x000001ae3e587410 WorkerThread "GC Thread#2"                     [id=1320, stack(0x00000013cf400000,0x00000013cf500000) (1024K)]
  0x000001ae3e5c2b10 WorkerThread "GC Thread#3"                     [id=14728, stack(0x00000013cf500000,0x00000013cf600000) (1024K)]
  0x000001ae3e5c32c0 WorkerThread "GC Thread#4"                     [id=26932, stack(0x00000013cf600000,0x00000013cf700000) (1024K)]
  0x000001ae3e6104f0 WorkerThread "GC Thread#5"                     [id=26236, stack(0x00000013cf700000,0x00000013cf800000) (1024K)]
  0x000001ae3e7abc80 WorkerThread "GC Thread#6"                     [id=6480, stack(0x00000013cf800000,0x00000013cf900000) (1024K)]
  0x000001ae3e7ad5e0 WorkerThread "GC Thread#7"                     [id=25276, stack(0x00000013cf900000,0x00000013cfa00000) (1024K)]
  0x000001ae3e7ac3c0 WorkerThread "GC Thread#8"                     [id=26148, stack(0x00000013cfa00000,0x00000013cfb00000) (1024K)]
  0x000001ae3e7acea0 WorkerThread "GC Thread#9"                     [id=4852, stack(0x00000013cfd00000,0x00000013cfe00000) (1024K)]
  0x000001ae3e7aef40 WorkerThread "GC Thread#10"                    [id=27012, stack(0x00000013cfe00000,0x00000013cff00000) (1024K)]
  0x000001ae3e7af680 WorkerThread "GC Thread#11"                    [id=21152, stack(0x00000013cff00000,0x00000013d0000000) (1024K)]
  0x000001ae3e7add20 WorkerThread "GC Thread#12"                    [id=4404, stack(0x00000013d0000000,0x00000013d0100000) (1024K)]
  0x000001ae1f86cd70 ConcurrentGCThread "G1 Main Marker"            [id=20892, stack(0x00000013ce300000,0x00000013ce400000) (1024K)]
  0x000001ae1f86d870 WorkerThread "G1 Conc#0"                       [id=20304, stack(0x00000013ce400000,0x00000013ce500000) (1024K)]
  0x000001ae3e7af2e0 WorkerThread "G1 Conc#1"                       [id=25996, stack(0x00000013cfb00000,0x00000013cfc00000) (1024K)]
  0x000001ae3e7ac020 WorkerThread "G1 Conc#2"                       [id=25212, stack(0x00000013cfc00000,0x00000013cfd00000) (1024K)]
  0x000001ae1f8de500 ConcurrentGCThread "G1 Refine#0"               [id=14600, stack(0x00000013ce500000,0x00000013ce600000) (1024K)]
  0x000001ae3951c290 ConcurrentGCThread "G1 Service"                [id=21312, stack(0x00000013ce600000,0x00000013ce700000) (1024K)]
Total: 21

Threads with active compile tasks:
Total: 0

VM state: at safepoint (normal execution)

VM Mutex/Monitor currently owned by a thread:  ([mutex/lock_event])
[0x00007fff3ee820c8] Threads_lock - owner thread: 0x000001ae396994a0
[0x00007fff3ee821c8] Heap_lock - owner thread: 0x000001ae1f67b340

Heap address: 0x0000000089400000, size: 1900 MB, Compressed Oops mode: 32-bit

CDS archive(s) not mapped
Compressed class space mapped at: 0x0000000100000000-0x0000000140000000, reserved size: 1073741824
Narrow klass base: 0x0000000000000000, Narrow klass shift: 3, Narrow klass range: 0x140000000

GC Precious Log:
 CardTable entry size: 512
 Card Set container configuration: InlinePtr #cards 5 size 8 Array Of Cards #cards 12 size 40 Howl #buckets 4 coarsen threshold 1843 Howl Bitmap #cards 512 size 80 coarsen threshold 460 Card regions per heap region 1 cards per card region 2048
 CPUs: 16 total, 16 available
 Memory: 7599M
 Large Page Support: Disabled
 NUMA Support: Disabled
 Compressed Oops: Enabled (32-bit)
 Heap Region Size: 1M
 Heap Min Capacity: 8M
 Heap Initial Capacity: 120M
 Heap Max Capacity: 1900M
 Pre-touch: Disabled
 Parallel Workers: 13
 Concurrent Workers: 3
 Concurrent Refinement Workers: 13
 Periodic GC: Disabled

Heap:
 garbage-first heap   total 146432K, used 44534K [0x0000000089400000, 0x0000000100000000)
  region size 1024K, 6 young (6144K), 6 survivors (6144K)
 Metaspace       used 57268K, committed 57984K, reserved 1114112K
  class space    used 6720K, committed 7040K, reserved 1048576K

Heap Regions: E=young(eden), S=young(survivor), O=old, HS=humongous(starts), HC=humongous(continues), CS=collection set, F=free, TAMS=top-at-mark-start, PB=parsable bottom
|   0|0x0000000089400000, 0x0000000089500000, 0x0000000089500000|100%|HS|  |TAMS 0x0000000089400000| PB 0x0000000089400000| Complete 
|   1|0x0000000089500000, 0x0000000089600000, 0x0000000089600000|100%|HC|  |TAMS 0x0000000089500000| PB 0x0000000089500000| Complete 
|   2|0x0000000089600000, 0x0000000089700000, 0x0000000089700000|100%|HC|  |TAMS 0x0000000089600000| PB 0x0000000089600000| Complete 
|   3|0x0000000089700000, 0x0000000089800000, 0x0000000089800000|100%|HC|  |TAMS 0x0000000089700000| PB 0x0000000089700000| Complete 
|   4|0x0000000089800000, 0x0000000089900000, 0x0000000089900000|100%| O|  |TAMS 0x0000000089800000| PB 0x0000000089800000| Untracked 
|   5|0x0000000089900000, 0x0000000089a00000, 0x0000000089a00000|100%| O|  |TAMS 0x0000000089900000| PB 0x0000000089900000| Untracked 
|   6|0x0000000089a00000, 0x0000000089b00000, 0x0000000089b00000|100%| O|  |TAMS 0x0000000089a00000| PB 0x0000000089a00000| Untracked 
|   7|0x0000000089b00000, 0x0000000089c00000, 0x0000000089c00000|100%| O|  |TAMS 0x0000000089b00000| PB 0x0000000089b00000| Untracked 
|   8|0x0000000089c00000, 0x0000000089d00000, 0x0000000089d00000|100%| O|  |TAMS 0x0000000089c00000| PB 0x0000000089c00000| Untracked 
|   9|0x0000000089d00000, 0x0000000089e00000, 0x0000000089e00000|100%| O|  |TAMS 0x0000000089d00000| PB 0x0000000089d00000| Untracked 
|  10|0x0000000089e00000, 0x0000000089f00000, 0x0000000089f00000|100%| O|  |TAMS 0x0000000089e00000| PB 0x0000000089e00000| Untracked 
|  11|0x0000000089f00000, 0x000000008a000000, 0x000000008a000000|100%| O|  |TAMS 0x0000000089f00000| PB 0x0000000089f00000| Untracked 
|  12|0x000000008a000000, 0x000000008a100000, 0x000000008a100000|100%| O|  |TAMS 0x000000008a000000| PB 0x000000008a000000| Untracked 
|  13|0x000000008a100000, 0x000000008a200000, 0x000000008a200000|100%| O|  |TAMS 0x000000008a100000| PB 0x000000008a100000| Untracked 
|  14|0x000000008a200000, 0x000000008a300000, 0x000000008a300000|100%| O|  |TAMS 0x000000008a200000| PB 0x000000008a200000| Untracked 
|  15|0x000000008a300000, 0x000000008a400000, 0x000000008a400000|100%| O|  |TAMS 0x000000008a300000| PB 0x000000008a300000| Untracked 
|  16|0x000000008a400000, 0x000000008a500000, 0x000000008a500000|100%| O|  |TAMS 0x000000008a400000| PB 0x000000008a400000| Untracked 
|  17|0x000000008a500000, 0x000000008a600000, 0x000000008a600000|100%|HS|  |TAMS 0x000000008a500000| PB 0x000000008a500000| Complete 
|  18|0x000000008a600000, 0x000000008a700000, 0x000000008a700000|100%|HC|  |TAMS 0x000000008a600000| PB 0x000000008a600000| Complete 
|  19|0x000000008a700000, 0x000000008a800000, 0x000000008a800000|100%| O|  |TAMS 0x000000008a700000| PB 0x000000008a700000| Untracked 
|  20|0x000000008a800000, 0x000000008a900000, 0x000000008a900000|100%| O|  |TAMS 0x000000008a800000| PB 0x000000008a800000| Untracked 
|  21|0x000000008a900000, 0x000000008aa00000, 0x000000008aa00000|100%| O|  |TAMS 0x000000008a900000| PB 0x000000008a900000| Untracked 
|  22|0x000000008aa00000, 0x000000008ab00000, 0x000000008ab00000|100%| O|  |TAMS 0x000000008aa00000| PB 0x000000008aa00000| Untracked 
|  23|0x000000008ab00000, 0x000000008ac00000, 0x000000008ac00000|100%| O|  |TAMS 0x000000008ab00000| PB 0x000000008ab00000| Untracked 
|  24|0x000000008ac00000, 0x000000008ad00000, 0x000000008ad00000|100%| O|  |TAMS 0x000000008ac00000| PB 0x000000008ac00000| Untracked 
|  25|0x000000008ad00000, 0x000000008ae00000, 0x000000008ae00000|100%| O|  |TAMS 0x000000008ad00000| PB 0x000000008ad00000| Untracked 
|  26|0x000000008ae00000, 0x000000008af00000, 0x000000008af00000|100%| O|  |TAMS 0x000000008ae00000| PB 0x000000008ae00000| Untracked 
|  27|0x000000008af00000, 0x000000008b000000, 0x000000008b000000|100%| O|  |TAMS 0x000000008af00000| PB 0x000000008af00000| Untracked 
|  28|0x000000008b000000, 0x000000008b100000, 0x000000008b100000|100%| O|  |TAMS 0x000000008b000000| PB 0x000000008b000000| Untracked 
|  29|0x000000008b100000, 0x000000008b200000, 0x000000008b200000|100%| O|  |TAMS 0x000000008b100000| PB 0x000000008b100000| Untracked 
|  30|0x000000008b200000, 0x000000008b300000, 0x000000008b300000|100%| O|  |TAMS 0x000000008b200000| PB 0x000000008b200000| Untracked 
|  31|0x000000008b300000, 0x000000008b400000, 0x000000008b400000|100%| O|  |TAMS 0x000000008b300000| PB 0x000000008b300000| Untracked 
|  32|0x000000008b400000, 0x000000008b500000, 0x000000008b500000|100%| O|  |TAMS 0x000000008b400000| PB 0x000000008b400000| Untracked 
|  33|0x000000008b500000, 0x000000008b500000, 0x000000008b600000|  0%| F|  |TAMS 0x000000008b500000| PB 0x000000008b500000| Untracked 
|  34|0x000000008b600000, 0x000000008b700000, 0x000000008b700000|100%| O|  |TAMS 0x000000008b600000| PB 0x000000008b600000| Untracked 
|  35|0x000000008b700000, 0x000000008b800000, 0x000000008b800000|100%| O|  |TAMS 0x000000008b700000| PB 0x000000008b700000| Untracked 
|  36|0x000000008b800000, 0x000000008b87dac0, 0x000000008b900000| 49%| O|  |TAMS 0x000000008b800000| PB 0x000000008b800000| Untracked 
|  37|0x000000008b900000, 0x000000008b900000, 0x000000008ba00000|  0%| F|  |TAMS 0x000000008b900000| PB 0x000000008b900000| Untracked 
|  38|0x000000008ba00000, 0x000000008ba00000, 0x000000008bb00000|  0%| F|  |TAMS 0x000000008ba00000| PB 0x000000008ba00000| Untracked 
|  39|0x000000008bb00000, 0x000000008bb00000, 0x000000008bc00000|  0%| F|  |TAMS 0x000000008bb00000| PB 0x000000008bb00000| Untracked 
|  40|0x000000008bc00000, 0x000000008bc00000, 0x000000008bd00000|  0%| F|  |TAMS 0x000000008bc00000| PB 0x000000008bc00000| Untracked 
|  41|0x000000008bd00000, 0x000000008bd00000, 0x000000008be00000|  0%| F|  |TAMS 0x000000008bd00000| PB 0x000000008bd00000| Untracked 
|  42|0x000000008be00000, 0x000000008be00000, 0x000000008bf00000|  0%| F|  |TAMS 0x000000008be00000| PB 0x000000008be00000| Untracked 
|  43|0x000000008bf00000, 0x000000008bf00000, 0x000000008c000000|  0%| F|  |TAMS 0x000000008bf00000| PB 0x000000008bf00000| Untracked 
|  44|0x000000008c000000, 0x000000008c000000, 0x000000008c100000|  0%| F|  |TAMS 0x000000008c000000| PB 0x000000008c000000| Untracked 
|  45|0x000000008c100000, 0x000000008c100000, 0x000000008c200000|  0%| F|  |TAMS 0x000000008c100000| PB 0x000000008c100000| Untracked 
|  46|0x000000008c200000, 0x000000008c200000, 0x000000008c300000|  0%| F|  |TAMS 0x000000008c200000| PB 0x000000008c200000| Untracked 
|  47|0x000000008c300000, 0x000000008c300000, 0x000000008c400000|  0%| F|  |TAMS 0x000000008c300000| PB 0x000000008c300000| Untracked 
|  48|0x000000008c400000, 0x000000008c400000, 0x000000008c500000|  0%| F|  |TAMS 0x000000008c400000| PB 0x000000008c400000| Untracked 
|  49|0x000000008c500000, 0x000000008c500000, 0x000000008c600000|  0%| F|  |TAMS 0x000000008c500000| PB 0x000000008c500000| Untracked 
|  50|0x000000008c600000, 0x000000008c600000, 0x000000008c700000|  0%| F|  |TAMS 0x000000008c600000| PB 0x000000008c600000| Untracked 
|  51|0x000000008c700000, 0x000000008c700000, 0x000000008c800000|  0%| F|  |TAMS 0x000000008c700000| PB 0x000000008c700000| Untracked 
|  52|0x000000008c800000, 0x000000008c800000, 0x000000008c900000|  0%| F|  |TAMS 0x000000008c800000| PB 0x000000008c800000| Untracked 
|  53|0x000000008c900000, 0x000000008c900000, 0x000000008ca00000|  0%| F|  |TAMS 0x000000008c900000| PB 0x000000008c900000| Untracked 
|  54|0x000000008ca00000, 0x000000008ca00000, 0x000000008cb00000|  0%| F|  |TAMS 0x000000008ca00000| PB 0x000000008ca00000| Untracked 
|  55|0x000000008cb00000, 0x000000008cb00000, 0x000000008cc00000|  0%| F|  |TAMS 0x000000008cb00000| PB 0x000000008cb00000| Untracked 
|  56|0x000000008cc00000, 0x000000008cc00000, 0x000000008cd00000|  0%| F|  |TAMS 0x000000008cc00000| PB 0x000000008cc00000| Untracked 
|  57|0x000000008cd00000, 0x000000008cd00000, 0x000000008ce00000|  0%| F|  |TAMS 0x000000008cd00000| PB 0x000000008cd00000| Untracked 
|  58|0x000000008ce00000, 0x000000008ce00000, 0x000000008cf00000|  0%| F|  |TAMS 0x000000008ce00000| PB 0x000000008ce00000| Untracked 
|  59|0x000000008cf00000, 0x000000008cf00000, 0x000000008d000000|  0%| F|  |TAMS 0x000000008cf00000| PB 0x000000008cf00000| Untracked 
|  60|0x000000008d000000, 0x000000008d000000, 0x000000008d100000|  0%| F|  |TAMS 0x000000008d000000| PB 0x000000008d000000| Untracked 
|  61|0x000000008d100000, 0x000000008d100000, 0x000000008d200000|  0%| F|  |TAMS 0x000000008d100000| PB 0x000000008d100000| Untracked 
|  62|0x000000008d200000, 0x000000008d200000, 0x000000008d300000|  0%| F|  |TAMS 0x000000008d200000| PB 0x000000008d200000| Untracked 
|  63|0x000000008d300000, 0x000000008d300000, 0x000000008d400000|  0%| F|  |TAMS 0x000000008d300000| PB 0x000000008d300000| Untracked 
|  64|0x000000008d400000, 0x000000008d400000, 0x000000008d500000|  0%| F|  |TAMS 0x000000008d400000| PB 0x000000008d400000| Untracked 
|  65|0x000000008d500000, 0x000000008d500000, 0x000000008d600000|  0%| F|  |TAMS 0x000000008d500000| PB 0x000000008d500000| Untracked 
|  66|0x000000008d600000, 0x000000008d600000, 0x000000008d700000|  0%| F|  |TAMS 0x000000008d600000| PB 0x000000008d600000| Untracked 
|  67|0x000000008d700000, 0x000000008d700000, 0x000000008d800000|  0%| F|  |TAMS 0x000000008d700000| PB 0x000000008d700000| Untracked 
|  68|0x000000008d800000, 0x000000008d800000, 0x000000008d900000|  0%| F|  |TAMS 0x000000008d800000| PB 0x000000008d800000| Untracked 
|  69|0x000000008d900000, 0x000000008d900000, 0x000000008da00000|  0%| F|  |TAMS 0x000000008d900000| PB 0x000000008d900000| Untracked 
|  70|0x000000008da00000, 0x000000008da00000, 0x000000008db00000|  0%| F|  |TAMS 0x000000008da00000| PB 0x000000008da00000| Untracked 
|  71|0x000000008db00000, 0x000000008db00000, 0x000000008dc00000|  0%| F|  |TAMS 0x000000008db00000| PB 0x000000008db00000| Untracked 
|  72|0x000000008dc00000, 0x000000008dc00000, 0x000000008dd00000|  0%| F|  |TAMS 0x000000008dc00000| PB 0x000000008dc00000| Untracked 
|  73|0x000000008dd00000, 0x000000008dd00000, 0x000000008de00000|  0%| F|  |TAMS 0x000000008dd00000| PB 0x000000008dd00000| Untracked 
|  74|0x000000008de00000, 0x000000008de00000, 0x000000008df00000|  0%| F|  |TAMS 0x000000008de00000| PB 0x000000008de00000| Untracked 
|  75|0x000000008df00000, 0x000000008df00000, 0x000000008e000000|  0%| F|  |TAMS 0x000000008df00000| PB 0x000000008df00000| Untracked 
|  76|0x000000008e000000, 0x000000008e000000, 0x000000008e100000|  0%| F|  |TAMS 0x000000008e000000| PB 0x000000008e000000| Untracked 
|  77|0x000000008e100000, 0x000000008e100000, 0x000000008e200000|  0%| F|  |TAMS 0x000000008e100000| PB 0x000000008e100000| Untracked 
|  78|0x000000008e200000, 0x000000008e200000, 0x000000008e300000|  0%| F|  |TAMS 0x000000008e200000| PB 0x000000008e200000| Untracked 
|  79|0x000000008e300000, 0x000000008e300000, 0x000000008e400000|  0%| F|  |TAMS 0x000000008e300000| PB 0x000000008e300000| Untracked 
|  80|0x000000008e400000, 0x000000008e400000, 0x000000008e500000|  0%| F|  |TAMS 0x000000008e400000| PB 0x000000008e400000| Untracked 
|  81|0x000000008e500000, 0x000000008e500000, 0x000000008e600000|  0%| F|  |TAMS 0x000000008e500000| PB 0x000000008e500000| Untracked 
|  82|0x000000008e600000, 0x000000008e600000, 0x000000008e700000|  0%| F|  |TAMS 0x000000008e600000| PB 0x000000008e600000| Untracked 
|  83|0x000000008e700000, 0x000000008e700000, 0x000000008e800000|  0%| F|  |TAMS 0x000000008e700000| PB 0x000000008e700000| Untracked 
|  84|0x000000008e800000, 0x000000008e800000, 0x000000008e900000|  0%| F|  |TAMS 0x000000008e800000| PB 0x000000008e800000| Untracked 
|  85|0x000000008e900000, 0x000000008e900000, 0x000000008ea00000|  0%| F|  |TAMS 0x000000008e900000| PB 0x000000008e900000| Untracked 
|  86|0x000000008ea00000, 0x000000008ea00000, 0x000000008eb00000|  0%| F|  |TAMS 0x000000008ea00000| PB 0x000000008ea00000| Untracked 
|  87|0x000000008eb00000, 0x000000008eb00000, 0x000000008ec00000|  0%| F|  |TAMS 0x000000008eb00000| PB 0x000000008eb00000| Untracked 
|  88|0x000000008ec00000, 0x000000008ec00000, 0x000000008ed00000|  0%| F|  |TAMS 0x000000008ec00000| PB 0x000000008ec00000| Untracked 
|  89|0x000000008ed00000, 0x000000008ed00000, 0x000000008ee00000|  0%| F|  |TAMS 0x000000008ed00000| PB 0x000000008ed00000| Untracked 
|  90|0x000000008ee00000, 0x000000008ef00000, 0x000000008ef00000|100%| S|CS|TAMS 0x000000008ee00000| PB 0x000000008ee00000| Complete 
|  91|0x000000008ef00000, 0x000000008f000000, 0x000000008f000000|100%| S|CS|TAMS 0x000000008ef00000| PB 0x000000008ef00000| Complete 
|  92|0x000000008f000000, 0x000000008f100000, 0x000000008f100000|100%| S|CS|TAMS 0x000000008f000000| PB 0x000000008f000000| Complete 
|  93|0x000000008f100000, 0x000000008f200000, 0x000000008f200000|100%| S|CS|TAMS 0x000000008f100000| PB 0x000000008f100000| Complete 
|  94|0x000000008f200000, 0x000000008f300000, 0x000000008f300000|100%| S|CS|TAMS 0x000000008f200000| PB 0x000000008f200000| Complete 
|  95|0x000000008f300000, 0x000000008f400000, 0x000000008f400000|100%| S|CS|TAMS 0x000000008f300000| PB 0x000000008f300000| Complete 
|  96|0x000000008f400000, 0x000000008f400000, 0x000000008f500000|  0%| F|  |TAMS 0x000000008f400000| PB 0x000000008f400000| Untracked 
|  97|0x000000008f500000, 0x000000008f500000, 0x000000008f600000|  0%| F|  |TAMS 0x000000008f500000| PB 0x000000008f500000| Untracked 
|  98|0x000000008f600000, 0x000000008f600000, 0x000000008f700000|  0%| F|  |TAMS 0x000000008f600000| PB 0x000000008f600000| Untracked 
|  99|0x000000008f700000, 0x000000008f700000, 0x000000008f800000|  0%| F|  |TAMS 0x000000008f700000| PB 0x000000008f700000| Untracked 
| 100|0x000000008f800000, 0x000000008f800000, 0x000000008f900000|  0%| F|  |TAMS 0x000000008f800000| PB 0x000000008f800000| Untracked 
| 101|0x000000008f900000, 0x000000008f900000, 0x000000008fa00000|  0%| F|  |TAMS 0x000000008f900000| PB 0x000000008f900000| Untracked 
| 102|0x000000008fa00000, 0x000000008fa00000, 0x000000008fb00000|  0%| F|  |TAMS 0x000000008fa00000| PB 0x000000008fa00000| Untracked 
| 103|0x000000008fb00000, 0x000000008fb00000, 0x000000008fc00000|  0%| F|  |TAMS 0x000000008fb00000| PB 0x000000008fb00000| Untracked 
| 104|0x000000008fc00000, 0x000000008fc00000, 0x000000008fd00000|  0%| F|  |TAMS 0x000000008fc00000| PB 0x000000008fc00000| Untracked 
| 105|0x000000008fd00000, 0x000000008fd00000, 0x000000008fe00000|  0%| F|  |TAMS 0x000000008fd00000| PB 0x000000008fd00000| Untracked 
| 106|0x000000008fe00000, 0x000000008fe00000, 0x000000008ff00000|  0%| F|  |TAMS 0x000000008fe00000| PB 0x000000008fe00000| Untracked 
| 107|0x000000008ff00000, 0x000000008ff00000, 0x0000000090000000|  0%| F|  |TAMS 0x000000008ff00000| PB 0x000000008ff00000| Untracked 
| 108|0x0000000090000000, 0x0000000090000000, 0x0000000090100000|  0%| F|  |TAMS 0x0000000090000000| PB 0x0000000090000000| Untracked 
| 109|0x0000000090100000, 0x0000000090100000, 0x0000000090200000|  0%| F|  |TAMS 0x0000000090100000| PB 0x0000000090100000| Untracked 
| 110|0x0000000090200000, 0x0000000090200000, 0x0000000090300000|  0%| F|  |TAMS 0x0000000090200000| PB 0x0000000090200000| Untracked 
| 111|0x0000000090300000, 0x0000000090300000, 0x0000000090400000|  0%| F|  |TAMS 0x0000000090300000| PB 0x0000000090300000| Untracked 
| 112|0x0000000090400000, 0x0000000090400000, 0x0000000090500000|  0%| F|  |TAMS 0x0000000090400000| PB 0x0000000090400000| Untracked 
| 113|0x0000000090500000, 0x0000000090500000, 0x0000000090600000|  0%| F|  |TAMS 0x0000000090500000| PB 0x0000000090500000| Untracked 
| 114|0x0000000090600000, 0x0000000090600000, 0x0000000090700000|  0%| F|  |TAMS 0x0000000090600000| PB 0x0000000090600000| Untracked 
| 115|0x0000000090700000, 0x0000000090700000, 0x0000000090800000|  0%| F|  |TAMS 0x0000000090700000| PB 0x0000000090700000| Untracked 
| 116|0x0000000090800000, 0x0000000090800000, 0x0000000090900000|  0%| F|  |TAMS 0x0000000090800000| PB 0x0000000090800000| Untracked 
| 117|0x0000000090900000, 0x0000000090900000, 0x0000000090a00000|  0%| F|  |TAMS 0x0000000090900000| PB 0x0000000090900000| Untracked 
| 118|0x0000000090a00000, 0x0000000090a00000, 0x0000000090b00000|  0%| F|  |TAMS 0x0000000090a00000| PB 0x0000000090a00000| Untracked 
| 119|0x0000000090b00000, 0x0000000090b00000, 0x0000000090c00000|  0%| F|  |TAMS 0x0000000090b00000| PB 0x0000000090b00000| Untracked 
| 120|0x0000000090c00000, 0x0000000090c00000, 0x0000000090d00000|  0%| F|  |TAMS 0x0000000090c00000| PB 0x0000000090c00000| Untracked 
| 121|0x0000000090d00000, 0x0000000090d00000, 0x0000000090e00000|  0%| F|  |TAMS 0x0000000090d00000| PB 0x0000000090d00000| Untracked 
| 122|0x0000000090e00000, 0x0000000090e00000, 0x0000000090f00000|  0%| F|  |TAMS 0x0000000090e00000| PB 0x0000000090e00000| Untracked 
| 123|0x0000000090f00000, 0x0000000090f00000, 0x0000000091000000|  0%| F|  |TAMS 0x0000000090f00000| PB 0x0000000090f00000| Untracked 
| 124|0x0000000091000000, 0x0000000091000000, 0x0000000091100000|  0%| F|  |TAMS 0x0000000091000000| PB 0x0000000091000000| Untracked 
| 125|0x0000000091100000, 0x0000000091100000, 0x0000000091200000|  0%| F|  |TAMS 0x0000000091100000| PB 0x0000000091100000| Untracked 
| 126|0x0000000091200000, 0x0000000091200000, 0x0000000091300000|  0%| F|  |TAMS 0x0000000091200000| PB 0x0000000091200000| Untracked 
| 127|0x0000000091300000, 0x0000000091300000, 0x0000000091400000|  0%| F|  |TAMS 0x0000000091300000| PB 0x0000000091300000| Untracked 
| 128|0x0000000091400000, 0x0000000091400000, 0x0000000091500000|  0%| F|  |TAMS 0x0000000091400000| PB 0x0000000091400000| Untracked 
| 129|0x0000000091500000, 0x0000000091500000, 0x0000000091600000|  0%| F|  |TAMS 0x0000000091500000| PB 0x0000000091500000| Untracked 
| 130|0x0000000091600000, 0x0000000091600000, 0x0000000091700000|  0%| F|  |TAMS 0x0000000091600000| PB 0x0000000091600000| Untracked 
| 131|0x0000000091700000, 0x0000000091700000, 0x0000000091800000|  0%| F|  |TAMS 0x0000000091700000| PB 0x0000000091700000| Untracked 
| 132|0x0000000091800000, 0x0000000091800000, 0x0000000091900000|  0%| F|  |TAMS 0x0000000091800000| PB 0x0000000091800000| Untracked 
| 133|0x0000000091900000, 0x0000000091900000, 0x0000000091a00000|  0%| F|  |TAMS 0x0000000091900000| PB 0x0000000091900000| Untracked 
| 134|0x0000000091a00000, 0x0000000091a00000, 0x0000000091b00000|  0%| F|  |TAMS 0x0000000091a00000| PB 0x0000000091a00000| Untracked 
| 135|0x0000000091b00000, 0x0000000091b00000, 0x0000000091c00000|  0%| F|  |TAMS 0x0000000091b00000| PB 0x0000000091b00000| Untracked 
| 136|0x0000000091c00000, 0x0000000091c00000, 0x0000000091d00000|  0%| F|  |TAMS 0x0000000091c00000| PB 0x0000000091c00000| Untracked 
| 137|0x0000000091d00000, 0x0000000091d00000, 0x0000000091e00000|  0%| F|  |TAMS 0x0000000091d00000| PB 0x0000000091d00000| Untracked 
| 138|0x0000000091e00000, 0x0000000091e00000, 0x0000000091f00000|  0%| F|  |TAMS 0x0000000091e00000| PB 0x0000000091e00000| Untracked 
| 139|0x0000000091f00000, 0x0000000091f00000, 0x0000000092000000|  0%| F|  |TAMS 0x0000000091f00000| PB 0x0000000091f00000| Untracked 
| 140|0x0000000092000000, 0x0000000092000000, 0x0000000092100000|  0%| F|  |TAMS 0x0000000092000000| PB 0x0000000092000000| Untracked 
|1898|0x00000000ffe00000, 0x00000000fff00000, 0x00000000fff00000|100%| O|  |TAMS 0x00000000ffe00000| PB 0x00000000ffe00000| Untracked 
|1899|0x00000000fff00000, 0x0000000100000000, 0x0000000100000000|100%| O|  |TAMS 0x00000000fff00000| PB 0x00000000fff00000| Untracked 

Card table byte_map: [0x000001ae344e0000,0x000001ae348a0000] _byte_map_base: 0x000001ae34096000

Marking Bits: (CMBitMap*) 0x000001ae1f85ce00
 Bits: [0x000001ae348a0000, 0x000001ae36650000)

Polling page: 0x000001ae24110000

Metaspace:

Usage:
  Non-class:     49.36 MB used.
      Class:      6.56 MB used.
       Both:     55.93 MB used.

Virtual space:
  Non-class space:       64.00 MB reserved,      49.75 MB ( 78%) committed,  1 nodes.
      Class space:        1.00 GB reserved,       6.88 MB ( <1%) committed,  1 nodes.
             Both:        1.06 GB reserved,      56.62 MB (  5%) committed. 

Chunk freelists:
   Non-Class:  13.58 MB
       Class:  9.12 MB
        Both:  22.70 MB

MaxMetaspaceSize: unlimited
CompressedClassSpaceSize: 1.00 GB
Initial GC threshold: 21.00 MB
Current GC threshold: 88.75 MB
CDS: off
 - commit_granule_bytes: 65536.
 - commit_granule_words: 8192.
 - virtual_space_node_default_size: 8388608.
 - enlarge_chunks_in_place: 1.
 - use_allocation_guard: 0.


Internal statistics:

num_allocs_failed_limit: 6.
num_arena_births: 1232.
num_arena_deaths: 0.
num_vsnodes_births: 2.
num_vsnodes_deaths: 0.
num_space_committed: 904.
num_space_uncommitted: 0.
num_chunks_returned_to_freelist: 6.
num_chunks_taken_from_freelist: 3113.
num_chunk_merges: 6.
num_chunk_splits: 2371.
num_chunks_enlarged: 1812.
num_inconsistent_stats: 0.

CodeHeap 'non-profiled nmethods': size=119168Kb used=3100Kb max_used=3100Kb free=116067Kb
 bounds [0x000001ae2bcd0000, 0x000001ae2bfe0000, 0x000001ae33130000]
CodeHeap 'profiled nmethods': size=119104Kb used=14307Kb max_used=14307Kb free=104796Kb
 bounds [0x000001ae24130000, 0x000001ae24f30000, 0x000001ae2b580000]
CodeHeap 'non-nmethods': size=7488Kb used=1561Kb max_used=1598Kb free=5926Kb
 bounds [0x000001ae2b580000, 0x000001ae2b7f0000, 0x000001ae2bcd0000]
 total_blobs=6674 nmethods=6047 adapters=530
 compilation: enabled
              stopped_count=0, restarted_count=0
 full_count=0

Compilation events (20 events):
Event: 64.165 Thread 0x000001ae398706a0 6424       4       org.jetbrains.kotlin.com.intellij.psi.impl.source.tree.CompositeElement::getPsi (46 bytes)
Event: 64.171 Thread 0x000001ae39871140 6425       3       org.jetbrains.kotlin.com.intellij.openapi.diagnostic.Logger::assertTrue (52 bytes)
Event: 64.175 Thread 0x000001ae39871140 nmethod 6425 0x000001ae24f25a10 code [0x000001ae24f25ca0, 0x000001ae24f26688]
Event: 64.190 Thread 0x000001ae39871140 6426       3       java.util.HashMap::containsKey (14 bytes)
Event: 64.191 Thread 0x000001ae39871140 nmethod 6426 0x000001ae24f26a90 code [0x000001ae24f26c40, 0x000001ae24f26dd0]
Event: 64.191 Thread 0x000001ae39871140 6427       1       org.jetbrains.kotlin.resolve.calls.tower.TowerData$TowerLevel::getLevel (5 bytes)
Event: 64.191 Thread 0x000001ae39871140 nmethod 6427 0x000001ae2bfd5510 code [0x000001ae2bfd56a0, 0x000001ae2bfd5768]
Event: 64.191 Thread 0x000001ae39871140 6428       1       org.jetbrains.kotlin.resolve.calls.tower.PSICallResolver$ASTScopeTower::getLocation (5 bytes)
Event: 64.191 Thread 0x000001ae39871140 nmethod 6428 0x000001ae2bfd5810 code [0x000001ae2bfd59a0, 0x000001ae2bfd5a68]
Event: 64.197 Thread 0x000001ae398706a0 nmethod 6424 0x000001ae2bfd5b10 code [0x000001ae2bfd5d60, 0x000001ae2bfd6380]
Event: 64.200 Thread 0x000001ae39871140 6429       3       org.jetbrains.kotlin.resolve.calls.checkers.CallCheckerContext::getLanguageVersionSettings (14 bytes)
Event: 64.202 Thread 0x000001ae39871140 nmethod 6429 0x000001ae24f26e90 code [0x000001ae24f27040, 0x000001ae24f27198]
Event: 64.416 Thread 0x000001ae39871140 6430       1       org.jetbrains.kotlin.resolve.calls.model.KotlinCallComponents::getStatelessCallbacks (5 bytes)
Event: 64.417 Thread 0x000001ae39871140 nmethod 6430 0x000001ae2bfd6a90 code [0x000001ae2bfd6c20, 0x000001ae2bfd6ce8]
Event: 64.537 Thread 0x000001ae39871140 6431       3       org.jetbrains.kotlin.resolve.calls.components.candidate.ResolutionCandidate::processPart (78 bytes)
Event: 64.540 Thread 0x000001ae39871140 nmethod 6431 0x000001ae24f27290 code [0x000001ae24f27500, 0x000001ae24f27f60]
Event: 64.540 Thread 0x000001ae39871140 6432       1       org.jetbrains.kotlin.serialization.deserialization.DeserializationComponents::getClassDataFinder (5 bytes)
Event: 64.540 Thread 0x000001ae39871140 nmethod 6432 0x000001ae2bfd6d90 code [0x000001ae2bfd6f20, 0x000001ae2bfd6fe8]
Event: 64.551 Thread 0x000001ae39871140 6433       3       org.jetbrains.kotlin.resolve.calls.inference.model.NewConstraintSystemImpl::checkState (35 bytes)
Event: 64.552 Thread 0x000001ae39871140 nmethod 6433 0x000001ae24f28310 code [0x000001ae24f28500, 0x000001ae24f28b80]

GC Heap History (20 events):
Event: 17.817 GC heap after
{Heap after GC invocations=8 (full 0):
 garbage-first heap   total 50176K, used 21500K [0x0000000089400000, 0x0000000100000000)
  region size 1024K, 3 young (3072K), 3 survivors (3072K)
 Metaspace       used 40277K, committed 40448K, reserved 1114112K
  class space    used 4866K, committed 4928K, reserved 1048576K
}
Event: 18.240 GC heap before
{Heap before GC invocations=8 (full 0):
 garbage-first heap   total 50176K, used 39932K [0x0000000089400000, 0x0000000100000000)
  region size 1024K, 22 young (22528K), 3 survivors (3072K)
 Metaspace       used 43470K, committed 44096K, reserved 1114112K
  class space    used 5256K, committed 5568K, reserved 1048576K
}
Event: 18.259 GC heap after
{Heap after GC invocations=9 (full 0):
 garbage-first heap   total 68608K, used 21983K [0x0000000089400000, 0x0000000100000000)
  region size 1024K, 2 young (2048K), 2 survivors (2048K)
 Metaspace       used 43470K, committed 44096K, reserved 1114112K
  class space    used 5256K, committed 5568K, reserved 1048576K
}
Event: 20.102 GC heap before
{Heap before GC invocations=9 (full 0):
 garbage-first heap   total 68608K, used 58847K [0x0000000089400000, 0x0000000100000000)
  region size 1024K, 36 young (36864K), 2 survivors (2048K)
 Metaspace       used 50622K, committed 51392K, reserved 1114112K
  class space    used 6119K, committed 6464K, reserved 1048576K
}
Event: 20.279 GC heap after
{Heap after GC invocations=10 (full 0):
 garbage-first heap   total 68608K, used 28908K [0x0000000089400000, 0x0000000100000000)
  region size 1024K, 5 young (5120K), 5 survivors (5120K)
 Metaspace       used 50622K, committed 51392K, reserved 1114112K
  class space    used 6119K, committed 6464K, reserved 1048576K
}
Event: 51.047 GC heap before
{Heap before GC invocations=10 (full 0):
 garbage-first heap   total 68608K, used 57580K [0x0000000089400000, 0x0000000100000000)
  region size 1024K, 32 young (32768K), 5 survivors (5120K)
 Metaspace       used 53778K, committed 54528K, reserved 1114112K
  class space    used 6429K, committed 6784K, reserved 1048576K
}
Event: 52.295 GC heap after
{Heap after GC invocations=11 (full 0):
 garbage-first heap   total 68608K, used 33441K [0x0000000089400000, 0x0000000100000000)
  region size 1024K, 4 young (4096K), 4 survivors (4096K)
 Metaspace       used 53778K, committed 54528K, reserved 1114112K
  class space    used 6429K, committed 6784K, reserved 1048576K
}
Event: 52.875 GC heap before
{Heap before GC invocations=11 (full 0):
 garbage-first heap   total 68608K, used 34465K [0x0000000089400000, 0x0000000100000000)
  region size 1024K, 5 young (5120K), 4 survivors (4096K)
 Metaspace       used 53786K, committed 54528K, reserved 1114112K
  class space    used 6430K, committed 6784K, reserved 1048576K
}
Event: 53.303 GC heap after
{Heap after GC invocations=12 (full 0):
 garbage-first heap   total 68608K, used 33884K [0x0000000089400000, 0x0000000100000000)
  region size 1024K, 1 young (1024K), 1 survivors (1024K)
 Metaspace       used 53786K, committed 54528K, reserved 1114112K
  class space    used 6430K, committed 6784K, reserved 1048576K
}
Event: 53.373 GC heap before
{Heap before GC invocations=12 (full 0):
 garbage-first heap   total 68608K, used 35932K [0x0000000089400000, 0x0000000100000000)
  region size 1024K, 3 young (3072K), 1 survivors (1024K)
 Metaspace       used 53789K, committed 54528K, reserved 1114112K
  class space    used 6430K, committed 6784K, reserved 1048576K
}
Event: 53.648 GC heap after
{Heap after GC invocations=13 (full 0):
 garbage-first heap   total 146432K, used 34089K [0x0000000089400000, 0x0000000100000000)
  region size 1024K, 1 young (1024K), 1 survivors (1024K)
 Metaspace       used 53789K, committed 54528K, reserved 1114112K
  class space    used 6430K, committed 6784K, reserved 1048576K
}
Event: 53.766 GC heap before
{Heap before GC invocations=13 (full 0):
 garbage-first heap   total 146432K, used 40233K [0x0000000089400000, 0x0000000100000000)
  region size 1024K, 7 young (7168K), 1 survivors (1024K)
 Metaspace       used 53793K, committed 54528K, reserved 1114112K
  class space    used 6430K, committed 6784K, reserved 1048576K
}
Event: 53.958 GC heap after
{Heap after GC invocations=14 (full 0):
 garbage-first heap   total 146432K, used 36428K [0x0000000089400000, 0x0000000100000000)
  region size 1024K, 1 young (1024K), 1 survivors (1024K)
 Metaspace       used 53793K, committed 54528K, reserved 1114112K
  class space    used 6430K, committed 6784K, reserved 1048576K
}
Event: 54.035 GC heap before
{Heap before GC invocations=14 (full 0):
 garbage-first heap   total 146432K, used 42572K [0x0000000089400000, 0x0000000100000000)
  region size 1024K, 7 young (7168K), 1 survivors (1024K)
 Metaspace       used 53808K, committed 54528K, reserved 1114112K
  class space    used 6430K, committed 6784K, reserved 1048576K
}
Event: 54.046 GC heap after
{Heap after GC invocations=15 (full 0):
 garbage-first heap   total 146432K, used 37219K [0x0000000089400000, 0x0000000100000000)
  region size 1024K, 1 young (1024K), 1 survivors (1024K)
 Metaspace       used 53808K, committed 54528K, reserved 1114112K
  class space    used 6430K, committed 6784K, reserved 1048576K
}
Event: 55.979 GC heap before
{Heap before GC invocations=16 (full 0):
 garbage-first heap   total 143360K, used 43363K [0x0000000089400000, 0x0000000100000000)
  region size 1024K, 7 young (7168K), 1 survivors (1024K)
 Metaspace       used 53814K, committed 54528K, reserved 1114112K
  class space    used 6430K, committed 6784K, reserved 1048576K
}
Event: 56.007 GC heap after
{Heap after GC invocations=17 (full 0):
 garbage-first heap   total 143360K, used 37467K [0x0000000089400000, 0x0000000100000000)
  region size 1024K, 1 young (1024K), 1 survivors (1024K)
 Metaspace       used 53814K, committed 54528K, reserved 1114112K
  class space    used 6430K, committed 6784K, reserved 1048576K
}
Event: 56.207 GC heap before
{Heap before GC invocations=17 (full 0):
 garbage-first heap   total 143360K, used 44635K [0x0000000089400000, 0x0000000100000000)
  region size 1024K, 8 young (8192K), 1 survivors (1024K)
 Metaspace       used 53814K, committed 54528K, reserved 1114112K
  class space    used 6430K, committed 6784K, reserved 1048576K
}
Event: 56.227 GC heap after
{Heap after GC invocations=18 (full 0):
 garbage-first heap   total 143360K, used 37143K [0x0000000089400000, 0x0000000100000000)
  region size 1024K, 1 young (1024K), 1 survivors (1024K)
 Metaspace       used 53814K, committed 54528K, reserved 1114112K
  class space    used 6430K, committed 6784K, reserved 1048576K
}
Event: 64.592 GC heap before
{Heap before GC invocations=18 (full 0):
 garbage-first heap   total 143360K, used 78103K [0x0000000089400000, 0x0000000100000000)
  region size 1024K, 42 young (43008K), 1 survivors (1024K)
 Metaspace       used 57268K, committed 57984K, reserved 1114112K
  class space    used 6720K, committed 7040K, reserved 1048576K
}

Dll operation events (3 events):
Event: 0.105 Loaded shared library C:\Program Files\Android\Android Studio\jbr\bin\java.dll
Event: 0.152 Loaded shared library C:\Program Files\Android\Android Studio\jbr\bin\zip.dll
Event: 12.728 Loaded shared library C:\Program Files\Android\Android Studio\jbr\bin\verify.dll

Deoptimization events (20 events):
Event: 64.172 Thread 0x000001ae1f67b340 Uncommon trap: trap_request=0xffffffde fr.pc=0x000001ae2bfcfd50 relative=0x0000000000000af0
Event: 64.172 Thread 0x000001ae1f67b340 Uncommon trap: reason=class_check action=maybe_recompile pc=0x000001ae2bfcfd50 method=org.jetbrains.kotlin.load.java.lazy.descriptors.LazyJavaScope.getFunctionNamesLazy()Ljava/util/Set; @ 13 c2
Event: 64.172 Thread 0x000001ae1f67b340 DEOPT PACKING pc=0x000001ae2bfcfd50 sp=0x00000013ce1fa690
Event: 64.172 Thread 0x000001ae1f67b340 DEOPT UNPACKING pc=0x000001ae2b5d46a2 sp=0x00000013ce1fa5a0 mode 2
Event: 64.172 Thread 0x000001ae1f67b340 Uncommon trap: trap_request=0xffffffde fr.pc=0x000001ae2bfcfd50 relative=0x0000000000000af0
Event: 64.172 Thread 0x000001ae1f67b340 Uncommon trap: reason=class_check action=maybe_recompile pc=0x000001ae2bfcfd50 method=org.jetbrains.kotlin.load.java.lazy.descriptors.LazyJavaScope.getFunctionNamesLazy()Ljava/util/Set; @ 13 c2
Event: 64.172 Thread 0x000001ae1f67b340 DEOPT PACKING pc=0x000001ae2bfcfd50 sp=0x00000013ce1fa690
Event: 64.172 Thread 0x000001ae1f67b340 DEOPT UNPACKING pc=0x000001ae2b5d46a2 sp=0x00000013ce1fa5a0 mode 2
Event: 64.403 Thread 0x000001ae1f67b340 Uncommon trap: trap_request=0xfffffff4 fr.pc=0x000001ae2bfa832c relative=0x00000000000002ac
Event: 64.403 Thread 0x000001ae1f67b340 Uncommon trap: reason=null_check action=make_not_entrant pc=0x000001ae2bfa832c method=org.jetbrains.kotlin.types.KotlinType.equals(Ljava/lang/Object;)Z @ 8 c2
Event: 64.403 Thread 0x000001ae1f67b340 DEOPT PACKING pc=0x000001ae2bfa832c sp=0x00000013ce1fc270
Event: 64.403 Thread 0x000001ae1f67b340 DEOPT UNPACKING pc=0x000001ae2b5d46a2 sp=0x00000013ce1fc210 mode 2
Event: 64.498 Thread 0x000001ae1f67b340 Uncommon trap: trap_request=0xffffffc6 fr.pc=0x000001ae2bfa9000 relative=0x00000000000005a0
Event: 64.499 Thread 0x000001ae1f67b340 Uncommon trap: reason=bimorphic_or_optimized_type_check action=maybe_recompile pc=0x000001ae2bfa9000 method=kotlin.sequences.FlatteningSequence$iterator$1.ensureItemIterator()Z @ 59 c2
Event: 64.499 Thread 0x000001ae1f67b340 DEOPT PACKING pc=0x000001ae2bfa9000 sp=0x00000013ce1fc3e0
Event: 64.499 Thread 0x000001ae1f67b340 DEOPT UNPACKING pc=0x000001ae2b5d46a2 sp=0x00000013ce1fc338 mode 2
Event: 64.550 Thread 0x000001ae1f67b340 Uncommon trap: trap_request=0xffffffc6 fr.pc=0x000001ae2bfa9000 relative=0x00000000000005a0
Event: 64.550 Thread 0x000001ae1f67b340 Uncommon trap: reason=bimorphic_or_optimized_type_check action=maybe_recompile pc=0x000001ae2bfa9000 method=kotlin.sequences.FlatteningSequence$iterator$1.ensureItemIterator()Z @ 59 c2
Event: 64.550 Thread 0x000001ae1f67b340 DEOPT PACKING pc=0x000001ae2bfa9000 sp=0x00000013ce1fc370
Event: 64.551 Thread 0x000001ae1f67b340 DEOPT UNPACKING pc=0x000001ae2b5d46a2 sp=0x00000013ce1fc2c8 mode 2

Classes loaded (20 events):
Event: 19.212 Loading class java/util/stream/ReferencePipeline$2$1
Event: 19.213 Loading class java/util/stream/ReferencePipeline$2$1 done
Event: 19.213 Loading class java/util/stream/IntPipeline$1$1
Event: 19.215 Loading class java/util/stream/Sink$ChainedInt
Event: 19.215 Loading class java/util/stream/Sink$OfInt
Event: 19.216 Loading class java/util/function/IntConsumer
Event: 19.217 Loading class java/util/function/IntConsumer done
Event: 19.217 Loading class java/util/stream/Sink$OfInt done
Event: 19.217 Loading class java/util/stream/Sink$ChainedInt done
Event: 19.217 Loading class java/util/stream/IntPipeline$1$1 done
Event: 19.512 Loading class java/text/StringCharacterIterator
Event: 19.517 Loading class java/text/CharacterIterator
Event: 19.518 Loading class java/text/CharacterIterator done
Event: 19.518 Loading class java/text/StringCharacterIterator done
Event: 59.809 Loading class java/util/Collections$SingletonMap
Event: 59.820 Loading class java/util/Collections$SingletonMap done
Event: 60.024 Loading class java/security/CodeSigner
Event: 60.027 Loading class java/security/CodeSigner done
Event: 60.881 Loading class java/util/RegularEnumSet$EnumSetIterator
Event: 60.884 Loading class java/util/RegularEnumSet$EnumSetIterator done

Classes unloaded (0 events):
No events

Classes redefined (0 events):
No events

Internal exceptions (20 events):
Event: 18.275 Thread 0x000001ae1f67b340 Exception <a 'java/lang/NoSuchMethodError'{0x0000000090bc42a0}: 'java.lang.Object java.lang.invoke.DirectMethodHandle$Holder.newInvokeSpecial(java.lang.Object, java.lang.Object, java.lang.Object, java.lang.Object, java.lang.Object, java.lang.Object, java.lang.Object, java.lang.Object, java.lang.Object, java.lang.Object, java.lang.Object, java.lang.Object, java.lang.Object, java.lang.Object, java.lang.Object, java.lang.Object, java.lang.Object, java.lang.Object, java.lang.Object, java.lang.Object, java.lang
Event: 18.276 Thread 0x000001ae1f67b340 Exception <a 'java/lang/NoSuchMethodError'{0x0000000090bcb1f0}: 'java.lang.Object java.lang.invoke.DirectMethodHandle$Holder.invokeSpecial(java.lang.Object, java.lang.Object, java.lang.Object, java.lang.Object, java.lang.Object, java.lang.Object, java.lang.Object, java.lang.Object, java.lang.Object, java.lang.Object, java.lang.Object, java.lang.Object, java.lang.Object, java.lang.Object, java.lang.Object, java.lang.Object, java.lang.Object, java.lang.Object, java.lang.Object, java.lang.Object, java.lang.Ob
Event: 18.276 Thread 0x000001ae1f67b340 Exception <a 'java/lang/NoSuchMethodError'{0x0000000090bd0948}: 'java.lang.Object java.lang.invoke.DelegatingMethodHandle$Holder.reinvoke_L(java.lang.Object, java.lang.Object, java.lang.Object, java.lang.Object, java.lang.Object, java.lang.Object, java.lang.Object, java.lang.Object, java.lang.Object, java.lang.Object, java.lang.Object, java.lang.Object, java.lang.Object, java.lang.Object, java.lang.Object, java.lang.Object, java.lang.Object, java.lang.Object, java.lang.Object, java.lang.Object, java.lang.O
Event: 18.281 Thread 0x000001ae1f67b340 Exception <a 'java/lang/NoSuchMethodError'{0x000000008eb9c9c0}: 'java.lang.Object java.lang.invoke.DirectMethodHandle$Holder.invokeStatic(java.lang.Object, java.lang.Object, java.lang.Object, java.lang.Object, java.lang.Object, java.lang.Object, java.lang.Object, java.lang.Object, java.lang.Object, java.lang.Object, java.lang.Object, java.lang.Object, java.lang.Object, java.lang.Object, java.lang.Object, java.lang.Object, java.lang.Object, java.lang.Object, java.lang.Object, java.lang.Object, java.lang.Obj
Event: 18.283 Thread 0x000001ae1f67b340 Exception <a 'java/lang/NoSuchMethodError'{0x000000008ebcea58}: 'java.lang.Object java.lang.invoke.DirectMethodHandle$Holder.invokeStatic(java.lang.Object, java.lang.Object, java.lang.Object, java.lang.Object, java.lang.Object, java.lang.Object, java.lang.Object, java.lang.Object, java.lang.Object, java.lang.Object, java.lang.Object, java.lang.Object, java.lang.Object, java.lang.Object, java.lang.Object, java.lang.Object, java.lang.Object, java.lang.Object, java.lang.Object, java.lang.Object, java.lang.Obj
Event: 18.292 Thread 0x000001ae1f67b340 Exception <a 'java/lang/NoSuchMethodError'{0x000000008ea3f440}: 'java.lang.Object java.lang.invoke.DirectMethodHandle$Holder.newInvokeSpecial(java.lang.Object, java.lang.Object, java.lang.Object, java.lang.Object, java.lang.Object, java.lang.Object, java.lang.Object, java.lang.Object, java.lang.Object, java.lang.Object, java.lang.Object, java.lang.Object, java.lang.Object)'> (0x000000008ea3f440) 
thrown [s\src\hotspot\share\interpreter\linkResolver.cpp, line 784]
Event: 18.293 Thread 0x000001ae1f67b340 Exception <a 'java/lang/NoSuchMethodError'{0x000000008ea44390}: 'java.lang.Object java.lang.invoke.DirectMethodHandle$Holder.invokeSpecial(java.lang.Object, java.lang.Object, java.lang.Object, java.lang.Object, java.lang.Object, java.lang.Object, java.lang.Object, java.lang.Object, java.lang.Object, java.lang.Object, java.lang.Object, java.lang.Object, java.lang.Object, java.lang.Object)'> (0x000000008ea44390) 
thrown [s\src\hotspot\share\interpreter\linkResolver.cpp, line 784]
Event: 18.293 Thread 0x000001ae1f67b340 Exception <a 'java/lang/NoSuchMethodError'{0x000000008ea488c0}: 'java.lang.Object java.lang.invoke.DelegatingMethodHandle$Holder.reinvoke_L(java.lang.Object, java.lang.Object, java.lang.Object, java.lang.Object, java.lang.Object, java.lang.Object, java.lang.Object, java.lang.Object, java.lang.Object, java.lang.Object, java.lang.Object, java.lang.Object, java.lang.Object)'> (0x000000008ea488c0) 
thrown [s\src\hotspot\share\interpreter\linkResolver.cpp, line 784]
Event: 18.502 Thread 0x000001ae1f67b340 Exception <a 'java/lang/NoSuchMethodError'{0x000000008cb3f0c8}: 'java.lang.Object java.lang.invoke.DirectMethodHandle$Holder.newInvokeSpecial(java.lang.Object, java.lang.Object, int)'> (0x000000008cb3f0c8) 
thrown [s\src\hotspot\share\interpreter\linkResolver.cpp, line 784]
Event: 18.606 Thread 0x000001ae1f67b340 Implicit null exception at 0x000001ae2be254fe to 0x000001ae2be255f8
Event: 18.618 Thread 0x000001ae1f67b340 Implicit null exception at 0x000001ae2be2875a to 0x000001ae2be28858
Event: 18.674 Thread 0x000001ae1f67b340 Exception <a 'java/lang/NoSuchMethodError'{0x000000008c8d87f8}: 'java.lang.Object java.lang.invoke.DirectMethodHandle$Holder.newInvokeSpecial(java.lang.Object, java.lang.Object, java.lang.Object, int)'> (0x000000008c8d87f8) 
thrown [s\src\hotspot\share\interpreter\linkResolver.cpp, line 784]
Event: 18.675 Thread 0x000001ae1f67b340 Exception <a 'java/lang/NoSuchMethodError'{0x000000008c8dc928}: 'java.lang.Object java.lang.invoke.DirectMethodHandle$Holder.invokeSpecial(java.lang.Object, java.lang.Object, java.lang.Object, java.lang.Object, int)'> (0x000000008c8dc928) 
thrown [s\src\hotspot\share\interpreter\linkResolver.cpp, line 784]
Event: 18.675 Thread 0x000001ae1f67b340 Exception <a 'java/lang/NoSuchMethodError'{0x000000008c8e0060}: 'java.lang.Object java.lang.invoke.Invokers$Holder.linkToTargetMethod(java.lang.Object, java.lang.Object, int, java.lang.Object)'> (0x000000008c8e0060) 
thrown [s\src\hotspot\share\interpreter\linkResolver.cpp, line 784]
Event: 60.866 Thread 0x000001ae1f67b340 Exception <a 'java/lang/NoSuchMethodError'{0x000000009161cfe8}: 'java.lang.Object java.lang.invoke.DirectMethodHandle$Holder.invokeSpecial(java.lang.Object, java.lang.Object, java.lang.Object, java.lang.Object, java.lang.Object, java.lang.Object, int)'> (0x000000009161cfe8) 
thrown [s\src\hotspot\share\interpreter\linkResolver.cpp, line 784]
Event: 62.059 Thread 0x000001ae1f67b340 Exception <a 'java/lang/NoSuchMethodError'{0x0000000090b389f8}: 'java.lang.Object java.lang.invoke.DirectMethodHandle$Holder.invokeStaticInit(java.lang.Object, java.lang.Object, java.lang.Object)'> (0x0000000090b389f8) 
thrown [s\src\hotspot\share\interpreter\linkResolver.cpp, line 784]
Event: 63.736 Thread 0x000001ae1f67b340 Exception <a 'java/lang/NoSuchMethodError'{0x000000008f5e6470}: 'int java.lang.invoke.DirectMethodHandle$Holder.invokeStaticInit(java.lang.Object, int)'> (0x000000008f5e6470) 
thrown [s\src\hotspot\share\interpreter\linkResolver.cpp, line 784]
Event: 64.048 Thread 0x000001ae1f67b340 Implicit null exception at 0x000001ae2bfbe859 to 0x000001ae2bfbec18
Event: 64.171 Thread 0x000001ae1f67b340 Implicit null exception at 0x000001ae2bfbf315 to 0x000001ae2bfbf534
Event: 64.403 Thread 0x000001ae1f67b340 Implicit null exception at 0x000001ae2bfa80ca to 0x000001ae2bfa831c

ZGC Phase Switch (0 events):
No events

VM Operations (20 events):
Event: 60.111 Executing VM operation: RendezvousGCThreads done
Event: 61.112 Executing VM operation: Cleanup
Event: 61.114 Executing VM operation: Cleanup done
Event: 62.114 Executing VM operation: Cleanup
Event: 62.146 Executing VM operation: Cleanup done
Event: 62.711 Executing VM operation: ICBufferFull
Event: 62.712 Executing VM operation: ICBufferFull done
Event: 62.816 Executing VM operation: ICBufferFull
Event: 62.816 Executing VM operation: ICBufferFull done
Event: 62.922 Executing VM operation: HandshakeAllThreads (Deoptimize)
Event: 62.924 Executing VM operation: HandshakeAllThreads (Deoptimize) done
Event: 62.983 Executing VM operation: ICBufferFull
Event: 62.984 Executing VM operation: ICBufferFull done
Event: 63.142 Executing VM operation: ICBufferFull
Event: 63.142 Executing VM operation: ICBufferFull done
Event: 63.315 Executing VM operation: ICBufferFull
Event: 63.316 Executing VM operation: ICBufferFull done
Event: 63.870 Executing VM operation: HandshakeAllThreads (Deoptimize)
Event: 63.871 Executing VM operation: HandshakeAllThreads (Deoptimize) done
Event: 64.589 Executing VM operation: G1CollectForAllocation (G1 Evacuation Pause)

Events (20 events):
Event: 55.033 Thread 0x000001ae396994a0 flushing nmethod 0x000001ae24161d90
Event: 55.033 Thread 0x000001ae396994a0 flushing nmethod 0x000001ae24153710
Event: 55.034 Thread 0x000001ae396994a0 flushing nmethod 0x000001ae24152290
Event: 55.035 Thread 0x000001ae396994a0 flushing nmethod 0x000001ae24150b90
Event: 55.035 Thread 0x000001ae396994a0 flushing nmethod 0x000001ae24141c10
Event: 55.035 Thread 0x000001ae396994a0 flushing nmethod 0x000001ae2bd9b610
Event: 55.036 Thread 0x000001ae396994a0 flushing nmethod 0x000001ae2bd91690
Event: 55.036 Thread 0x000001ae396994a0 flushing nmethod 0x000001ae2bd8e790
Event: 55.037 Thread 0x000001ae396994a0 flushing nmethod 0x000001ae2bdb9f90
Event: 55.037 Thread 0x000001ae396994a0 flushing nmethod 0x000001ae2bd99610
Event: 55.039 Thread 0x000001ae396994a0 flushing nmethod 0x000001ae2bd9f590
Event: 55.039 Thread 0x000001ae396994a0 flushing nmethod 0x000001ae2bd9f210
Event: 55.039 Thread 0x000001ae396994a0 flushing nmethod 0x000001ae2bd92d90
Event: 55.040 Thread 0x000001ae396994a0 flushing nmethod 0x000001ae2bd5b690
Event: 55.040 Thread 0x000001ae396994a0 flushing nmethod 0x000001ae2bd57810
Event: 55.041 Thread 0x000001ae396994a0 flushing nmethod 0x000001ae2bcec090
Event: 55.041 Thread 0x000001ae396994a0 flushing nmethod 0x000001ae2bcebc10
Event: 55.041 Thread 0x000001ae396994a0 flushing nmethod 0x000001ae2bcea190
Event: 55.041 Thread 0x000001ae396994a0 flushing nmethod 0x000001ae2bcf2110
Event: 55.041 Thread 0x000001ae396994a0 flushing nmethod 0x000001ae2bcf1510


Dynamic libraries:
0x00007ff622ae0000 - 0x00007ff622aea000 	C:\Program Files\Android\Android Studio\jbr\bin\java.exe
0x00007fff7e990000 - 0x00007fff7eb88000 	C:\Windows\SYSTEM32\ntdll.dll
0x00007fff7e010000 - 0x00007fff7e0d2000 	C:\Windows\System32\KERNEL32.DLL
0x00007fff7c300000 - 0x00007fff7c5fe000 	C:\Windows\System32\KERNELBASE.dll
0x00007fff7c600000 - 0x00007fff7c700000 	C:\Windows\System32\ucrtbase.dll
0x00007fff77430000 - 0x00007fff77448000 	C:\Program Files\Android\Android Studio\jbr\bin\jli.dll
0x00007fff748b0000 - 0x00007fff748cb000 	C:\Program Files\Android\Android Studio\jbr\bin\VCRUNTIME140.dll
0x00007fff7e6f0000 - 0x00007fff7e88d000 	C:\Windows\System32\USER32.dll
0x00007fff7c2d0000 - 0x00007fff7c2f2000 	C:\Windows\System32\win32u.dll
0x00007fff7d550000 - 0x00007fff7d57b000 	C:\Windows\System32\GDI32.dll
0x00007fff69b00000 - 0x00007fff69d9a000 	C:\Windows\WinSxS\amd64_microsoft.windows.common-controls_6595b64144ccf1df_6.0.19041.4355_none_60b8b9eb71f62e16\COMCTL32.dll
0x00007fff7c700000 - 0x00007fff7c817000 	C:\Windows\System32\gdi32full.dll
0x00007fff7c8a0000 - 0x00007fff7c93d000 	C:\Windows\System32\msvcp_win.dll
0x00007fff7daa0000 - 0x00007fff7db3e000 	C:\Windows\System32\msvcrt.dll
0x00007fff7e2d0000 - 0x00007fff7e2ff000 	C:\Windows\System32\IMM32.DLL
0x00007fff77f00000 - 0x00007fff77f0c000 	C:\Program Files\Android\Android Studio\jbr\bin\vcruntime140_1.dll
0x00007fff48700000 - 0x00007fff4878d000 	C:\Program Files\Android\Android Studio\jbr\bin\msvcp140.dll
0x00007fff3e2e0000 - 0x00007fff3ef5d000 	C:\Program Files\Android\Android Studio\jbr\bin\server\jvm.dll
0x00007fff7e0e0000 - 0x00007fff7e191000 	C:\Windows\System32\ADVAPI32.dll
0x00007fff7d3e0000 - 0x00007fff7d47f000 	C:\Windows\System32\sechost.dll
0x00007fff7dd50000 - 0x00007fff7de73000 	C:\Windows\System32\RPCRT4.dll
0x00007fff7c870000 - 0x00007fff7c897000 	C:\Windows\System32\bcrypt.dll
0x00007fff7de80000 - 0x00007fff7deeb000 	C:\Windows\System32\WS2_32.dll
0x00007fff7b570000 - 0x00007fff7b5bb000 	C:\Windows\SYSTEM32\POWRPROF.dll
0x00007fff73310000 - 0x00007fff73337000 	C:\Windows\SYSTEM32\WINMM.dll
0x00007fff74f00000 - 0x00007fff74f0a000 	C:\Windows\SYSTEM32\VERSION.dll
0x00007fff7b430000 - 0x00007fff7b442000 	C:\Windows\SYSTEM32\UMPDC.dll
0x00007fff7a850000 - 0x00007fff7a862000 	C:\Windows\SYSTEM32\kernel.appcore.dll
0x00007fff77e70000 - 0x00007fff77e7a000 	C:\Program Files\Android\Android Studio\jbr\bin\jimage.dll
0x00007fff79e20000 - 0x00007fff7a004000 	C:\Windows\SYSTEM32\DBGHELP.DLL
0x00007fff6a470000 - 0x00007fff6a4a4000 	C:\Windows\SYSTEM32\dbgcore.DLL
0x00007fff7c030000 - 0x00007fff7c0b2000 	C:\Windows\System32\bcryptPrimitives.dll
0x00007fff6ce90000 - 0x00007fff6ceaf000 	C:\Program Files\Android\Android Studio\jbr\bin\java.dll
0x00007fff6cc90000 - 0x00007fff6cca8000 	C:\Program Files\Android\Android Studio\jbr\bin\zip.dll
0x00007fff7c9b0000 - 0x00007fff7d11d000 	C:\Windows\System32\SHELL32.dll
0x00007fff7a010000 - 0x00007fff7a7b4000 	C:\Windows\SYSTEM32\windows.storage.dll
0x00007fff7e300000 - 0x00007fff7e653000 	C:\Windows\System32\combase.dll
0x00007fff7ba60000 - 0x00007fff7ba8e000 	C:\Windows\SYSTEM32\Wldp.dll
0x00007fff7d480000 - 0x00007fff7d54d000 	C:\Windows\System32\OLEAUT32.dll
0x00007fff7d9f0000 - 0x00007fff7da9d000 	C:\Windows\System32\SHCORE.dll
0x00007fff7d120000 - 0x00007fff7d175000 	C:\Windows\System32\shlwapi.dll
0x00007fff7bf60000 - 0x00007fff7bf84000 	C:\Windows\SYSTEM32\profapi.dll
0x00007fff778f0000 - 0x00007fff77900000 	C:\Program Files\Android\Android Studio\jbr\bin\net.dll
0x00007fff78530000 - 0x00007fff7863d000 	C:\Windows\SYSTEM32\WINHTTP.dll
0x00007fff7b7c0000 - 0x00007fff7b82a000 	C:\Windows\system32\mswsock.dll
0x00007fff68830000 - 0x00007fff68846000 	C:\Program Files\Android\Android Studio\jbr\bin\nio.dll
0x00007fff748a0000 - 0x00007fff748b0000 	C:\Program Files\Android\Android Studio\jbr\bin\verify.dll

dbghelp: loaded successfully - version: 4.0.5 - missing functions: none
symbol engine: initialized successfully - sym options: 0x614 - pdb path: .;C:\Program Files\Android\Android Studio\jbr\bin;C:\Windows\SYSTEM32;C:\Windows\WinSxS\amd64_microsoft.windows.common-controls_6595b64144ccf1df_6.0.19041.4355_none_60b8b9eb71f62e16;C:\Program Files\Android\Android Studio\jbr\bin\server

VM Arguments:
java_command: org.jetbrains.kotlin.cli.jvm.K2JVMCompiler @C:\Users\Gbolzyb\AndroidStudioProjects\MADProject\app\build\20250307_1599617046319422356.compiler.options
java_class_path (initial): C:\Users\Gbolzyb\.gradle\caches\modules-2\files-2.1\org.jetbrains.kotlin\kotlin-compiler-embeddable\1.9.10\57ca1b0823ae3ecb451a97e1f8e6de0b19ea5294\kotlin-compiler-embeddable-1.9.10.jar;C:\Users\Gbolzyb\.gradle\caches\modules-2\files-2.1\org.jetbrains.kotlin\kotlin-stdlib\1.9.10\72812e8a368917ab5c0a5081b56915ffdfec93b7\kotlin-stdlib-1.9.10.jar;C:\Users\Gbolzyb\.gradle\caches\modules-2\files-2.1\org.jetbrains.kotlin\kotlin-script-runtime\1.9.10\398513a8534701579cccaf5953ea914416b4696c\kotlin-script-runtime-1.9.10.jar;C:\Users\Gbolzyb\.gradle\caches\modules-2\files-2.1\org.jetbrains.kotlin\kotlin-reflect\1.6.10\1cbe9c92c12a94eea200d23c2bbaedaf3daf5132\kotlin-reflect-1.6.10.jar;C:\Users\Gbolzyb\.gradle\caches\modules-2\files-2.1\org.jetbrains.kotlin\kotlin-daemon-embeddable\1.9.10\bda2f7daa6b89d2ded2d9e1e0b0cadaf9446ade1\kotlin-daemon-embeddable-1.9.10.jar;C:\Users\Gbolzyb\.gradle\caches\modules-2\files-2.1\org.jetbrains.intellij.deps\trove4j\1.0.20200330\3afb14d5f9ceb459d724e907a21145e8ff394f02\trove4j-1.0.20200330.jar;C:\Users\Gbolzyb\.gradle\caches\modules-2\files-2.1\org.jetbrains.kotlin\kotlin-stdlib-common\1.9.10\dafaf2c27f27c09220cee312df10917d9a5d97ce\kotlin-stdlib-common-1.9.10.jar;C:\Users\Gbolzyb\.gradle\caches\modules-2\files-2.1\org.jetbrains\annotations\13.0\919f0dfe192fb4e063e7dacadee7f8bb9a2672a9\annotations-13.0.jar
Launcher Type: SUN_STANDARD

[Global flags]
     intx CICompilerCount                          = 12                                        {product} {ergonomic}
     uint ConcGCThreads                            = 3                                         {product} {ergonomic}
     uint G1ConcRefinementThreads                  = 13                                        {product} {ergonomic}
   size_t G1HeapRegionSize                         = 1048576                                   {product} {ergonomic}
    uintx GCDrainStackTargetSize                   = 64                                        {product} {ergonomic}
   size_t InitialHeapSize                          = 125829120                                 {product} {ergonomic}
   size_t MarkStackSize                            = 4194304                                   {product} {ergonomic}
   size_t MaxHeapSize                              = 1992294400                                {product} {ergonomic}
   size_t MaxNewSize                               = 1195376640                                {product} {ergonomic}
   size_t MinHeapDeltaBytes                        = 1048576                                   {product} {ergonomic}
   size_t MinHeapSize                              = 8388608                                   {product} {ergonomic}
    uintx NonNMethodCodeHeapSize                   = 7602480                                {pd product} {ergonomic}
    uintx NonProfiledCodeHeapSize                  = 122027880                              {pd product} {ergonomic}
    uintx ProfiledCodeHeapSize                     = 122027880                              {pd product} {ergonomic}
    uintx ReservedCodeCacheSize                    = 251658240                              {pd product} {ergonomic}
     bool SegmentedCodeCache                       = true                                      {product} {ergonomic}
   size_t SoftMaxHeapSize                          = 1992294400                             {manageable} {ergonomic}
     bool UseCompressedOops                        = true                           {product lp64_product} {ergonomic}
     bool UseG1GC                                  = true                                      {product} {ergonomic}
     bool UseLargePagesIndividualAllocation        = false                                  {pd product} {ergonomic}

Logging:
Log output configuration:
 #0: stdout all=warning uptime,level,tags foldmultilines=false
 #1: stderr all=off uptime,level,tags foldmultilines=false

Environment Variables:
PATH=C:\Program Files (x86)\Common Files\Oracle\Java\java8path;C:\Program Files (x86)\Common Files\Oracle\Java\javapath;C:\Python312\Scripts\;C:\Python312\;C:\Windows\system32;C:\Windows;C:\Windows\System32\Wbem;C:\Windows\System32\WindowsPowerShell\v1.0\;C:\Windows\System32\OpenSSH\;C:\Program Files (x86)\NVIDIA Corporation\PhysX\Common;C:\Program Files\NVIDIA Corporation\NVIDIA NvDLISR;C:\Program Files\dotnet\;C:\Program Files (x86)\dotnet\;C:\Program Files\nodejs\;C:\ProgramData\chocolatey\bin;C:\Users\Gbolzyb\AppData\Local\Microsoft\WindowsApps;C:\Users\Gbolzyb\AppData\Local\Programs\Microsoft VS Code\bin;C:\Program Files\nodejs\;C:\Users\Gbolzyb\AppData\Local\GitHubDesktop\bin;C:\Users\Gbolzyb\AppData\Roaming\npm
USERNAME=Gbolzyb
OS=Windows_NT
PROCESSOR_IDENTIFIER=AMD64 Family 23 Model 96 Stepping 1, AuthenticAMD
TMP=C:\Users\Gbolzyb\AppData\Local\Temp
TEMP=C:\Users\Gbolzyb\AppData\Local\Temp




Periodic native trim disabled

JNI global refs:
JNI global refs: 17, weak refs: 0

JNI global refs memory usage: 835, weak refs: 833

Process memory usage:
Resident Set Size: 56196K (0% of 7781696K total physical memory with 52044K free physical memory)

OOME stack traces (most recent first):
Classloader memory used:
Loader jdk.internal.loader.ClassLoaders$AppClassLoader                                 : 44713K
Loader bootstrap                                                                       : 12312K
Loader java.net.URLClassLoader                                                         : 242K

---------------  S Y S T E M  ---------------

OS:
 Windows 10 , 64 bit Build 19041 (10.0.19041.5198)
OS uptime: 13 days 23:05 hours

CPU: total 16 (initial active 16) (16 cores per cpu, 2 threads per core) family 23 model 96 stepping 1 microcode 0x0, cx8, cmov, fxsr, ht, mmx, 3dnowpref, sse, sse2, sse3, ssse3, sse4a, sse4.1, sse4.2, popcnt, lzcnt, tsc, tscinvbit, avx, avx2, aes, clmul, bmi1, bmi2, adx, sha, fma, vzeroupper, clflush, clflushopt, rdtscp, rdpid, f16c
Processor Information for all 16 processors :
  Max Mhz: 2901, Current Mhz: 2901, Mhz Limit: 2901

Memory: 4k page, system-wide physical 7599M (58M free)
TotalPageFile size 31151M (AvailPageFile size 51M)
current process WorkingSet (physical memory assigned to process): 18M, peak: 123M
current process commit charge ("private bytes"): 337M, peak: 604M

vm_info: OpenJDK 64-Bit Server VM (21.0.3+-12282718-b509.11) for windows-amd64 JRE (21.0.3+-12282718-b509.11), built on 2024-08-27T17:34:15Z by "builder" with MS VC++ 16.10 / 16.11 (VS2019)

END.
